#
# There is insufficient memory for the Java Runtime Environment to continue.
# Native memory allocation (malloc) failed to allocate 842256 bytes for Chunk::new
# Possible reasons:
#   The system is out of physical RAM or swap space
#   The process is running with CompressedOops enabled, and the Java Heap may be blocking the growth of the native heap
# Possible solutions:
#   Reduce memory load on the system
#   Increase physical memory or swap space
#   Check if swap backing store is full
#   Decrease Java heap size (-Xmx/-Xms)
#   Decrease number of Java threads
#   Decrease Java thread stack sizes (-Xss)
#   Set larger code cache with -XX:ReservedCodeCacheSize=
#   JVM is running with Unscaled Compressed Oops mode in which the Java heap is
#     placed in the first 4GB address space. The Java Heap base address is the
#     maximum limit for the native heap growth. Please use -XX:HeapBaseMinAddress
#     to set the Java Heap base and to place the Java Heap above 4GB virtual address.
# This output file may be truncated or incomplete.
#
#  Out of Memory Error (arena.cpp:189), pid=24244, tid=23948
#
# JRE version: OpenJDK Runtime Environment (17.0.6) (build 17.0.6+0-b2043.56-10027231)
# Java VM: OpenJDK 64-Bit Server VM (17.0.6+0-b2043.56-10027231, mixed mode, tiered, compressed oops, compressed class ptrs, g1 gc, windows-amd64)
# No core dump will be written. Minidumps are not enabled by default on client versions of Windows
#

---------------  S U M M A R Y ------------

Command Line: --add-opens=java.base/java.util=ALL-UNNAMED --add-opens=java.base/java.lang=ALL-UNNAMED --add-opens=java.base/java.lang.invoke=ALL-UNNAMED --add-opens=java.prefs/java.util.prefs=ALL-UNNAMED --add-opens=java.base/java.nio.charset=ALL-UNNAMED --add-opens=java.base/java.net=ALL-UNNAMED --add-opens=java.base/java.util.concurrent.atomic=ALL-UNNAMED -Xmx2048m -Dfile.encoding=UTF-8 -Duser.country=US -Duser.language=en -Duser.variant org.gradle.launcher.daemon.bootstrap.GradleDaemon 8.0

Host: Intel(R) Core(TM) i7-8565U CPU @ 1.80GHz, 8 cores, 7G,  Windows 10 , 64 bit Build 19041 (10.0.19041.3155)
Time: Sat Aug 12 09:43:16 2023 Pakistan Standard Time elapsed time: 6.684367 seconds (0d 0h 0m 6s)

---------------  T H R E A D  ---------------

Current thread (0x00000175e2254770):  JavaThread "C2 CompilerThread0" daemon [_thread_in_native, id=23948, stack(0x0000002081f00000,0x0000002082000000)]


Current CompileTask:
C2:   6684 3910       4       org.objectweb.asm.Frame::execute (2318 bytes)

Stack: [0x0000002081f00000,0x0000002082000000]
Native frames: (J=compiled Java code, j=interpreted, Vv=VM code, C=native code)
V  [jvm.dll+0x683c9a]
V  [jvm.dll+0x8427a4]
V  [jvm.dll+0x843f9e]
V  [jvm.dll+0x844603]
V  [jvm.dll+0x249b75]
V  [jvm.dll+0xabcac]
V  [jvm.dll+0xac27c]
V  [jvm.dll+0x2b0eef]
V  [jvm.dll+0x58a267]
V  [jvm.dll+0x2243b2]
V  [jvm.dll+0x21ddf4]
V  [jvm.dll+0x21b51b]
V  [jvm.dll+0x1a4fdd]
V  [jvm.dll+0x22b098]
V  [jvm.dll+0x229159]
V  [jvm.dll+0x7f81ec]
V  [jvm.dll+0x7f274a]
V  [jvm.dll+0x682ad5]
C  [ucrtbase.dll+0x21bb2]
C  [KERNEL32.DLL+0x17614]
C  [ntdll.dll+0x526b1]


---------------  P R O C E S S  ---------------

Threads class SMR info:
_java_thread_list=0x00000175e5be24d0, length=41, elements={
0x00000175c83eca10, 0x00000175e2266610, 0x00000175e22304a0, 0x00000175e224e660,
0x00000175e2251b50, 0x00000175e2252020, 0x00000175e22524f0, 0x00000175e2254770,
0x00000175e2c2c0c0, 0x00000175e2c2c5d0, 0x00000175e2dd10a0, 0x00000175e2dbc710,
0x00000175e4296410, 0x00000175e44521c0, 0x00000175e42ec1c0, 0x00000175e4544350,
0x00000175e50088c0, 0x00000175e519c550, 0x00000175e519ca20, 0x00000175e5199530,
0x00000175e519b6e0, 0x00000175e5199060, 0x00000175e519a870, 0x00000175e5199ed0,
0x00000175e519bbb0, 0x00000175e5199a00, 0x00000175e519a3a0, 0x00000175e519c080,
0x00000175e519ad40, 0x00000175e519b210, 0x00000175e5e6ffd0, 0x00000175e5e6de20,
0x00000175e5e6f630, 0x00000175e5e6fb00, 0x00000175e5e6e2f0, 0x00000175e5e6e7c0,
0x00000175e5e704a0, 0x00000175e5e6f160, 0x00000175e5e6d950, 0x00000175e5e6cfb0,
0x00000175e5e6d480
}

Java Threads: ( => current thread )
  0x00000175c83eca10 JavaThread "main" [_thread_blocked, id=8524, stack(0x0000002081200000,0x0000002081300000)]
  0x00000175e2266610 JavaThread "Reference Handler" daemon [_thread_blocked, id=17912, stack(0x0000002081900000,0x0000002081a00000)]
  0x00000175e22304a0 JavaThread "Finalizer" daemon [_thread_blocked, id=1648, stack(0x0000002081a00000,0x0000002081b00000)]
  0x00000175e224e660 JavaThread "Signal Dispatcher" daemon [_thread_blocked, id=17052, stack(0x0000002081b00000,0x0000002081c00000)]
  0x00000175e2251b50 JavaThread "Attach Listener" daemon [_thread_blocked, id=24040, stack(0x0000002081c00000,0x0000002081d00000)]
  0x00000175e2252020 JavaThread "Service Thread" daemon [_thread_blocked, id=18340, stack(0x0000002081d00000,0x0000002081e00000)]
  0x00000175e22524f0 JavaThread "Monitor Deflation Thread" daemon [_thread_blocked, id=22984, stack(0x0000002081e00000,0x0000002081f00000)]
=>0x00000175e2254770 JavaThread "C2 CompilerThread0" daemon [_thread_in_native, id=23948, stack(0x0000002081f00000,0x0000002082000000)]
  0x00000175e2c2c0c0 JavaThread "C1 CompilerThread0" daemon [_thread_blocked, id=23644, stack(0x0000002082000000,0x0000002082100000)]
  0x00000175e2c2c5d0 JavaThread "Sweeper thread" daemon [_thread_blocked, id=18280, stack(0x0000002082100000,0x0000002082200000)]
  0x00000175e2dd10a0 JavaThread "Common-Cleaner" daemon [_thread_blocked, id=14400, stack(0x0000002082200000,0x0000002082300000)]
  0x00000175e2dbc710 JavaThread "Notification Thread" daemon [_thread_blocked, id=7052, stack(0x0000002082300000,0x0000002082400000)]
  0x00000175e4296410 JavaThread "Daemon health stats" [_thread_blocked, id=24636, stack(0x0000002082900000,0x0000002082a00000)]
  0x00000175e44521c0 JavaThread "Incoming local TCP Connector on port 56193" [_thread_in_native, id=24176, stack(0x0000002082a00000,0x0000002082b00000)]
  0x00000175e42ec1c0 JavaThread "Daemon periodic checks" [_thread_blocked, id=24784, stack(0x0000002082b00000,0x0000002082c00000)]
  0x00000175e4544350 JavaThread "Daemon" [_thread_blocked, id=14996, stack(0x0000002082c00000,0x0000002082d00000)]
  0x00000175e50088c0 JavaThread "Handler for socket connection from /127.0.0.1:56193 to /127.0.0.1:56194" [_thread_in_native, id=25144, stack(0x0000002082d00000,0x0000002082e00000)]
  0x00000175e519c550 JavaThread "Cancel handler" [_thread_blocked, id=23292, stack(0x0000002082e00000,0x0000002082f00000)]
  0x00000175e519ca20 JavaThread "Daemon worker" [_thread_in_native, id=25012, stack(0x0000002082f00000,0x0000002083000000)]
  0x00000175e5199530 JavaThread "Asynchronous log dispatcher for DefaultDaemonConnection: socket connection from /127.0.0.1:56193 to /127.0.0.1:56194" [_thread_blocked, id=24184, stack(0x0000002083000000,0x0000002083100000)]
  0x00000175e519b6e0 JavaThread "Stdin handler" [_thread_blocked, id=24852, stack(0x0000002083100000,0x0000002083200000)]
  0x00000175e5199060 JavaThread "Daemon client event forwarder" [_thread_blocked, id=17568, stack(0x0000002083200000,0x0000002083300000)]
  0x00000175e519a870 JavaThread "Cache worker for journal cache (C:\Users\Zunair\.gradle\caches\journal-1)" [_thread_blocked, id=23140, stack(0x0000002083700000,0x0000002083800000)]
  0x00000175e5199ed0 JavaThread "File lock request listener" [_thread_in_native, id=20676, stack(0x0000002083800000,0x0000002083900000)]
  0x00000175e519bbb0 JavaThread "Cache worker for file hash cache (C:\Users\Zunair\.gradle\caches\8.0\fileHashes)" [_thread_blocked, id=20948, stack(0x0000002083900000,0x0000002083a00000)]
  0x00000175e5199a00 JavaThread "File watcher server" daemon [_thread_in_native, id=6552, stack(0x0000002083a00000,0x0000002083b00000)]
  0x00000175e519a3a0 JavaThread "File watcher consumer" daemon [_thread_blocked, id=19880, stack(0x0000002083b00000,0x0000002083c00000)]
  0x00000175e519c080 JavaThread "jar transforms" [_thread_blocked, id=11212, stack(0x0000002083c00000,0x0000002083d00000)]
  0x00000175e519ad40 JavaThread "jar transforms Thread 2" [_thread_blocked, id=4864, stack(0x0000002083d00000,0x0000002083e00000)]
  0x00000175e519b210 JavaThread "jar transforms Thread 3" [_thread_blocked, id=9132, stack(0x0000002083e00000,0x0000002083f00000)]
  0x00000175e5e6ffd0 JavaThread "jar transforms Thread 4" [_thread_blocked, id=8692, stack(0x0000002083f00000,0x0000002084000000)]
  0x00000175e5e6de20 JavaThread "jar transforms Thread 5" [_thread_blocked, id=9152, stack(0x0000002084000000,0x0000002084100000)]
  0x00000175e5e6f630 JavaThread "jar transforms Thread 6" [_thread_blocked, id=3232, stack(0x0000002084100000,0x0000002084200000)]
  0x00000175e5e6fb00 JavaThread "jar transforms Thread 7" [_thread_blocked, id=13084, stack(0x0000002084200000,0x0000002084300000)]
  0x00000175e5e6e2f0 JavaThread "jar transforms Thread 8" [_thread_blocked, id=24064, stack(0x0000002084300000,0x0000002084400000)]
  0x00000175e5e6e7c0 JavaThread "Cache worker for checksums cache (F:\Android Studio Projects\.gradle\8.0\checksums)" [_thread_blocked, id=8720, stack(0x0000002084400000,0x0000002084500000)]
  0x00000175e5e704a0 JavaThread "Cache worker for cache directory md-rule (C:\Users\Zunair\.gradle\caches\8.0\md-rule)" [_thread_blocked, id=17128, stack(0x0000002084500000,0x0000002084600000)]
  0x00000175e5e6f160 JavaThread "Cache worker for file content cache (C:\Users\Zunair\.gradle\caches\8.0\fileContent)" [_thread_blocked, id=12360, stack(0x0000002084600000,0x0000002084700000)]
  0x00000175e5e6d950 JavaThread "Cache worker for file hash cache (F:\Android Studio Projects\.gradle\8.0\fileHashes)" [_thread_blocked, id=14356, stack(0x0000002084700000,0x0000002084800000)]
  0x00000175e5e6cfb0 JavaThread "Cache worker for cache directory md-supplier (C:\Users\Zunair\.gradle\caches\8.0\md-supplier)" [_thread_blocked, id=11940, stack(0x0000002084800000,0x0000002084900000)]
  0x00000175e5e6d480 JavaThread "Cache worker for execution history cache (C:\Users\Zunair\.gradle\caches\8.0\executionHistory)" [_thread_blocked, id=14984, stack(0x0000002084900000,0x0000002084a00000)]

Other Threads:
  0x00000175e222c2b0 VMThread "VM Thread" [stack: 0x0000002081800000,0x0000002081900000] [id=11840]
  0x00000175e2de91c0 WatcherThread [stack: 0x0000002082400000,0x0000002082500000] [id=24612]
  0x00000175c844a580 GCTaskThread "GC Thread#0" [stack: 0x0000002081300000,0x0000002081400000] [id=23648]
  0x00000175e381fa20 GCTaskThread "GC Thread#1" [stack: 0x0000002082500000,0x0000002082600000] [id=9688]
  0x00000175e381fcd0 GCTaskThread "GC Thread#2" [stack: 0x0000002082600000,0x0000002082700000] [id=6004]
  0x00000175e3873830 GCTaskThread "GC Thread#3" [stack: 0x0000002082700000,0x0000002082800000] [id=24096]
  0x00000175e3b37ad0 GCTaskThread "GC Thread#4" [stack: 0x0000002082800000,0x0000002082900000] [id=24136]
  0x00000175e501fdb0 GCTaskThread "GC Thread#5" [stack: 0x0000002083300000,0x0000002083400000] [id=1556]
  0x00000175e42ec690 GCTaskThread "GC Thread#6" [stack: 0x0000002083400000,0x0000002083500000] [id=16436]
  0x00000175e5219d70 GCTaskThread "GC Thread#7" [stack: 0x0000002083500000,0x0000002083600000] [id=1592]
  0x00000175c845ba70 ConcurrentGCThread "G1 Main Marker" [stack: 0x0000002081400000,0x0000002081500000] [id=9968]
  0x00000175c845c290 ConcurrentGCThread "G1 Conc#0" [stack: 0x0000002081500000,0x0000002081600000] [id=20160]
  0x00000175e45c9660 ConcurrentGCThread "G1 Conc#1" [stack: 0x0000002083600000,0x0000002083700000] [id=23836]
  0x00000175c84b6740 ConcurrentGCThread "G1 Refine#0" [stack: 0x0000002081600000,0x0000002081700000] [id=24396]
  0x00000175e20a20d0 ConcurrentGCThread "G1 Service" [stack: 0x0000002081700000,0x0000002081800000] [id=20020]

Threads with active compile tasks:
C2 CompilerThread0     6713 3910       4       org.objectweb.asm.Frame::execute (2318 bytes)

VM state: not at safepoint (normal execution)

VM Mutex/Monitor currently owned by a thread: None

Heap address: 0x0000000080000000, size: 2048 MB, Compressed Oops mode: 32-bit

CDS archive(s) not mapped
Compressed class space mapped at: 0x0000000100000000-0x0000000140000000, reserved size: 1073741824
Narrow klass base: 0x0000000000000000, Narrow klass shift: 3, Narrow klass range: 0x140000000

GC Precious Log:
 CPUs: 8 total, 8 available
 Memory: 8062M
 Large Page Support: Disabled
 NUMA Support: Disabled
 Compressed Oops: Enabled (32-bit)
 Heap Region Size: 1M
 Heap Min Capacity: 8M
 Heap Initial Capacity: 126M
 Heap Max Capacity: 2G
 Pre-touch: Disabled
 Parallel Workers: 8
 Concurrent Workers: 2
 Concurrent Refinement Workers: 8
 Periodic GC: Disabled

Heap:
 garbage-first heap   total 102400K, used 62798K [0x0000000080000000, 0x0000000100000000)
  region size 1024K, 10 young (10240K), 2 survivors (2048K)
 Metaspace       used 46414K, committed 46784K, reserved 1089536K
  class space    used 6176K, committed 6336K, reserved 1048576K

Heap Regions: E=young(eden), S=young(survivor), O=old, HS=humongous(starts), HC=humongous(continues), CS=collection set, F=free, OA=open archive, CA=closed archive, TAMS=top-at-mark-start (previous, next)
|   0|0x0000000080000000, 0x0000000080100000, 0x0000000080100000|100%|HS|  |TAMS 0x0000000080100000, 0x0000000080000000| Complete 
|   1|0x0000000080100000, 0x0000000080200000, 0x0000000080200000|100%|HC|  |TAMS 0x0000000080200000, 0x0000000080100000| Complete 
|   2|0x0000000080200000, 0x0000000080300000, 0x0000000080300000|100%|HC|  |TAMS 0x0000000080300000, 0x0000000080200000| Complete 
|   3|0x0000000080300000, 0x0000000080400000, 0x0000000080400000|100%|HC|  |TAMS 0x0000000080400000, 0x0000000080300000| Complete 
|   4|0x0000000080400000, 0x0000000080500000, 0x0000000080500000|100%| O|  |TAMS 0x0000000080500000, 0x0000000080400000| Untracked 
|   5|0x0000000080500000, 0x0000000080600000, 0x0000000080600000|100%| O|  |TAMS 0x0000000080600000, 0x0000000080500000| Untracked 
|   6|0x0000000080600000, 0x0000000080700000, 0x0000000080700000|100%| O|  |TAMS 0x0000000080700000, 0x0000000080600000| Untracked 
|   7|0x0000000080700000, 0x0000000080800000, 0x0000000080800000|100%| O|  |TAMS 0x0000000080800000, 0x0000000080700000| Untracked 
|   8|0x0000000080800000, 0x0000000080900000, 0x0000000080900000|100%| O|  |TAMS 0x0000000080900000, 0x0000000080800000| Untracked 
|   9|0x0000000080900000, 0x0000000080a00000, 0x0000000080a00000|100%| O|  |TAMS 0x0000000080a00000, 0x0000000080900000| Untracked 
|  10|0x0000000080a00000, 0x0000000080b00000, 0x0000000080b00000|100%| O|  |TAMS 0x0000000080b00000, 0x0000000080a00000| Untracked 
|  11|0x0000000080b00000, 0x0000000080b39e00, 0x0000000080c00000| 22%| O|  |TAMS 0x0000000080b39e00, 0x0000000080b00000| Untracked 
|  12|0x0000000080c00000, 0x0000000080d00000, 0x0000000080d00000|100%| O|  |TAMS 0x0000000080d00000, 0x0000000080c00000| Untracked 
|  13|0x0000000080d00000, 0x0000000080e00000, 0x0000000080e00000|100%| O|  |TAMS 0x0000000080e00000, 0x0000000080d00000| Untracked 
|  14|0x0000000080e00000, 0x0000000080f00000, 0x0000000080f00000|100%| O|  |TAMS 0x0000000080f00000, 0x0000000080e00000| Untracked 
|  15|0x0000000080f00000, 0x0000000081000000, 0x0000000081000000|100%| O|  |TAMS 0x0000000081000000, 0x0000000080f00000| Untracked 
|  16|0x0000000081000000, 0x0000000081100000, 0x0000000081100000|100%| O|  |TAMS 0x0000000081100000, 0x0000000081000000| Untracked 
|  17|0x0000000081100000, 0x0000000081200000, 0x0000000081200000|100%| O|  |TAMS 0x0000000081200000, 0x0000000081100000| Untracked 
|  18|0x0000000081200000, 0x0000000081300000, 0x0000000081300000|100%| O|  |TAMS 0x0000000081300000, 0x0000000081200000| Untracked 
|  19|0x0000000081300000, 0x0000000081400000, 0x0000000081400000|100%|HS|  |TAMS 0x0000000081400000, 0x0000000081300000| Complete 
|  20|0x0000000081400000, 0x0000000081500000, 0x0000000081500000|100%|HC|  |TAMS 0x0000000081500000, 0x0000000081400000| Complete 
|  21|0x0000000081500000, 0x0000000081600000, 0x0000000081600000|100%|HS|  |TAMS 0x0000000081600000, 0x0000000081500000| Complete 
|  22|0x0000000081600000, 0x0000000081700000, 0x0000000081700000|100%|HC|  |TAMS 0x0000000081700000, 0x0000000081600000| Complete 
|  23|0x0000000081700000, 0x0000000081800000, 0x0000000081800000|100%|HC|  |TAMS 0x0000000081800000, 0x0000000081700000| Complete 
|  24|0x0000000081800000, 0x0000000081900000, 0x0000000081900000|100%| O|  |TAMS 0x0000000081900000, 0x0000000081800000| Untracked 
|  25|0x0000000081900000, 0x0000000081a00000, 0x0000000081a00000|100%| O|  |TAMS 0x0000000081a00000, 0x0000000081900000| Untracked 
|  26|0x0000000081a00000, 0x0000000081b00000, 0x0000000081b00000|100%| O|  |TAMS 0x0000000081b00000, 0x0000000081a00000| Untracked 
|  27|0x0000000081b00000, 0x0000000081c00000, 0x0000000081c00000|100%|HS|  |TAMS 0x0000000081c00000, 0x0000000081b00000| Complete 
|  28|0x0000000081c00000, 0x0000000081d00000, 0x0000000081d00000|100%|HC|  |TAMS 0x0000000081d00000, 0x0000000081c00000| Complete 
|  29|0x0000000081d00000, 0x0000000081e00000, 0x0000000081e00000|100%|HC|  |TAMS 0x0000000081e00000, 0x0000000081d00000| Complete 
|  30|0x0000000081e00000, 0x0000000081f00000, 0x0000000081f00000|100%| O|  |TAMS 0x0000000081f00000, 0x0000000081e00000| Untracked 
|  31|0x0000000081f00000, 0x0000000082000000, 0x0000000082000000|100%| O|  |TAMS 0x0000000082000000, 0x0000000081f00000| Untracked 
|  32|0x0000000082000000, 0x0000000082100000, 0x0000000082100000|100%| O|  |TAMS 0x0000000082100000, 0x0000000082000000| Untracked 
|  33|0x0000000082100000, 0x0000000082200000, 0x0000000082200000|100%|HS|  |TAMS 0x0000000082200000, 0x0000000082100000| Complete 
|  34|0x0000000082200000, 0x0000000082300000, 0x0000000082300000|100%|HC|  |TAMS 0x0000000082300000, 0x0000000082200000| Complete 
|  35|0x0000000082300000, 0x0000000082400000, 0x0000000082400000|100%| O|  |TAMS 0x0000000082400000, 0x0000000082300000| Untracked 
|  36|0x0000000082400000, 0x0000000082500000, 0x0000000082500000|100%| O|  |TAMS 0x0000000082500000, 0x0000000082400000| Untracked 
|  37|0x0000000082500000, 0x0000000082600000, 0x0000000082600000|100%| O|  |TAMS 0x0000000082600000, 0x0000000082500000| Untracked 
|  38|0x0000000082600000, 0x0000000082700000, 0x0000000082700000|100%| O|  |TAMS 0x0000000082700000, 0x0000000082600000| Untracked 
|  39|0x0000000082700000, 0x0000000082800000, 0x0000000082800000|100%| O|  |TAMS 0x0000000082800000, 0x0000000082700000| Untracked 
|  40|0x0000000082800000, 0x0000000082900000, 0x0000000082900000|100%| O|  |TAMS 0x00000000828b7800, 0x0000000082800000| Untracked 
|  41|0x0000000082900000, 0x0000000082900000, 0x0000000082a00000|  0%| F|  |TAMS 0x0000000082900000, 0x0000000082900000| Untracked 
|  42|0x0000000082a00000, 0x0000000082a00000, 0x0000000082b00000|  0%| F|  |TAMS 0x0000000082a00000, 0x0000000082a00000| Untracked 
|  43|0x0000000082b00000, 0x0000000082b00000, 0x0000000082c00000|  0%| F|  |TAMS 0x0000000082b00000, 0x0000000082b00000| Untracked 
|  44|0x0000000082c00000, 0x0000000082d00000, 0x0000000082d00000|100%| O|  |TAMS 0x0000000082c00000, 0x0000000082c00000| Untracked 
|  45|0x0000000082d00000, 0x0000000082d19a00, 0x0000000082e00000| 10%| O|  |TAMS 0x0000000082d00000, 0x0000000082d00000| Untracked 
|  46|0x0000000082e00000, 0x0000000082f00000, 0x0000000082f00000|100%|HS|  |TAMS 0x0000000082f00000, 0x0000000082e00000| Complete 
|  47|0x0000000082f00000, 0x0000000083000000, 0x0000000083000000|100%|HC|  |TAMS 0x0000000083000000, 0x0000000082f00000| Complete 
|  48|0x0000000083000000, 0x0000000083100000, 0x0000000083100000|100%|HC|  |TAMS 0x0000000083100000, 0x0000000083000000| Complete 
|  49|0x0000000083100000, 0x0000000083200000, 0x0000000083200000|100%|HC|  |TAMS 0x0000000083200000, 0x0000000083100000| Complete 
|  50|0x0000000083200000, 0x0000000083300000, 0x0000000083300000|100%|HC|  |TAMS 0x0000000083300000, 0x0000000083200000| Complete 
|  51|0x0000000083300000, 0x0000000083400000, 0x0000000083400000|100%|HC|  |TAMS 0x0000000083400000, 0x0000000083300000| Complete 
|  52|0x0000000083400000, 0x0000000083500000, 0x0000000083500000|100%|HC|  |TAMS 0x0000000083500000, 0x0000000083400000| Complete 
|  53|0x0000000083500000, 0x0000000083600000, 0x0000000083600000|100%|HC|  |TAMS 0x0000000083600000, 0x0000000083500000| Complete 
|  54|0x0000000083600000, 0x0000000083700000, 0x0000000083700000|100%|HC|  |TAMS 0x0000000083700000, 0x0000000083600000| Complete 
|  55|0x0000000083700000, 0x0000000083800000, 0x0000000083800000|100%|HC|  |TAMS 0x0000000083800000, 0x0000000083700000| Complete 
|  56|0x0000000083800000, 0x0000000083900000, 0x0000000083900000|100%|HC|  |TAMS 0x0000000083900000, 0x0000000083800000| Complete 
|  57|0x0000000083900000, 0x0000000083a00000, 0x0000000083a00000|100%|HC|  |TAMS 0x0000000083a00000, 0x0000000083900000| Complete 
|  58|0x0000000083a00000, 0x0000000083a00000, 0x0000000083b00000|  0%| F|  |TAMS 0x0000000083a00000, 0x0000000083a00000| Untracked 
|  59|0x0000000083b00000, 0x0000000083b00000, 0x0000000083c00000|  0%| F|  |TAMS 0x0000000083b00000, 0x0000000083b00000| Untracked 
|  60|0x0000000083c00000, 0x0000000083c00000, 0x0000000083d00000|  0%| F|  |TAMS 0x0000000083c00000, 0x0000000083c00000| Untracked 
|  61|0x0000000083d00000, 0x0000000083d00000, 0x0000000083e00000|  0%| F|  |TAMS 0x0000000083d00000, 0x0000000083d00000| Untracked 
|  62|0x0000000083e00000, 0x0000000083e00000, 0x0000000083f00000|  0%| F|  |TAMS 0x0000000083e00000, 0x0000000083e00000| Untracked 
|  63|0x0000000083f00000, 0x0000000083f00000, 0x0000000084000000|  0%| F|  |TAMS 0x0000000083f00000, 0x0000000083f00000| Untracked 
|  64|0x0000000084000000, 0x0000000084000000, 0x0000000084100000|  0%| F|  |TAMS 0x0000000084000000, 0x0000000084000000| Untracked 
|  65|0x0000000084100000, 0x0000000084100000, 0x0000000084200000|  0%| F|  |TAMS 0x0000000084100000, 0x0000000084100000| Untracked 
|  66|0x0000000084200000, 0x0000000084200000, 0x0000000084300000|  0%| F|  |TAMS 0x0000000084200000, 0x0000000084200000| Untracked 
|  67|0x0000000084300000, 0x0000000084300000, 0x0000000084400000|  0%| F|  |TAMS 0x0000000084300000, 0x0000000084300000| Untracked 
|  68|0x0000000084400000, 0x0000000084400000, 0x0000000084500000|  0%| F|  |TAMS 0x0000000084400000, 0x0000000084400000| Untracked 
|  69|0x0000000084500000, 0x0000000084500000, 0x0000000084600000|  0%| F|  |TAMS 0x0000000084500000, 0x0000000084500000| Untracked 
|  70|0x0000000084600000, 0x0000000084600000, 0x0000000084700000|  0%| F|  |TAMS 0x0000000084600000, 0x0000000084600000| Untracked 
|  71|0x0000000084700000, 0x0000000084700000, 0x0000000084800000|  0%| F|  |TAMS 0x0000000084700000, 0x0000000084700000| Untracked 
|  72|0x0000000084800000, 0x0000000084800000, 0x0000000084900000|  0%| F|  |TAMS 0x0000000084800000, 0x0000000084800000| Untracked 
|  73|0x0000000084900000, 0x0000000084900000, 0x0000000084a00000|  0%| F|  |TAMS 0x0000000084900000, 0x0000000084900000| Untracked 
|  74|0x0000000084a00000, 0x0000000084a00000, 0x0000000084b00000|  0%| F|  |TAMS 0x0000000084a00000, 0x0000000084a00000| Untracked 
|  75|0x0000000084b00000, 0x0000000084c00000, 0x0000000084c00000|100%| S|CS|TAMS 0x0000000084b00000, 0x0000000084b00000| Complete 
|  76|0x0000000084c00000, 0x0000000084d00000, 0x0000000084d00000|100%| S|CS|TAMS 0x0000000084c00000, 0x0000000084c00000| Complete 
|  77|0x0000000084d00000, 0x0000000084d00000, 0x0000000084e00000|  0%| F|  |TAMS 0x0000000084d00000, 0x0000000084d00000| Untracked 
|  78|0x0000000084e00000, 0x0000000084e00000, 0x0000000084f00000|  0%| F|  |TAMS 0x0000000084e00000, 0x0000000084e00000| Untracked 
|  79|0x0000000084f00000, 0x0000000084f00000, 0x0000000085000000|  0%| F|  |TAMS 0x0000000084f00000, 0x0000000084f00000| Untracked 
|  80|0x0000000085000000, 0x0000000085000000, 0x0000000085100000|  0%| F|  |TAMS 0x0000000085000000, 0x0000000085000000| Untracked 
|  81|0x0000000085100000, 0x0000000085100000, 0x0000000085200000|  0%| F|  |TAMS 0x0000000085100000, 0x0000000085100000| Untracked 
|  82|0x0000000085200000, 0x0000000085200000, 0x0000000085300000|  0%| F|  |TAMS 0x0000000085200000, 0x0000000085200000| Untracked 
|  83|0x0000000085300000, 0x0000000085300000, 0x0000000085400000|  0%| F|  |TAMS 0x0000000085300000, 0x0000000085300000| Untracked 
|  84|0x0000000085400000, 0x0000000085400000, 0x0000000085500000|  0%| F|  |TAMS 0x0000000085400000, 0x0000000085400000| Untracked 
|  85|0x0000000085500000, 0x0000000085500000, 0x0000000085600000|  0%| F|  |TAMS 0x0000000085500000, 0x0000000085500000| Untracked 
|  86|0x0000000085600000, 0x0000000085600000, 0x0000000085700000|  0%| F|  |TAMS 0x0000000085600000, 0x0000000085600000| Untracked 
|  87|0x0000000085700000, 0x0000000085700000, 0x0000000085800000|  0%| F|  |TAMS 0x0000000085700000, 0x0000000085700000| Untracked 
|  88|0x0000000085800000, 0x0000000085800000, 0x0000000085900000|  0%| F|  |TAMS 0x0000000085800000, 0x0000000085800000| Untracked 
|  89|0x0000000085900000, 0x0000000085900000, 0x0000000085a00000|  0%| F|  |TAMS 0x0000000085900000, 0x0000000085900000| Untracked 
|  90|0x0000000085a00000, 0x0000000085a00000, 0x0000000085b00000|  0%| F|  |TAMS 0x0000000085a00000, 0x0000000085a00000| Untracked 
|  91|0x0000000085b00000, 0x0000000085b00000, 0x0000000085c00000|  0%| F|  |TAMS 0x0000000085b00000, 0x0000000085b00000| Untracked 
|  92|0x0000000085c00000, 0x0000000085c4d9a8, 0x0000000085d00000| 30%| E|  |TAMS 0x0000000085c00000, 0x0000000085c00000| Complete 
|  93|0x0000000085d00000, 0x0000000085e00000, 0x0000000085e00000|100%| E|CS|TAMS 0x0000000085d00000, 0x0000000085d00000| Complete 
|  94|0x0000000085e00000, 0x0000000085f00000, 0x0000000085f00000|100%| E|CS|TAMS 0x0000000085e00000, 0x0000000085e00000| Complete 
|  95|0x0000000085f00000, 0x0000000086000000, 0x0000000086000000|100%| E|CS|TAMS 0x0000000085f00000, 0x0000000085f00000| Complete 
|  96|0x0000000086000000, 0x0000000086100000, 0x0000000086100000|100%| E|  |TAMS 0x0000000086000000, 0x0000000086000000| Complete 
|  97|0x0000000086100000, 0x0000000086200000, 0x0000000086200000|100%| E|CS|TAMS 0x0000000086100000, 0x0000000086100000| Complete 
|  98|0x0000000086200000, 0x0000000086300000, 0x0000000086300000|100%| E|CS|TAMS 0x0000000086200000, 0x0000000086200000| Complete 
| 125|0x0000000087d00000, 0x0000000087e00000, 0x0000000087e00000|100%| E|CS|TAMS 0x0000000087d00000, 0x0000000087d00000| Complete 

Card table byte_map: [0x00000175daff0000,0x00000175db3f0000] _byte_map_base: 0x00000175dabf0000

Marking Bits (Prev, Next): (CMBitMap*) 0x00000175c844a9e0, (CMBitMap*) 0x00000175c844a9a0
 Prev Bits: [0x00000175dd7f0000, 0x00000175df7f0000)
 Next Bits: [0x00000175db7f0000, 0x00000175dd7f0000)

Polling page: 0x00000175c6340000

Metaspace:

Usage:
  Non-class:     39.29 MB used.
      Class:      6.03 MB used.
       Both:     45.33 MB used.

Virtual space:
  Non-class space:       40.00 MB reserved,      39.50 MB ( 99%) committed,  5 nodes.
      Class space:        1.00 GB reserved,       6.19 MB ( <1%) committed,  1 nodes.
             Both:        1.04 GB reserved,      45.69 MB (  4%) committed. 

Chunk freelists:
   Non-Class:  96.00 KB
       Class:  1.63 MB
        Both:  1.72 MB

MaxMetaspaceSize: unlimited
CompressedClassSpaceSize: 1.00 GB
Initial GC threshold: 21.00 MB
Current GC threshold: 70.12 MB
CDS: off
MetaspaceReclaimPolicy: balanced
 - commit_granule_bytes: 65536.
 - commit_granule_words: 8192.
 - virtual_space_node_default_size: 1048576.
 - enlarge_chunks_in_place: 1.
 - new_chunks_are_fully_committed: 0.
 - uncommit_free_chunks: 1.
 - use_allocation_guard: 0.
 - handle_deallocations: 1.


Internal statistics:

num_allocs_failed_limit: 3.
num_arena_births: 416.
num_arena_deaths: 0.
num_vsnodes_births: 6.
num_vsnodes_deaths: 0.
num_space_committed: 731.
num_space_uncommitted: 0.
num_chunks_returned_to_freelist: 3.
num_chunks_taken_from_freelist: 1838.
num_chunk_merges: 3.
num_chunk_splits: 1184.
num_chunks_enlarged: 804.
num_purges: 0.
num_inconsistent_stats: 0.

CodeHeap 'non-profiled nmethods': size=120000Kb used=1776Kb max_used=1776Kb free=118223Kb
 bounds [0x00000175d3390000, 0x00000175d3600000, 0x00000175da8c0000]
CodeHeap 'profiled nmethods': size=120000Kb used=8186Kb max_used=8186Kb free=111813Kb
 bounds [0x00000175cb8c0000, 0x00000175cc0c0000, 0x00000175d2df0000]
CodeHeap 'non-nmethods': size=5760Kb used=2294Kb max_used=2329Kb free=3465Kb
 bounds [0x00000175d2df0000, 0x00000175d3060000, 0x00000175d3390000]
 total_blobs=4750 nmethods=3944 adapters=718
 compilation: enabled
              stopped_count=0, restarted_count=0
 full_count=0

Compilation events (20 events):
Event: 6.663 Thread 0x00000175e2c2c0c0 nmethod 3942 0x00000175d354b490 code [0x00000175d354b620, 0x00000175d354b6f8]
Event: 6.665 Thread 0x00000175e2c2c0c0 3943       3       java.lang.invoke.LambdaFormEditor$Transform::equals (32 bytes)
Event: 6.665 Thread 0x00000175e2c2c0c0 nmethod 3943 0x00000175cc0b5090 code [0x00000175cc0b5240, 0x00000175cc0b5428]
Event: 6.667 Thread 0x00000175e2c2c0c0 3944       3       java.util.regex.Pattern$GroupTail::match (111 bytes)
Event: 6.667 Thread 0x00000175e2c2c0c0 nmethod 3944 0x00000175cc0b5510 code [0x00000175cc0b56e0, 0x00000175cc0b5a88]
Event: 6.674 Thread 0x00000175e2c2c0c0 3946       3       java.lang.invoke.LambdaFormEditor$TransformKey::of (49 bytes)
Event: 6.674 Thread 0x00000175e2c2c0c0 nmethod 3946 0x00000175cc0b5c90 code [0x00000175cc0b5e80, 0x00000175cc0b64b8]
Event: 6.674 Thread 0x00000175e2c2c0c0 3947       3       java.lang.invoke.LambdaFormEditor$TransformKey::packedBytes (32 bytes)
Event: 6.674 Thread 0x00000175e2c2c0c0 nmethod 3947 0x00000175cc0b6710 code [0x00000175cc0b68a0, 0x00000175cc0b69b8]
Event: 6.675 Thread 0x00000175e2c2c0c0 3948       1       com.google.common.cache.LocalCache$AccessQueue$1::setPreviousInAccessQueue (6 bytes)
Event: 6.675 Thread 0x00000175e2c2c0c0 nmethod 3948 0x00000175d354ba90 code [0x00000175d354bc20, 0x00000175d354bd38]
Event: 6.677 Thread 0x00000175e2c2c0c0 3950       1       com.google.common.cache.LocalCache$AccessQueue$1::getPreviousInAccessQueue (5 bytes)
Event: 6.677 Thread 0x00000175e2c2c0c0 nmethod 3950 0x00000175d354bd90 code [0x00000175d354bf20, 0x00000175d354bff8]
Event: 6.679 Thread 0x00000175e2c2c0c0 3951       3       com.google.common.collect.ImmutableList::asImmutableList (69 bytes)
Event: 6.680 Thread 0x00000175e2c2c0c0 nmethod 3951 0x00000175cc0b6a90 code [0x00000175cc0b6d00, 0x00000175cc0b7888]
Event: 6.681 Thread 0x00000175e2c2c0c0 3952       3       java.lang.invoke.MethodHandleImpl::computeValueConversions (121 bytes)
Event: 6.682 Thread 0x00000175e2c2c0c0 nmethod 3952 0x00000175cc0b7c90 code [0x00000175cc0b7ea0, 0x00000175cc0b8698]
Event: 6.682 Thread 0x00000175e2c2c0c0 3953       3       java.io.ByteArrayOutputStream::<init> (7 bytes)
Event: 6.682 Thread 0x00000175e2c2c0c0 nmethod 3953 0x00000175cc0b8a10 code [0x00000175cc0b8ba0, 0x00000175cc0b8ce8]
Event: 6.682 Thread 0x00000175e2c2c0c0 3954       3       org.gradle.internal.logging.slf4j.OutputEventListenerBackedLogger::isDebugEnabled (5 bytes)

GC Heap History (20 events):
Event: 2.872 GC heap before
{Heap before GC invocations=4 (full 0):
 garbage-first heap   total 68608K, used 50196K [0x0000000080000000, 0x0000000100000000)
  region size 1024K, 40 young (40960K), 8 survivors (8192K)
 Metaspace       used 26323K, committed 26688K, reserved 1073152K
  class space    used 3466K, committed 3648K, reserved 1048576K
}
Event: 2.878 GC heap after
{Heap after GC invocations=5 (full 0):
 garbage-first heap   total 68608K, used 20595K [0x0000000080000000, 0x0000000100000000)
  region size 1024K, 3 young (3072K), 3 survivors (3072K)
 Metaspace       used 26323K, committed 26688K, reserved 1073152K
  class space    used 3466K, committed 3648K, reserved 1048576K
}
Event: 3.263 GC heap before
{Heap before GC invocations=5 (full 0):
 garbage-first heap   total 68608K, used 48243K [0x0000000080000000, 0x0000000100000000)
  region size 1024K, 24 young (24576K), 3 survivors (3072K)
 Metaspace       used 29280K, committed 29632K, reserved 1081344K
  class space    used 3984K, committed 4160K, reserved 1048576K
}
Event: 3.268 GC heap after
{Heap after GC invocations=6 (full 0):
 garbage-first heap   total 68608K, used 31840K [0x0000000080000000, 0x0000000100000000)
  region size 1024K, 4 young (4096K), 4 survivors (4096K)
 Metaspace       used 29280K, committed 29632K, reserved 1081344K
  class space    used 3984K, committed 4160K, reserved 1048576K
}
Event: 3.282 GC heap before
{Heap before GC invocations=6 (full 0):
 garbage-first heap   total 68608K, used 44128K [0x0000000080000000, 0x0000000100000000)
  region size 1024K, 5 young (5120K), 4 survivors (4096K)
 Metaspace       used 29281K, committed 29632K, reserved 1081344K
  class space    used 3984K, committed 4160K, reserved 1048576K
}
Event: 3.285 GC heap after
{Heap after GC invocations=7 (full 0):
 garbage-first heap   total 82944K, used 44568K [0x0000000080000000, 0x0000000100000000)
  region size 1024K, 1 young (1024K), 1 survivors (1024K)
 Metaspace       used 29281K, committed 29632K, reserved 1081344K
  class space    used 3984K, committed 4160K, reserved 1048576K
}
Event: 3.609 GC heap before
{Heap before GC invocations=8 (full 0):
 garbage-first heap   total 83968K, used 64024K [0x0000000080000000, 0x0000000100000000)
  region size 1024K, 19 young (19456K), 1 survivors (1024K)
 Metaspace       used 31478K, committed 31808K, reserved 1081344K
  class space    used 4345K, committed 4544K, reserved 1048576K
}
Event: 3.611 GC heap after
{Heap after GC invocations=9 (full 0):
 garbage-first heap   total 83968K, used 48725K [0x0000000080000000, 0x0000000100000000)
  region size 1024K, 3 young (3072K), 3 survivors (3072K)
 Metaspace       used 31478K, committed 31808K, reserved 1081344K
  class space    used 4345K, committed 4544K, reserved 1048576K
}
Event: 3.968 GC heap before
{Heap before GC invocations=9 (full 0):
 garbage-first heap   total 83968K, used 63061K [0x0000000080000000, 0x0000000100000000)
  region size 1024K, 18 young (18432K), 3 survivors (3072K)
 Metaspace       used 33604K, committed 34048K, reserved 1081344K
  class space    used 4672K, committed 4864K, reserved 1048576K
}
Event: 3.970 GC heap after
{Heap after GC invocations=10 (full 0):
 garbage-first heap   total 83968K, used 49398K [0x0000000080000000, 0x0000000100000000)
  region size 1024K, 1 young (1024K), 1 survivors (1024K)
 Metaspace       used 33604K, committed 34048K, reserved 1081344K
  class space    used 4672K, committed 4864K, reserved 1048576K
}
Event: 5.206 GC heap before
{Heap before GC invocations=11 (full 0):
 garbage-first heap   total 87040K, used 64758K [0x0000000080000000, 0x0000000100000000)
  region size 1024K, 17 young (17408K), 1 survivors (1024K)
 Metaspace       used 36561K, committed 36992K, reserved 1081344K
  class space    used 5097K, committed 5312K, reserved 1048576K
}
Event: 5.209 GC heap after
{Heap after GC invocations=12 (full 0):
 garbage-first heap   total 87040K, used 50872K [0x0000000080000000, 0x0000000100000000)
  region size 1024K, 3 young (3072K), 3 survivors (3072K)
 Metaspace       used 36561K, committed 36992K, reserved 1081344K
  class space    used 5097K, committed 5312K, reserved 1048576K
}
Event: 5.984 GC heap before
{Heap before GC invocations=12 (full 0):
 garbage-first heap   total 87040K, used 67256K [0x0000000080000000, 0x0000000100000000)
  region size 1024K, 20 young (20480K), 3 survivors (3072K)
 Metaspace       used 41600K, committed 41984K, reserved 1089536K
  class space    used 5575K, committed 5760K, reserved 1048576K
}
Event: 5.988 GC heap after
{Heap after GC invocations=13 (full 0):
 garbage-first heap   total 87040K, used 53246K [0x0000000080000000, 0x0000000100000000)
  region size 1024K, 3 young (3072K), 3 survivors (3072K)
 Metaspace       used 41600K, committed 41984K, reserved 1089536K
  class space    used 5575K, committed 5760K, reserved 1048576K
}
Event: 6.094 GC heap before
{Heap before GC invocations=14 (full 0):
 garbage-first heap   total 96256K, used 69630K [0x0000000080000000, 0x0000000100000000)
  region size 1024K, 19 young (19456K), 3 survivors (3072K)
 Metaspace       used 41747K, committed 42112K, reserved 1089536K
  class space    used 5589K, committed 5760K, reserved 1048576K
}
Event: 6.098 GC heap after
{Heap after GC invocations=15 (full 0):
 garbage-first heap   total 96256K, used 54682K [0x0000000080000000, 0x0000000100000000)
  region size 1024K, 2 young (2048K), 2 survivors (2048K)
 Metaspace       used 41747K, committed 42112K, reserved 1089536K
  class space    used 5589K, committed 5760K, reserved 1048576K
}
Event: 6.178 GC heap before
{Heap before GC invocations=15 (full 0):
 garbage-first heap   total 96256K, used 57754K [0x0000000080000000, 0x0000000100000000)
  region size 1024K, 7 young (7168K), 2 survivors (2048K)
 Metaspace       used 42074K, committed 42432K, reserved 1089536K
  class space    used 5620K, committed 5824K, reserved 1048576K
}
Event: 6.180 GC heap after
{Heap after GC invocations=16 (full 0):
 garbage-first heap   total 96256K, used 55700K [0x0000000080000000, 0x0000000100000000)
  region size 1024K, 3 young (3072K), 3 survivors (3072K)
 Metaspace       used 42074K, committed 42432K, reserved 1089536K
  class space    used 5620K, committed 5824K, reserved 1048576K
}
Event: 6.577 GC heap before
{Heap before GC invocations=17 (full 0):
 garbage-first heap   total 102400K, used 78228K [0x0000000080000000, 0x0000000100000000)
  region size 1024K, 23 young (23552K), 3 survivors (3072K)
 Metaspace       used 45520K, committed 45888K, reserved 1089536K
  class space    used 6035K, committed 6208K, reserved 1048576K
}
Event: 6.580 GC heap after
{Heap after GC invocations=18 (full 0):
 garbage-first heap   total 102400K, used 56654K [0x0000000080000000, 0x0000000100000000)
  region size 1024K, 2 young (2048K), 2 survivors (2048K)
 Metaspace       used 45520K, committed 45888K, reserved 1089536K
  class space    used 6035K, committed 6208K, reserved 1048576K
}

Dll operation events (2 events):
Event: 0.007 Loaded shared library F:\Android Studio\jbr\bin\java.dll
Event: 0.460 Loaded shared library F:\Android Studio\jbr\bin\verify.dll

Deoptimization events (20 events):
Event: 6.081 Thread 0x00000175e519ca20 Uncommon trap: trap_request=0xffffffde fr.pc=0x00000175d3516970 relative=0x0000000000000490
Event: 6.081 Thread 0x00000175e519ca20 Uncommon trap: reason=class_check action=maybe_recompile pc=0x00000175d3516970 method=java.util.regex.Pattern$Start.match(Ljava/util/regex/Matcher;ILjava/lang/CharSequence;)Z @ 44 c2
Event: 6.081 Thread 0x00000175e519ca20 DEOPT PACKING pc=0x00000175d3516970 sp=0x0000002082ff80c0
Event: 6.081 Thread 0x00000175e519ca20 DEOPT UNPACKING pc=0x00000175d2e469a3 sp=0x0000002082ff7ff0 mode 2
Event: 6.295 Thread 0x00000175e5e6de20 Uncommon trap: trap_request=0xffffff45 fr.pc=0x00000175d3434444 relative=0x0000000000000224
Event: 6.295 Thread 0x00000175e5e6de20 Uncommon trap: reason=unstable_if action=reinterpret pc=0x00000175d3434444 method=java.util.StringTokenizer.scanToken(I)I @ 42 c2
Event: 6.295 Thread 0x00000175e5e6de20 DEOPT PACKING pc=0x00000175d3434444 sp=0x00000020840fe160
Event: 6.295 Thread 0x00000175e5e6de20 DEOPT UNPACKING pc=0x00000175d2e469a3 sp=0x00000020840fe0f0 mode 2
Event: 6.464 Thread 0x00000175e519ca20 Uncommon trap: trap_request=0xffffff45 fr.pc=0x00000175d34e8a2c relative=0x000000000000010c
Event: 6.464 Thread 0x00000175e519ca20 Uncommon trap: reason=unstable_if action=reinterpret pc=0x00000175d34e8a2c method=java.util.Arrays.hashCode([Ljava/lang/Object;)I @ 34 c2
Event: 6.464 Thread 0x00000175e519ca20 DEOPT PACKING pc=0x00000175d34e8a2c sp=0x0000002082ff79b0
Event: 6.464 Thread 0x00000175e519ca20 DEOPT UNPACKING pc=0x00000175d2e469a3 sp=0x0000002082ff7928 mode 2
Event: 6.676 Thread 0x00000175e519ca20 Uncommon trap: trap_request=0xffffffc6 fr.pc=0x00000175d3536718 relative=0x0000000000000158
Event: 6.676 Thread 0x00000175e519ca20 Uncommon trap: reason=bimorphic_or_optimized_type_check action=maybe_recompile pc=0x00000175d3536718 method=java.util.stream.ReferencePipeline.forEachWithCancel(Ljava/util/Spliterator;Ljava/util/stream/Sink;)Z @ 1 c2
Event: 6.676 Thread 0x00000175e519ca20 DEOPT PACKING pc=0x00000175d3536718 sp=0x0000002082ff8590
Event: 6.676 Thread 0x00000175e519ca20 DEOPT UNPACKING pc=0x00000175d2e469a3 sp=0x0000002082ff8510 mode 2
Event: 6.677 Thread 0x00000175e519ca20 Uncommon trap: trap_request=0xffffffc6 fr.pc=0x00000175d3536718 relative=0x0000000000000158
Event: 6.677 Thread 0x00000175e519ca20 Uncommon trap: reason=bimorphic_or_optimized_type_check action=maybe_recompile pc=0x00000175d3536718 method=java.util.stream.ReferencePipeline.forEachWithCancel(Ljava/util/Spliterator;Ljava/util/stream/Sink;)Z @ 1 c2
Event: 6.677 Thread 0x00000175e519ca20 DEOPT PACKING pc=0x00000175d3536718 sp=0x0000002082ff8210
Event: 6.677 Thread 0x00000175e519ca20 DEOPT UNPACKING pc=0x00000175d2e469a3 sp=0x0000002082ff8190 mode 2

Classes unloaded (0 events):
No events

Classes redefined (0 events):
No events

Internal exceptions (20 events):
Event: 6.258 Thread 0x00000175e519ca20 Exception <a 'java/lang/ClassNotFoundException'{0x00000000861311f8}: groovy/lang/Closure$1Customizer> (0x00000000861311f8) 
thrown [s\src\hotspot\share\classfile\systemDictionary.cpp, line 256]
Event: 6.280 Thread 0x00000175e5e6de20 Exception <a 'sun/nio/fs/WindowsException'{0x00000000861e0830}> (0x00000000861e0830) 
thrown [s\src\hotspot\share\prims\jni.cpp, line 517]
Event: 6.322 Thread 0x00000175e5e6de20 Exception <a 'sun/nio/fs/WindowsException'{0x0000000085f6a098}> (0x0000000085f6a098) 
thrown [s\src\hotspot\share\prims\jni.cpp, line 517]
Event: 6.323 Thread 0x00000175e5e6de20 Exception <a 'sun/nio/fs/WindowsException'{0x0000000085f6a2a8}> (0x0000000085f6a2a8) 
thrown [s\src\hotspot\share\prims\jni.cpp, line 517]
Event: 6.369 Thread 0x00000175e519ca20 Exception <a 'java/lang/ClassNotFoundException'{0x0000000085e0f4a8}: sync_studio_tooling10_42macqyssmvxgm8rnkuhei4fpBeanInfo> (0x0000000085e0f4a8) 
thrown [s\src\hotspot\share\classfile\systemDictionary.cpp, line 256]
Event: 6.369 Thread 0x00000175e519ca20 Exception <a 'java/lang/ClassNotFoundException'{0x0000000085e15dd8}: sync_studio_tooling10_42macqyssmvxgm8rnkuhei4fpCustomizer> (0x0000000085e15dd8) 
thrown [s\src\hotspot\share\classfile\systemDictionary.cpp, line 256]
Event: 6.374 Thread 0x00000175e519ca20 Exception <a 'java/lang/ClassNotFoundException'{0x0000000085e61ba0}: org/gradle/internal/metaobject/ConfigureDelegateBeanInfo> (0x0000000085e61ba0) 
thrown [s\src\hotspot\share\classfile\systemDictionary.cpp, line 256]
Event: 6.375 Thread 0x00000175e519ca20 Exception <a 'java/lang/ClassNotFoundException'{0x0000000085e72250}: org/gradle/internal/metaobject/ConfigureDelegateCustomizer> (0x0000000085e72250) 
thrown [s\src\hotspot\share\classfile\systemDictionary.cpp, line 256]
Event: 6.380 Thread 0x00000175e519ca20 Exception <a 'java/lang/ClassNotFoundException'{0x0000000085ec20d8}: org/gradle/api/internal/initialization/DefaultScriptHandlerBeanInfo> (0x0000000085ec20d8) 
thrown [s\src\hotspot\share\classfile\systemDictionary.cpp, line 256]
Event: 6.381 Thread 0x00000175e519ca20 Exception <a 'java/lang/ClassNotFoundException'{0x0000000085ed2870}: org/gradle/api/internal/initialization/DefaultScriptHandlerCustomizer> (0x0000000085ed2870) 
thrown [s\src\hotspot\share\classfile\systemDictionary.cpp, line 256]
Event: 6.464 Thread 0x00000175e519ca20 Implicit null exception at 0x00000175d34e896c to 0x00000175d34e8a10
Event: 6.469 Thread 0x00000175e519ca20 Exception <a 'java/lang/ClassNotFoundException'{0x0000000085458438}: org/gradle/api/internal/artifacts/dsl/dependencies/DefaultDependencyHandler_DecoratedBeanInfo> (0x0000000085458438) 
thrown [s\src\hotspot\share\classfile\systemDictionary.cpp, line 256]
Event: 6.469 Thread 0x00000175e519ca20 Exception <a 'java/lang/ClassNotFoundException'{0x000000008546e1b8}: org/gradle/api/internal/artifacts/dsl/dependencies/DefaultDependencyHandlerBeanInfo> (0x000000008546e1b8) 
thrown [s\src\hotspot\share\classfile\systemDictionary.cpp, line 256]
Event: 6.470 Thread 0x00000175e519ca20 Exception <a 'java/lang/ClassNotFoundException'{0x0000000085483200}: org/gradle/api/internal/artifacts/dsl/dependencies/DefaultDependencyHandlerCustomizer> (0x0000000085483200) 
thrown [s\src\hotspot\share\classfile\systemDictionary.cpp, line 256]
Event: 6.472 Thread 0x00000175e519ca20 Exception <a 'java/lang/ClassNotFoundException'{0x00000000854c1fe8}: org/gradle/api/internal/artifacts/dsl/dependencies/DefaultDependencyHandler_DecoratedCustomizer> (0x00000000854c1fe8) 
thrown [s\src\hotspot\share\classfile\systemDictionary.cpp, line 256]
Event: 6.474 Thread 0x00000175e519ca20 Exception <a 'java/lang/ClassNotFoundException'{0x00000000853033b8}: sync_studio_tooling10_42macqyssmvxgm8rnkuhei4fp$_run_closure1BeanInfo> (0x00000000853033b8) 
thrown [s\src\hotspot\share\classfile\systemDictionary.cpp, line 256]
Event: 6.474 Thread 0x00000175e519ca20 Exception <a 'java/lang/ClassNotFoundException'{0x000000008530a3a0}: sync_studio_tooling10_42macqyssmvxgm8rnkuhei4fp$_run_closure1Customizer> (0x000000008530a3a0) 
thrown [s\src\hotspot\share\classfile\systemDictionary.cpp, line 256]
Event: 6.521 Thread 0x00000175e519ca20 Exception <a 'java/lang/NoSuchMethodError'{0x00000000851fc420}: 'java.lang.Object java.lang.invoke.DirectMethodHandle$Holder.newInvokeSpecial(java.lang.Object, int, java.lang.Object)'> (0x00000000851fc420) 
thrown [s\src\hotspot\share\interpreter\linkResolver.cpp, line 771]
Event: 6.670 Thread 0x00000175e519ca20 Exception <a 'java/lang/NoSuchMethodError'{0x0000000085eefe00}: 'int java.lang.invoke.DirectMethodHandle$Holder.invokeStatic(java.lang.Object)'> (0x0000000085eefe00) 
thrown [s\src\hotspot\share\interpreter\linkResolver.cpp, line 771]
Event: 6.670 Thread 0x00000175e519ca20 Exception <a 'java/lang/NoSuchMethodError'{0x0000000085ef41f0}: 'int java.lang.invoke.DirectMethodHandle$Holder.invokeStaticInit(java.lang.Object)'> (0x0000000085ef41f0) 
thrown [s\src\hotspot\share\interpreter\linkResolver.cpp, line 771]

VM Operations (20 events):
Event: 6.094 Executing VM operation: G1CollectForAllocation
Event: 6.098 Executing VM operation: G1CollectForAllocation done
Event: 6.176 Executing VM operation: G1TryInitiateConcMark
Event: 6.180 Executing VM operation: G1TryInitiateConcMark done
Event: 6.198 Executing VM operation: G1Concurrent
Event: 6.223 Executing VM operation: G1Concurrent done
Event: 6.234 Executing VM operation: G1Concurrent
Event: 6.235 Executing VM operation: G1Concurrent done
Event: 6.303 Executing VM operation: HandshakeAllThreads
Event: 6.303 Executing VM operation: HandshakeAllThreads done
Event: 6.306 Executing VM operation: HandshakeAllThreads
Event: 6.306 Executing VM operation: HandshakeAllThreads done
Event: 6.443 Executing VM operation: HandshakeAllThreads
Event: 6.443 Executing VM operation: HandshakeAllThreads done
Event: 6.455 Executing VM operation: HandshakeAllThreads
Event: 6.455 Executing VM operation: HandshakeAllThreads done
Event: 6.456 Executing VM operation: HandshakeAllThreads
Event: 6.456 Executing VM operation: HandshakeAllThreads done
Event: 6.576 Executing VM operation: G1CollectForAllocation
Event: 6.580 Executing VM operation: G1CollectForAllocation done

Events (20 events):
Event: 6.285 loading class java/nio/charset/UnsupportedCharsetException
Event: 6.285 loading class java/nio/charset/UnsupportedCharsetException done
Event: 6.286 loading class java/util/zip/Deflater
Event: 6.287 loading class java/util/zip/Deflater done
Event: 6.290 loading class java/util/zip/Deflater$DeflaterZStreamRef
Event: 6.290 loading class java/util/zip/Deflater$DeflaterZStreamRef done
Event: 6.293 loading class java/nio/channels/Channels
Event: 6.293 loading class java/nio/channels/Channels done
Event: 6.294 loading class sun/nio/ch/ChannelInputStream
Event: 6.294 loading class sun/nio/ch/ChannelInputStream done
Event: 6.305 loading class java/nio/StringCharBuffer
Event: 6.306 loading class java/nio/StringCharBuffer done
Event: 6.321 loading class java/nio/file/StandardCopyOption
Event: 6.321 loading class java/nio/file/StandardCopyOption done
Event: 6.321 loading class sun/nio/fs/WindowsFileCopy
Event: 6.321 loading class sun/nio/fs/WindowsFileCopy done
Event: 6.632 loading class java/io/DeleteOnExitHook
Event: 6.632 loading class java/io/DeleteOnExitHook done
Event: 6.632 loading class java/io/DeleteOnExitHook$1
Event: 6.632 loading class java/io/DeleteOnExitHook$1 done


Dynamic libraries:
0x00007ff7a6f50000 - 0x00007ff7a6f5a000 	F:\Android Studio\jbr\bin\java.exe
0x00007ffec8210000 - 0x00007ffec8408000 	C:\WINDOWS\SYSTEM32\ntdll.dll
0x00007ffec6f70000 - 0x00007ffec702f000 	C:\WINDOWS\System32\KERNEL32.DLL
0x00007ffec5a90000 - 0x00007ffec5d86000 	C:\WINDOWS\System32\KERNELBASE.dll
0x00007ffec5f20000 - 0x00007ffec6020000 	C:\WINDOWS\System32\ucrtbase.dll
0x00007ffea76e0000 - 0x00007ffea76f7000 	F:\Android Studio\jbr\bin\jli.dll
0x00007ffebaf70000 - 0x00007ffebaf8b000 	F:\Android Studio\jbr\bin\VCRUNTIME140.dll
0x00007ffec7230000 - 0x00007ffec73cd000 	C:\WINDOWS\System32\USER32.dll
0x00007ffec5d90000 - 0x00007ffec5db2000 	C:\WINDOWS\System32\win32u.dll
0x00007ffea5dc0000 - 0x00007ffea605a000 	C:\WINDOWS\WinSxS\amd64_microsoft.windows.common-controls_6595b64144ccf1df_6.0.19041.1110_none_60b5254171f9507e\COMCTL32.dll
0x00007ffec6ad0000 - 0x00007ffec6afc000 	C:\WINDOWS\System32\GDI32.dll
0x00007ffec7190000 - 0x00007ffec722e000 	C:\WINDOWS\System32\msvcrt.dll
0x00007ffec6020000 - 0x00007ffec6135000 	C:\WINDOWS\System32\gdi32full.dll
0x00007ffec6140000 - 0x00007ffec61dd000 	C:\WINDOWS\System32\msvcp_win.dll
0x00007ffec7910000 - 0x00007ffec7940000 	C:\WINDOWS\System32\IMM32.DLL
0x00007ffebc960000 - 0x00007ffebc96c000 	F:\Android Studio\jbr\bin\vcruntime140_1.dll
0x00007ffea7c70000 - 0x00007ffea7cfd000 	F:\Android Studio\jbr\bin\msvcp140.dll
0x00007ffe80410000 - 0x00007ffe8107e000 	F:\Android Studio\jbr\bin\server\jvm.dll
0x00007ffec6a20000 - 0x00007ffec6acf000 	C:\WINDOWS\System32\ADVAPI32.dll
0x00007ffec7800000 - 0x00007ffec789c000 	C:\WINDOWS\System32\sechost.dll
0x00007ffec80a0000 - 0x00007ffec81c6000 	C:\WINDOWS\System32\RPCRT4.dll
0x00007ffebc9b0000 - 0x00007ffebc9b9000 	C:\WINDOWS\SYSTEM32\WSOCK32.dll
0x00007ffea76b0000 - 0x00007ffea76d7000 	C:\WINDOWS\SYSTEM32\WINMM.dll
0x00007ffeb6030000 - 0x00007ffeb603a000 	C:\WINDOWS\SYSTEM32\VERSION.dll
0x00007ffec7e20000 - 0x00007ffec7e8b000 	C:\WINDOWS\System32\WS2_32.dll
0x00007ffec4120000 - 0x00007ffec4132000 	C:\WINDOWS\SYSTEM32\kernel.appcore.dll
0x00007ffebd270000 - 0x00007ffebd27a000 	F:\Android Studio\jbr\bin\jimage.dll
0x00007ffec36a0000 - 0x00007ffec3884000 	C:\WINDOWS\SYSTEM32\DBGHELP.DLL
0x00007ffeabf30000 - 0x00007ffeabf64000 	C:\WINDOWS\SYSTEM32\dbgcore.DLL
0x00007ffec61e0000 - 0x00007ffec6262000 	C:\WINDOWS\System32\bcryptPrimitives.dll
0x00007ffea74b0000 - 0x00007ffea74d5000 	F:\Android Studio\jbr\bin\java.dll
0x00007ffeb88f0000 - 0x00007ffeb8908000 	F:\Android Studio\jbr\bin\zip.dll
0x00007ffec62d0000 - 0x00007ffec6a14000 	C:\WINDOWS\System32\SHELL32.dll
0x00007ffec3970000 - 0x00007ffec4103000 	C:\WINDOWS\SYSTEM32\windows.storage.dll
0x00007ffec73d0000 - 0x00007ffec7724000 	C:\WINDOWS\System32\combase.dll
0x00007ffec5330000 - 0x00007ffec535e000 	C:\WINDOWS\SYSTEM32\Wldp.dll
0x00007ffec7050000 - 0x00007ffec70fd000 	C:\WINDOWS\System32\SHCORE.dll
0x00007ffec7a80000 - 0x00007ffec7ad5000 	C:\WINDOWS\System32\shlwapi.dll
0x00007ffec5820000 - 0x00007ffec5845000 	C:\WINDOWS\SYSTEM32\profapi.dll
0x00007ffea7e00000 - 0x00007ffea7e19000 	F:\Android Studio\jbr\bin\net.dll
0x00007ffeb7580000 - 0x00007ffeb768a000 	C:\WINDOWS\SYSTEM32\WINHTTP.dll
0x00007ffec5090000 - 0x00007ffec50fa000 	C:\WINDOWS\system32\mswsock.dll
0x00007ffea77b0000 - 0x00007ffea77c6000 	F:\Android Studio\jbr\bin\nio.dll
0x00007ffebd250000 - 0x00007ffebd260000 	F:\Android Studio\jbr\bin\verify.dll
0x00007ffebc450000 - 0x00007ffebc477000 	C:\Users\Zunair\.gradle\native\68d5fa5c4cc2d200863cafc0d521ce42e7d3e7ee720ec0a83991735586a16f82\windows-amd64\native-platform.dll
0x00007ffe908a0000 - 0x00007ffe909e4000 	C:\Users\Zunair\.gradle\native\e376f236ea51e6404a007f0833ffe2c6e607c4080706a723a18a27aeea778392\windows-amd64\native-platform-file-events.dll
0x00007ffebcac0000 - 0x00007ffebcac9000 	F:\Android Studio\jbr\bin\management.dll
0x00007ffebae10000 - 0x00007ffebae1b000 	F:\Android Studio\jbr\bin\management_ext.dll
0x00007ffec7940000 - 0x00007ffec7948000 	C:\WINDOWS\System32\PSAPI.DLL
0x00007ffec5290000 - 0x00007ffec52a8000 	C:\WINDOWS\SYSTEM32\CRYPTSP.dll
0x00007ffec4930000 - 0x00007ffec4964000 	C:\WINDOWS\system32\rsaenh.dll
0x00007ffec5a10000 - 0x00007ffec5a37000 	C:\WINDOWS\System32\bcrypt.dll
0x00007ffec57e0000 - 0x00007ffec580e000 	C:\WINDOWS\SYSTEM32\USERENV.dll
0x00007ffec5280000 - 0x00007ffec528c000 	C:\WINDOWS\SYSTEM32\CRYPTBASE.dll
0x00007ffec4d30000 - 0x00007ffec4d6b000 	C:\WINDOWS\SYSTEM32\IPHLPAPI.DLL
0x00007ffec7e10000 - 0x00007ffec7e18000 	C:\WINDOWS\System32\NSI.dll
0x00007ffeb93c0000 - 0x00007ffeb93d7000 	C:\WINDOWS\SYSTEM32\dhcpcsvc6.DLL
0x00007ffeb9360000 - 0x00007ffeb937d000 	C:\WINDOWS\SYSTEM32\dhcpcsvc.DLL
0x00007ffec4d70000 - 0x00007ffec4e3a000 	C:\WINDOWS\SYSTEM32\DNSAPI.dll
0x00007ffe45d20000 - 0x00007ffe45d27000 	C:\WINDOWS\system32\wshunix.dll

dbghelp: loaded successfully - version: 4.0.5 - missing functions: none
symbol engine: initialized successfully - sym options: 0x614 - pdb path: .;F:\Android Studio\jbr\bin;C:\WINDOWS\SYSTEM32;C:\WINDOWS\WinSxS\amd64_microsoft.windows.common-controls_6595b64144ccf1df_6.0.19041.1110_none_60b5254171f9507e;F:\Android Studio\jbr\bin\server;C:\Users\Zunair\.gradle\native\68d5fa5c4cc2d200863cafc0d521ce42e7d3e7ee720ec0a83991735586a16f82\windows-amd64;C:\Users\Zunair\.gradle\native\e376f236ea51e6404a007f0833ffe2c6e607c4080706a723a18a27aeea778392\windows-amd64

VM Arguments:
jvm_args: --add-opens=java.base/java.util=ALL-UNNAMED --add-opens=java.base/java.lang=ALL-UNNAMED --add-opens=java.base/java.lang.invoke=ALL-UNNAMED --add-opens=java.prefs/java.util.prefs=ALL-UNNAMED --add-opens=java.base/java.nio.charset=ALL-UNNAMED --add-opens=java.base/java.net=ALL-UNNAMED --add-opens=java.base/java.util.concurrent.atomic=ALL-UNNAMED -Xmx2048m -Dfile.encoding=UTF-8 -Duser.country=US -Duser.language=en -Duser.variant 
java_command: org.gradle.launcher.daemon.bootstrap.GradleDaemon 8.0
java_class_path (initial): C:\Users\Zunair\.gradle\wrapper\dists\gradle-8.0-bin\ca5e32bp14vu59qr306oxotwh\gradle-8.0\lib\gradle-launcher-8.0.jar
Launcher Type: SUN_STANDARD

[Global flags]
     intx CICompilerCount                          = 4                                         {product} {ergonomic}
     uint ConcGCThreads                            = 2                                         {product} {ergonomic}
     uint G1ConcRefinementThreads                  = 8                                         {product} {ergonomic}
   size_t G1HeapRegionSize                         = 1048576                                   {product} {ergonomic}
    uintx GCDrainStackTargetSize                   = 64                                        {product} {ergonomic}
   size_t InitialHeapSize                          = 132120576                                 {product} {ergonomic}
   size_t MarkStackSize                            = 4194304                                   {product} {ergonomic}
   size_t MaxHeapSize                              = 2147483648                                {product} {command line}
   size_t MaxNewSize                               = 1287651328                                {product} {ergonomic}
   size_t MinHeapDeltaBytes                        = 1048576                                   {product} {ergonomic}
   size_t MinHeapSize                              = 8388608                                   {product} {ergonomic}
    uintx NonNMethodCodeHeapSize                   = 5839372                                {pd product} {ergonomic}
    uintx NonProfiledCodeHeapSize                  = 122909434                              {pd product} {ergonomic}
    uintx ProfiledCodeHeapSize                     = 122909434                              {pd product} {ergonomic}
    uintx ReservedCodeCacheSize                    = 251658240                              {pd product} {ergonomic}
     bool SegmentedCodeCache                       = true                                      {product} {ergonomic}
   size_t SoftMaxHeapSize                          = 2147483648                             {manageable} {ergonomic}
     bool UseCompressedClassPointers               = true                           {product lp64_product} {ergonomic}
     bool UseCompressedOops                        = true                           {product lp64_product} {ergonomic}
     bool UseG1GC                                  = true                                      {product} {ergonomic}
     bool UseLargePagesIndividualAllocation        = false                                  {pd product} {ergonomic}

Logging:
Log output configuration:
 #0: stdout all=warning uptime,level,tags
 #1: stderr all=off uptime,level,tags

Environment Variables:
JAVA_HOME=C:\Program Files\Java\jdk1.8.0_66
PATH=C:\Program Files\Java\jdk1.8.0_66\bin;C:\Program Files\Common Files\Oracle\Java\javapath;C:\ProgramData\Oracle\Java\javapath;C:\WINDOWS\system32;C:\WINDOWS;C:\WINDOWS\System32\Wbem;C:\WINDOWS\System32\WindowsPowerShell\v1.0\;C:\WINDOWS\System32\OpenSSH\;C:\Program Files (x86)\Windows Kits\8.1\Windows Performance Toolkit\;C:\Program Files\Microsoft SQL Server\120\Tools\Binn\;C:\Program Files\Microsoft SQL Server\130\Tools\Binn\;C:\Program Files\dotnet\;C:\Users\Zunair\AppData\Local\Microsoft\WindowsApps;C:\Users\Zunair\IntelliJ IDEA Community Edition 2020.3.3\bin;;C:\Users\Zunair\AppData\Local\Programs\Python\Python38\Scripts;
USERNAME=Zunair Personal
OS=Windows_NT
PROCESSOR_IDENTIFIER=Intel64 Family 6 Model 142 Stepping 11, GenuineIntel
TMP=C:\Users\Zunair\AppData\Local\Temp
TEMP=C:\Users\Zunair\AppData\Local\Temp


JNI global refs:
JNI global refs: 26, weak refs: 2

JNI global refs memory usage: 843, weak refs: 841


---------------  S Y S T E M  ---------------

OS:
 Windows 10 , 64 bit Build 19041 (10.0.19041.3155)
OS uptime: 0 days 10:53 hours

CPU: total 8 (initial active 8) (4 cores per cpu, 2 threads per core) family 6 model 142 stepping 11 microcode 0xf0, cx8, cmov, fxsr, ht, mmx, 3dnowpref, sse, sse2, sse3, ssse3, sse4.1, sse4.2, popcnt, lzcnt, tsc, tscinvbit, avx, avx2, aes, erms, clmul, bmi1, bmi2, adx, fma, vzeroupper, clflush, clflushopt

Memory: 4k page, system-wide physical 8062M (297M free)
TotalPageFile size 32638M (AvailPageFile size 3M)
current process WorkingSet (physical memory assigned to process): 234M, peak: 234M
current process commit charge ("private bytes"): 273M, peak: 273M

vm_info: OpenJDK 64-Bit Server VM (17.0.6+0-b2043.56-10027231) for windows-amd64 JRE (17.0.6+0-b2043.56-10027231), built on Apr 28 2023 00:43:19 by "androidbuild" with MS VC++ 16.10 / 16.11 (VS2019)

END.
