#
# There is insufficient memory for the Java Runtime Environment to continue.
# Native memory allocation (mmap) failed to map 32505856 bytes for G1 virtual space
# Possible reasons:
#   The system is out of physical RAM or swap space
#   The process is running with CompressedOops enabled, and the Java Heap may be blocking the growth of the native heap
# Possible solutions:
#   Reduce memory load on the system
#   Increase physical memory or swap space
#   Check if swap backing store is full
#   Decrease Java heap size (-Xmx/-Xms)
#   Decrease number of Java threads
#   Decrease Java thread stack sizes (-Xss)
#   Set larger code cache with -XX:ReservedCodeCacheSize=
#   JVM is running with Unscaled Compressed Oops mode in which the Java heap is
#     placed in the first 4GB address space. The Java Heap base address is the
#     maximum limit for the native heap growth. Please use -XX:HeapBaseMinAddress
#     to set the Java Heap base and to place the Java Heap above 4GB virtual address.
# This output file may be truncated or incomplete.
#
#  Out of Memory Error (os_windows.cpp:3769), pid=25424, tid=7420
#
# JRE version: OpenJDK Runtime Environment (17.0.6) (build 17.0.6+0-b2043.56-10027231)
# Java VM: OpenJDK 64-Bit Server VM (17.0.6+0-b2043.56-10027231, mixed mode, tiered, compressed oops, compressed class ptrs, g1 gc, windows-amd64)
# No core dump will be written. Minidumps are not enabled by default on client versions of Windows
#

---------------  S U M M A R Y ------------

Command Line: --add-opens=java.base/java.util=ALL-UNNAMED --add-opens=java.base/java.lang=ALL-UNNAMED --add-opens=java.base/java.lang.invoke=ALL-UNNAMED --add-opens=java.prefs/java.util.prefs=ALL-UNNAMED --add-opens=java.base/java.nio.charset=ALL-UNNAMED --add-opens=java.base/java.net=ALL-UNNAMED --add-opens=java.base/java.util.concurrent.atomic=ALL-UNNAMED -Xmx2048m -Dfile.encoding=UTF-8 -Duser.country=US -Duser.language=en -Duser.variant org.gradle.launcher.daemon.bootstrap.GradleDaemon 8.0

Host: Intel(R) Core(TM) i7-8565U CPU @ 1.80GHz, 8 cores, 7G,  Windows 10 , 64 bit Build 19041 (10.0.19041.3155)
Time: Sat Aug 12 09:49:24 2023 Pakistan Standard Time elapsed time: 5.100294 seconds (0d 0h 0m 5s)

---------------  T H R E A D  ---------------

Current thread (0x0000020b19bdd850):  VMThread "VM Thread" [stack: 0x000000e7b2f00000,0x000000e7b3000000] [id=7420]

Stack: [0x000000e7b2f00000,0x000000e7b3000000]
Native frames: (J=compiled Java code, j=interpreted, Vv=VM code, C=native code)
V  [jvm.dll+0x683c9a]
V  [jvm.dll+0x8427a4]
V  [jvm.dll+0x843f9e]
V  [jvm.dll+0x844603]
V  [jvm.dll+0x249b75]
V  [jvm.dll+0x680b69]
V  [jvm.dll+0x67505a]
V  [jvm.dll+0x309acb]
V  [jvm.dll+0x310f86]
V  [jvm.dll+0x3608ee]
V  [jvm.dll+0x360b1f]
V  [jvm.dll+0x2dfbf8]
V  [jvm.dll+0x2ddec4]
V  [jvm.dll+0x2dd4cc]
V  [jvm.dll+0x321f3b]
V  [jvm.dll+0x848ccb]
V  [jvm.dll+0x849a04]
V  [jvm.dll+0x849f1d]
V  [jvm.dll+0x84a2f4]
V  [jvm.dll+0x84a3c0]
V  [jvm.dll+0x7f274a]
V  [jvm.dll+0x682ad5]
C  [ucrtbase.dll+0x21bb2]
C  [KERNEL32.DLL+0x17614]
C  [ntdll.dll+0x526b1]

VM_Operation (0x000000e7b47f6850): G1CollectForAllocation, mode: safepoint, requested by thread 0x0000020b1db02810


---------------  P R O C E S S  ---------------

Threads class SMR info:
_java_thread_list=0x0000020b1e08c2b0, length=42, elements={
0x0000020b7ddcaad0, 0x0000020b19c18250, 0x0000020b19bdf380, 0x0000020b19c00040,
0x0000020b19c01a10, 0x0000020b19c024d0, 0x0000020b19c04da0, 0x0000020b19c05c50,
0x0000020b1a828d20, 0x0000020b1a833a50, 0x0000020b1a998810, 0x0000020b1a9a1260,
0x0000020b1d2995c0, 0x0000020b1aabf400, 0x0000020b1c1bb170, 0x0000020b1d292eb0,
0x0000020b1dafaf80, 0x0000020b1d211900, 0x0000020b1db02810, 0x0000020b1db65600,
0x0000020b1db65ad0, 0x0000020b1db63450, 0x0000020b1db63920, 0x0000020b1db64c60,
0x0000020b1db62f80, 0x0000020b1db64790, 0x0000020b1db65130, 0x0000020b1db63df0,
0x0000020b1db642c0, 0x0000020b1db66470, 0x0000020b1db66940, 0x0000020b1e8127e0,
0x0000020b1e80fc90, 0x0000020b1e8114a0, 0x0000020b1e812cb0, 0x0000020b1e810630,
0x0000020b1e810b00, 0x0000020b1e810fd0, 0x0000020b1e811e40, 0x0000020b1e813180,
0x0000020b1e813650, 0x0000020b2040d830
}

Java Threads: ( => current thread )
  0x0000020b7ddcaad0 JavaThread "main" [_thread_blocked, id=25492, stack(0x000000e7b2900000,0x000000e7b2a00000)]
  0x0000020b19c18250 JavaThread "Reference Handler" daemon [_thread_blocked, id=11516, stack(0x000000e7b3000000,0x000000e7b3100000)]
  0x0000020b19bdf380 JavaThread "Finalizer" daemon [_thread_blocked, id=12952, stack(0x000000e7b3100000,0x000000e7b3200000)]
  0x0000020b19c00040 JavaThread "Signal Dispatcher" daemon [_thread_blocked, id=7068, stack(0x000000e7b3200000,0x000000e7b3300000)]
  0x0000020b19c01a10 JavaThread "Attach Listener" daemon [_thread_blocked, id=25384, stack(0x000000e7b3300000,0x000000e7b3400000)]
  0x0000020b19c024d0 JavaThread "Service Thread" daemon [_thread_blocked, id=2964, stack(0x000000e7b3400000,0x000000e7b3500000)]
  0x0000020b19c04da0 JavaThread "Monitor Deflation Thread" daemon [_thread_blocked, id=21840, stack(0x000000e7b3500000,0x000000e7b3600000)]
  0x0000020b19c05c50 JavaThread "C2 CompilerThread0" daemon [_thread_blocked, id=23808, stack(0x000000e7b3600000,0x000000e7b3700000)]
  0x0000020b1a828d20 JavaThread "C1 CompilerThread0" daemon [_thread_blocked, id=13340, stack(0x000000e7b3700000,0x000000e7b3800000)]
  0x0000020b1a833a50 JavaThread "Sweeper thread" daemon [_thread_blocked, id=10280, stack(0x000000e7b3800000,0x000000e7b3900000)]
  0x0000020b1a998810 JavaThread "Common-Cleaner" daemon [_thread_blocked, id=5652, stack(0x000000e7b3900000,0x000000e7b3a00000)]
  0x0000020b1a9a1260 JavaThread "Notification Thread" daemon [_thread_blocked, id=6324, stack(0x000000e7b3a00000,0x000000e7b3b00000)]
  0x0000020b1d2995c0 JavaThread "Daemon health stats" [_thread_blocked, id=13864, stack(0x000000e7b4100000,0x000000e7b4200000)]
  0x0000020b1aabf400 JavaThread "Incoming local TCP Connector on port 56238" [_thread_in_native, id=11232, stack(0x000000e7b3c00000,0x000000e7b3d00000)]
  0x0000020b1c1bb170 JavaThread "Daemon periodic checks" [_thread_blocked, id=25204, stack(0x000000e7b4300000,0x000000e7b4400000)]
  0x0000020b1d292eb0 JavaThread "Daemon" [_thread_blocked, id=24924, stack(0x000000e7b4400000,0x000000e7b4500000)]
  0x0000020b1dafaf80 JavaThread "Handler for socket connection from /127.0.0.1:56238 to /127.0.0.1:56239" [_thread_in_native, id=23476, stack(0x000000e7b4500000,0x000000e7b4600000)]
  0x0000020b1d211900 JavaThread "Cancel handler" [_thread_blocked, id=24844, stack(0x000000e7b4600000,0x000000e7b4700000)]
  0x0000020b1db02810 JavaThread "Daemon worker" [_thread_blocked, id=15908, stack(0x000000e7b4700000,0x000000e7b4800000)]
  0x0000020b1db65600 JavaThread "Asynchronous log dispatcher for DefaultDaemonConnection: socket connection from /127.0.0.1:56238 to /127.0.0.1:56239" [_thread_blocked, id=21128, stack(0x000000e7b4800000,0x000000e7b4900000)]
  0x0000020b1db65ad0 JavaThread "Stdin handler" [_thread_blocked, id=9544, stack(0x000000e7b4900000,0x000000e7b4a00000)]
  0x0000020b1db63450 JavaThread "Daemon client event forwarder" [_thread_blocked, id=14872, stack(0x000000e7b4a00000,0x000000e7b4b00000)]
  0x0000020b1db63920 JavaThread "Cache worker for journal cache (C:\Users\Zunair\.gradle\caches\journal-1)" [_thread_blocked, id=24928, stack(0x000000e7b4f00000,0x000000e7b5000000)]
  0x0000020b1db64c60 JavaThread "File lock request listener" [_thread_in_native, id=25552, stack(0x000000e7b5000000,0x000000e7b5100000)]
  0x0000020b1db62f80 JavaThread "Cache worker for file hash cache (C:\Users\Zunair\.gradle\caches\8.0\fileHashes)" [_thread_blocked, id=25428, stack(0x000000e7b5100000,0x000000e7b5200000)]
  0x0000020b1db64790 JavaThread "File watcher server" daemon [_thread_in_native, id=12192, stack(0x000000e7b5200000,0x000000e7b5300000)]
  0x0000020b1db65130 JavaThread "File watcher consumer" daemon [_thread_blocked, id=25500, stack(0x000000e7b5300000,0x000000e7b5400000)]
  0x0000020b1db63df0 JavaThread "jar transforms" [_thread_blocked, id=12572, stack(0x000000e7b5400000,0x000000e7b5500000)]
  0x0000020b1db642c0 JavaThread "jar transforms Thread 2" [_thread_blocked, id=15804, stack(0x000000e7b5500000,0x000000e7b5600000)]
  0x0000020b1db66470 JavaThread "jar transforms Thread 3" [_thread_blocked, id=15096, stack(0x000000e7b5600000,0x000000e7b5700000)]
  0x0000020b1db66940 JavaThread "jar transforms Thread 4" [_thread_blocked, id=10012, stack(0x000000e7b5700000,0x000000e7b5800000)]
  0x0000020b1e8127e0 JavaThread "jar transforms Thread 5" [_thread_blocked, id=25340, stack(0x000000e7b5800000,0x000000e7b5900000)]
  0x0000020b1e80fc90 JavaThread "jar transforms Thread 6" [_thread_blocked, id=10628, stack(0x000000e7b5900000,0x000000e7b5a00000)]
  0x0000020b1e8114a0 JavaThread "jar transforms Thread 7" [_thread_blocked, id=20896, stack(0x000000e7b5a00000,0x000000e7b5b00000)]
  0x0000020b1e812cb0 JavaThread "jar transforms Thread 8" [_thread_blocked, id=22204, stack(0x000000e7b5b00000,0x000000e7b5c00000)]
  0x0000020b1e810630 JavaThread "Cache worker for checksums cache (F:\Android Studio Projects\.gradle\8.0\checksums)" [_thread_blocked, id=4868, stack(0x000000e7b5c00000,0x000000e7b5d00000)]
  0x0000020b1e810b00 JavaThread "Cache worker for cache directory md-rule (C:\Users\Zunair\.gradle\caches\8.0\md-rule)" [_thread_blocked, id=22776, stack(0x000000e7b5d00000,0x000000e7b5e00000)]
  0x0000020b1e810fd0 JavaThread "Cache worker for file content cache (C:\Users\Zunair\.gradle\caches\8.0\fileContent)" [_thread_blocked, id=6388, stack(0x000000e7b5e00000,0x000000e7b5f00000)]
  0x0000020b1e811e40 JavaThread "Cache worker for file hash cache (F:\Android Studio Projects\.gradle\8.0\fileHashes)" [_thread_blocked, id=23992, stack(0x000000e7b5f00000,0x000000e7b6000000)]
  0x0000020b1e813180 JavaThread "Cache worker for cache directory md-supplier (C:\Users\Zunair\.gradle\caches\8.0\md-supplier)" [_thread_blocked, id=23980, stack(0x000000e7b6000000,0x000000e7b6100000)]
  0x0000020b1e813650 JavaThread "Cache worker for execution history cache (C:\Users\Zunair\.gradle\caches\8.0\executionHistory)" [_thread_blocked, id=22564, stack(0x000000e7b6100000,0x000000e7b6200000)]
  0x0000020b2040d830 JavaThread "C2 CompilerThread1" daemon [_thread_blocked, id=23740, stack(0x000000e7b4200000,0x000000e7b4300000)]

Other Threads:
=>0x0000020b19bdd850 VMThread "VM Thread" [stack: 0x000000e7b2f00000,0x000000e7b3000000] [id=7420]
  0x0000020b7de3e040 WatcherThread [stack: 0x000000e7b3b00000,0x000000e7b3c00000] [id=23004]
  0x0000020b7de26c00 GCTaskThread "GC Thread#0" [stack: 0x000000e7b2a00000,0x000000e7b2b00000] [id=14796]
  0x0000020b1ae65ab0 GCTaskThread "GC Thread#1" [stack: 0x000000e7b3d00000,0x000000e7b3e00000] [id=25376]
  0x0000020b1ae65550 GCTaskThread "GC Thread#2" [stack: 0x000000e7b3e00000,0x000000e7b3f00000] [id=1612]
  0x0000020b1ae64d40 GCTaskThread "GC Thread#3" [stack: 0x000000e7b3f00000,0x000000e7b4000000] [id=11456]
  0x0000020b1ae64280 GCTaskThread "GC Thread#4" [stack: 0x000000e7b4000000,0x000000e7b4100000] [id=25436]
  0x0000020b1ae652a0 GCTaskThread "GC Thread#5" [stack: 0x000000e7b4b00000,0x000000e7b4c00000] [id=8764]
  0x0000020b1ae64ff0 GCTaskThread "GC Thread#6" [stack: 0x000000e7b4c00000,0x000000e7b4d00000] [id=10120]
  0x0000020b1ae647e0 GCTaskThread "GC Thread#7" [stack: 0x000000e7b4d00000,0x000000e7b4e00000] [id=2520]
  0x0000020b7de37a50 ConcurrentGCThread "G1 Main Marker" [stack: 0x000000e7b2b00000,0x000000e7b2c00000] [id=4664]
  0x0000020b7de38370 ConcurrentGCThread "G1 Conc#0" [stack: 0x000000e7b2c00000,0x000000e7b2d00000] [id=24688]
  0x0000020b1be09db0 ConcurrentGCThread "G1 Conc#1" [stack: 0x000000e7b4e00000,0x000000e7b4f00000] [id=15228]
  0x0000020b7de9e810 ConcurrentGCThread "G1 Refine#0" [stack: 0x000000e7b2d00000,0x000000e7b2e00000] [id=9196]
  0x0000020b19a45330 ConcurrentGCThread "G1 Service" [stack: 0x000000e7b2e00000,0x000000e7b2f00000] [id=3744]

Threads with active compile tasks:
C2 CompilerThread0     5138 3409       4       java.util.AbstractCollection::addAll (42 bytes)
C2 CompilerThread1     5138 3612       4       jdk.internal.jrtfs.JrtPath::normalize (97 bytes)

VM state: at safepoint (normal execution)

VM Mutex/Monitor currently owned by a thread:  ([mutex/lock_event])
[0x0000020b7ddc7f60] Threads_lock - owner thread: 0x0000020b19bdd850
[0x0000020b7ddc8a10] Heap_lock - owner thread: 0x0000020b1db02810

Heap address: 0x0000000080000000, size: 2048 MB, Compressed Oops mode: 32-bit

CDS archive(s) not mapped
Compressed class space mapped at: 0x0000000100000000-0x0000000140000000, reserved size: 1073741824
Narrow klass base: 0x0000000000000000, Narrow klass shift: 3, Narrow klass range: 0x140000000

GC Precious Log:
 CPUs: 8 total, 8 available
 Memory: 8062M
 Large Page Support: Disabled
 NUMA Support: Disabled
 Compressed Oops: Enabled (32-bit)
 Heap Region Size: 1M
 Heap Min Capacity: 8M
 Heap Initial Capacity: 126M
 Heap Max Capacity: 2G
 Pre-touch: Disabled
 Parallel Workers: 8
 Concurrent Workers: 2
 Concurrent Refinement Workers: 8
 Periodic GC: Disabled

Heap:
 garbage-first heap   total 89088K, used 54234K [0x0000000080000000, 0x0000000100000000)
  region size 1024K, 3 young (3072K), 3 survivors (3072K)
 Metaspace       used 41613K, committed 42048K, reserved 1089536K
  class space    used 5569K, committed 5760K, reserved 1048576K

Heap Regions: E=young(eden), S=young(survivor), O=old, HS=humongous(starts), HC=humongous(continues), CS=collection set, F=free, OA=open archive, CA=closed archive, TAMS=top-at-mark-start (previous, next)
|   0|0x0000000080000000, 0x0000000080100000, 0x0000000080100000|100%|HS|  |TAMS 0x0000000080100000, 0x0000000080000000| Complete 
|   1|0x0000000080100000, 0x0000000080200000, 0x0000000080200000|100%|HC|  |TAMS 0x0000000080200000, 0x0000000080100000| Complete 
|   2|0x0000000080200000, 0x0000000080300000, 0x0000000080300000|100%|HC|  |TAMS 0x0000000080300000, 0x0000000080200000| Complete 
|   3|0x0000000080300000, 0x0000000080400000, 0x0000000080400000|100%|HC|  |TAMS 0x0000000080400000, 0x0000000080300000| Complete 
|   4|0x0000000080400000, 0x0000000080500000, 0x0000000080500000|100%| O|  |TAMS 0x0000000080500000, 0x0000000080400000| Untracked 
|   5|0x0000000080500000, 0x0000000080600000, 0x0000000080600000|100%| O|  |TAMS 0x0000000080600000, 0x0000000080500000| Untracked 
|   6|0x0000000080600000, 0x0000000080700000, 0x0000000080700000|100%| O|  |TAMS 0x0000000080700000, 0x0000000080600000| Untracked 
|   7|0x0000000080700000, 0x0000000080800000, 0x0000000080800000|100%| O|  |TAMS 0x0000000080800000, 0x0000000080700000| Untracked 
|   8|0x0000000080800000, 0x0000000080900000, 0x0000000080900000|100%| O|  |TAMS 0x0000000080900000, 0x0000000080800000| Untracked 
|   9|0x0000000080900000, 0x0000000080a00000, 0x0000000080a00000|100%| O|  |TAMS 0x0000000080a00000, 0x0000000080900000| Untracked 
|  10|0x0000000080a00000, 0x0000000080b00000, 0x0000000080b00000|100%| O|  |TAMS 0x0000000080b00000, 0x0000000080a00000| Untracked 
|  11|0x0000000080b00000, 0x0000000080c00000, 0x0000000080c00000|100%| O|  |TAMS 0x0000000080c00000, 0x0000000080b00000| Untracked 
|  12|0x0000000080c00000, 0x0000000080d00000, 0x0000000080d00000|100%| O|  |TAMS 0x0000000080d00000, 0x0000000080c00000| Untracked 
|  13|0x0000000080d00000, 0x0000000080e00000, 0x0000000080e00000|100%| O|  |TAMS 0x0000000080e00000, 0x0000000080d00000| Untracked 
|  14|0x0000000080e00000, 0x0000000080f00000, 0x0000000080f00000|100%| O|  |TAMS 0x0000000080f00000, 0x0000000080e00000| Untracked 
|  15|0x0000000080f00000, 0x0000000081000000, 0x0000000081000000|100%| O|  |TAMS 0x0000000081000000, 0x0000000080f00000| Untracked 
|  16|0x0000000081000000, 0x0000000081100000, 0x0000000081100000|100%| O|  |TAMS 0x0000000081100000, 0x0000000081000000| Untracked 
|  17|0x0000000081100000, 0x0000000081200000, 0x0000000081200000|100%| O|  |TAMS 0x0000000081200000, 0x0000000081100000| Untracked 
|  18|0x0000000081200000, 0x0000000081300000, 0x0000000081300000|100%| O|  |TAMS 0x0000000081300000, 0x0000000081200000| Untracked 
|  19|0x0000000081300000, 0x0000000081400000, 0x0000000081400000|100%| O|  |TAMS 0x0000000081400000, 0x0000000081300000| Untracked 
|  20|0x0000000081400000, 0x0000000081500000, 0x0000000081500000|100%| O|  |TAMS 0x0000000081500000, 0x0000000081400000| Untracked 
|  21|0x0000000081500000, 0x0000000081600000, 0x0000000081600000|100%|HS|  |TAMS 0x0000000081600000, 0x0000000081500000| Complete 
|  22|0x0000000081600000, 0x0000000081700000, 0x0000000081700000|100%|HC|  |TAMS 0x0000000081700000, 0x0000000081600000| Complete 
|  23|0x0000000081700000, 0x0000000081800000, 0x0000000081800000|100%|HS|  |TAMS 0x0000000081800000, 0x0000000081700000| Complete 
|  24|0x0000000081800000, 0x0000000081900000, 0x0000000081900000|100%|HC|  |TAMS 0x0000000081900000, 0x0000000081800000| Complete 
|  25|0x0000000081900000, 0x0000000081a00000, 0x0000000081a00000|100%|HC|  |TAMS 0x0000000081a00000, 0x0000000081900000| Complete 
|  26|0x0000000081a00000, 0x0000000081b00000, 0x0000000081b00000|100%|HS|  |TAMS 0x0000000081b00000, 0x0000000081a00000| Complete 
|  27|0x0000000081b00000, 0x0000000081c00000, 0x0000000081c00000|100%|HC|  |TAMS 0x0000000081c00000, 0x0000000081b00000| Complete 
|  28|0x0000000081c00000, 0x0000000081d00000, 0x0000000081d00000|100%|HC|  |TAMS 0x0000000081d00000, 0x0000000081c00000| Complete 
|  29|0x0000000081d00000, 0x0000000081e00000, 0x0000000081e00000|100%|HS|  |TAMS 0x0000000081e00000, 0x0000000081d00000| Complete 
|  30|0x0000000081e00000, 0x0000000081f00000, 0x0000000081f00000|100%|HC|  |TAMS 0x0000000081f00000, 0x0000000081e00000| Complete 
|  31|0x0000000081f00000, 0x0000000082000000, 0x0000000082000000|100%|HC|  |TAMS 0x0000000082000000, 0x0000000081f00000| Complete 
|  32|0x0000000082000000, 0x0000000082100000, 0x0000000082100000|100%|HC|  |TAMS 0x0000000082100000, 0x0000000082000000| Complete 
|  33|0x0000000082100000, 0x0000000082200000, 0x0000000082200000|100%|HC|  |TAMS 0x0000000082200000, 0x0000000082100000| Complete 
|  34|0x0000000082200000, 0x0000000082300000, 0x0000000082300000|100%|HC|  |TAMS 0x0000000082300000, 0x0000000082200000| Complete 
|  35|0x0000000082300000, 0x0000000082400000, 0x0000000082400000|100%|HC|  |TAMS 0x0000000082400000, 0x0000000082300000| Complete 
|  36|0x0000000082400000, 0x0000000082500000, 0x0000000082500000|100%|HC|  |TAMS 0x0000000082500000, 0x0000000082400000| Complete 
|  37|0x0000000082500000, 0x0000000082600000, 0x0000000082600000|100%|HC|  |TAMS 0x0000000082600000, 0x0000000082500000| Complete 
|  38|0x0000000082600000, 0x0000000082700000, 0x0000000082700000|100%|HC|  |TAMS 0x0000000082700000, 0x0000000082600000| Complete 
|  39|0x0000000082700000, 0x0000000082800000, 0x0000000082800000|100%|HC|  |TAMS 0x0000000082800000, 0x0000000082700000| Complete 
|  40|0x0000000082800000, 0x0000000082900000, 0x0000000082900000|100%|HC|  |TAMS 0x0000000082900000, 0x0000000082800000| Complete 
|  41|0x0000000082900000, 0x0000000082a00000, 0x0000000082a00000|100%| O|  |TAMS 0x0000000082a00000, 0x0000000082900000| Untracked 
|  42|0x0000000082a00000, 0x0000000082b00000, 0x0000000082b00000|100%|HS|  |TAMS 0x0000000082b00000, 0x0000000082a00000| Complete 
|  43|0x0000000082b00000, 0x0000000082c00000, 0x0000000082c00000|100%|HC|  |TAMS 0x0000000082c00000, 0x0000000082b00000| Complete 
|  44|0x0000000082c00000, 0x0000000082d00000, 0x0000000082d00000|100%| O|  |TAMS 0x0000000082cc9200, 0x0000000082c00000| Untracked 
|  45|0x0000000082d00000, 0x0000000082e00000, 0x0000000082e00000|100%| O|  |TAMS 0x0000000082d00000, 0x0000000082d00000| Untracked 
|  46|0x0000000082e00000, 0x0000000082f00000, 0x0000000082f00000|100%| O|  |TAMS 0x0000000082f00000, 0x0000000082e00000| Untracked 
|  47|0x0000000082f00000, 0x0000000083000000, 0x0000000083000000|100%| O|  |TAMS 0x0000000083000000, 0x0000000082f00000| Untracked 
|  48|0x0000000083000000, 0x0000000083100000, 0x0000000083100000|100%| O|  |TAMS 0x0000000083000000, 0x0000000083000000| Untracked 
|  49|0x0000000083100000, 0x0000000083200000, 0x0000000083200000|100%| O|  |TAMS 0x0000000083100000, 0x0000000083100000| Untracked 
|  50|0x0000000083200000, 0x0000000083280a00, 0x0000000083300000| 50%| O|  |TAMS 0x0000000083200000, 0x0000000083200000| Untracked 
|  51|0x0000000083300000, 0x0000000083300000, 0x0000000083400000|  0%| F|  |TAMS 0x0000000083300000, 0x0000000083300000| Untracked 
|  52|0x0000000083400000, 0x0000000083400000, 0x0000000083500000|  0%| F|  |TAMS 0x0000000083400000, 0x0000000083400000| Untracked 
|  53|0x0000000083500000, 0x0000000083500000, 0x0000000083600000|  0%| F|  |TAMS 0x0000000083500000, 0x0000000083500000| Untracked 
|  54|0x0000000083600000, 0x0000000083600000, 0x0000000083700000|  0%| F|  |TAMS 0x0000000083600000, 0x0000000083600000| Untracked 
|  55|0x0000000083700000, 0x0000000083700000, 0x0000000083800000|  0%| F|  |TAMS 0x0000000083700000, 0x0000000083700000| Untracked 
|  56|0x0000000083800000, 0x0000000083800000, 0x0000000083900000|  0%| F|  |TAMS 0x0000000083800000, 0x0000000083800000| Untracked 
|  57|0x0000000083900000, 0x0000000083900000, 0x0000000083a00000|  0%| F|  |TAMS 0x0000000083900000, 0x0000000083900000| Untracked 
|  58|0x0000000083a00000, 0x0000000083a00000, 0x0000000083b00000|  0%| F|  |TAMS 0x0000000083a00000, 0x0000000083a00000| Untracked 
|  59|0x0000000083b00000, 0x0000000083b00000, 0x0000000083c00000|  0%| F|  |TAMS 0x0000000083b00000, 0x0000000083b00000| Untracked 
|  60|0x0000000083c00000, 0x0000000083c00000, 0x0000000083d00000|  0%| F|  |TAMS 0x0000000083c00000, 0x0000000083c00000| Untracked 
|  61|0x0000000083d00000, 0x0000000083d00000, 0x0000000083e00000|  0%| F|  |TAMS 0x0000000083d00000, 0x0000000083d00000| Untracked 
|  62|0x0000000083e00000, 0x0000000083e00000, 0x0000000083f00000|  0%| F|  |TAMS 0x0000000083e00000, 0x0000000083e00000| Untracked 
|  63|0x0000000083f00000, 0x0000000083f00000, 0x0000000084000000|  0%| F|  |TAMS 0x0000000083f00000, 0x0000000083f00000| Untracked 
|  64|0x0000000084000000, 0x0000000084000000, 0x0000000084100000|  0%| F|  |TAMS 0x0000000084000000, 0x0000000084000000| Untracked 
|  65|0x0000000084100000, 0x0000000084100000, 0x0000000084200000|  0%| F|  |TAMS 0x0000000084100000, 0x0000000084100000| Untracked 
|  66|0x0000000084200000, 0x0000000084200000, 0x0000000084300000|  0%| F|  |TAMS 0x0000000084200000, 0x0000000084200000| Untracked 
|  67|0x0000000084300000, 0x0000000084300000, 0x0000000084400000|  0%| F|  |TAMS 0x0000000084300000, 0x0000000084300000| Untracked 
|  68|0x0000000084400000, 0x0000000084400000, 0x0000000084500000|  0%| F|  |TAMS 0x0000000084400000, 0x0000000084400000| Untracked 
|  69|0x0000000084500000, 0x0000000084575f80, 0x0000000084600000| 46%| S|CS|TAMS 0x0000000084500000, 0x0000000084500000| Complete 
|  70|0x0000000084600000, 0x0000000084700000, 0x0000000084700000|100%| S|CS|TAMS 0x0000000084600000, 0x0000000084600000| Complete 
|  71|0x0000000084700000, 0x0000000084800000, 0x0000000084800000|100%| S|CS|TAMS 0x0000000084700000, 0x0000000084700000| Complete 
|  72|0x0000000084800000, 0x0000000084800000, 0x0000000084900000|  0%| F|  |TAMS 0x0000000084800000, 0x0000000084800000| Untracked 
|  73|0x0000000084900000, 0x0000000084900000, 0x0000000084a00000|  0%| F|  |TAMS 0x0000000084900000, 0x0000000084900000| Untracked 
|  74|0x0000000084a00000, 0x0000000084a00000, 0x0000000084b00000|  0%| F|  |TAMS 0x0000000084a00000, 0x0000000084a00000| Untracked 
|  75|0x0000000084b00000, 0x0000000084b00000, 0x0000000084c00000|  0%| F|  |TAMS 0x0000000084b00000, 0x0000000084b00000| Untracked 
|  76|0x0000000084c00000, 0x0000000084c00000, 0x0000000084d00000|  0%| F|  |TAMS 0x0000000084c00000, 0x0000000084c00000| Untracked 
|  77|0x0000000084d00000, 0x0000000084d00000, 0x0000000084e00000|  0%| F|  |TAMS 0x0000000084d00000, 0x0000000084d00000| Untracked 
|  78|0x0000000084e00000, 0x0000000084e00000, 0x0000000084f00000|  0%| F|  |TAMS 0x0000000084e00000, 0x0000000084e00000| Untracked 
|  79|0x0000000084f00000, 0x0000000084f00000, 0x0000000085000000|  0%| F|  |TAMS 0x0000000084f00000, 0x0000000084f00000| Untracked 
|  80|0x0000000085000000, 0x0000000085000000, 0x0000000085100000|  0%| F|  |TAMS 0x0000000085000000, 0x0000000085000000| Untracked 
|  81|0x0000000085100000, 0x0000000085100000, 0x0000000085200000|  0%| F|  |TAMS 0x0000000085100000, 0x0000000085100000| Untracked 
|  82|0x0000000085200000, 0x0000000085200000, 0x0000000085300000|  0%| F|  |TAMS 0x0000000085200000, 0x0000000085200000| Untracked 
|  83|0x0000000085300000, 0x0000000085300000, 0x0000000085400000|  0%| F|  |TAMS 0x0000000085300000, 0x0000000085300000| Untracked 
|  84|0x0000000085400000, 0x0000000085400000, 0x0000000085500000|  0%| F|  |TAMS 0x0000000085400000, 0x0000000085400000| Untracked 
|  85|0x0000000085500000, 0x0000000085500000, 0x0000000085600000|  0%| F|  |TAMS 0x0000000085500000, 0x0000000085500000| Untracked 
| 125|0x0000000087d00000, 0x0000000087d00000, 0x0000000087e00000|  0%| F|  |TAMS 0x0000000087d00000, 0x0000000087d00000| Untracked 

Card table byte_map: [0x0000020b12910000,0x0000020b12d10000] _byte_map_base: 0x0000020b12510000

Marking Bits (Prev, Next): (CMBitMap*) 0x0000020b7de27120, (CMBitMap*) 0x0000020b7de27160
 Prev Bits: [0x0000020b13110000, 0x0000020b15110000)
 Next Bits: [0x0000020b15110000, 0x0000020b17110000)

Polling page: 0x0000020b7dea0000

Metaspace:

Usage:
  Non-class:     35.20 MB used.
      Class:      5.44 MB used.
       Both:     40.64 MB used.

Virtual space:
  Non-class space:       40.00 MB reserved,      35.44 MB ( 89%) committed,  5 nodes.
      Class space:        1.00 GB reserved,       5.62 MB ( <1%) committed,  1 nodes.
             Both:        1.04 GB reserved,      41.06 MB (  4%) committed. 

Chunk freelists:
   Non-Class:  3.97 MB
       Class:  2.22 MB
        Both:  6.19 MB

MaxMetaspaceSize: unlimited
CompressedClassSpaceSize: 1.00 GB
Initial GC threshold: 21.00 MB
Current GC threshold: 66.19 MB
CDS: off
MetaspaceReclaimPolicy: balanced
 - commit_granule_bytes: 65536.
 - commit_granule_words: 8192.
 - virtual_space_node_default_size: 1048576.
 - enlarge_chunks_in_place: 1.
 - new_chunks_are_fully_committed: 0.
 - uncommit_free_chunks: 1.
 - use_allocation_guard: 0.
 - handle_deallocations: 1.


Internal statistics:

num_allocs_failed_limit: 3.
num_arena_births: 386.
num_arena_deaths: 0.
num_vsnodes_births: 6.
num_vsnodes_deaths: 0.
num_space_committed: 657.
num_space_uncommitted: 0.
num_chunks_returned_to_freelist: 3.
num_chunks_taken_from_freelist: 1589.
num_chunk_merges: 3.
num_chunk_splits: 1016.
num_chunks_enlarged: 690.
num_purges: 0.
num_inconsistent_stats: 0.

CodeHeap 'non-profiled nmethods': size=120000Kb used=2055Kb max_used=2055Kb free=117944Kb
 bounds [0x0000020b0aed0000, 0x0000020b0b140000, 0x0000020b12400000]
CodeHeap 'profiled nmethods': size=120000Kb used=7299Kb max_used=7299Kb free=112700Kb
 bounds [0x0000020b03400000, 0x0000020b03b30000, 0x0000020b0a930000]
CodeHeap 'non-nmethods': size=5760Kb used=1583Kb max_used=1640Kb free=4176Kb
 bounds [0x0000020b0a930000, 0x0000020b0aba0000, 0x0000020b0aed0000]
 total_blobs=4233 nmethods=3584 adapters=561
 compilation: enabled
              stopped_count=0, restarted_count=0
 full_count=0

Compilation events (20 events):
Event: 5.069 Thread 0x0000020b1a828d20 3602   !   3       jdk.internal.jrtfs.JrtDirectoryStream$1::next (48 bytes)
Event: 5.069 Thread 0x0000020b1a828d20 nmethod 3602 0x0000020b03b1b790 code [0x0000020b03b1b960, 0x0000020b03b1be38]
Event: 5.069 Thread 0x0000020b1a828d20 3597       3       jdk.internal.jrtfs.JrtPath::checkPath (47 bytes)
Event: 5.070 Thread 0x0000020b1a828d20 nmethod 3597 0x0000020b03b1c110 code [0x0000020b03b1c3a0, 0x0000020b03b1cf18]
Event: 5.070 Thread 0x0000020b1a828d20 3598       3       jdk.internal.jrtfs.JrtFileSystem$$Lambda$482/0x00000001005c3098::test (12 bytes)
Event: 5.070 Thread 0x0000020b1a828d20 nmethod 3598 0x0000020b03b1d290 code [0x0000020b03b1d460, 0x0000020b03b1d8f8]
Event: 5.070 Thread 0x0000020b1a828d20 3599   !   3       jdk.internal.jrtfs.JrtFileSystem::lambda$iteratorOf$3 (11 bytes)
Event: 5.071 Thread 0x0000020b1a828d20 nmethod 3599 0x0000020b03b1db10 code [0x0000020b03b1dcc0, 0x0000020b03b1dff8]
Event: 5.071 Thread 0x0000020b1a828d20 3600       3       java.util.stream.StreamSpliterators$WrappingSpliterator$$Lambda$483/0x00000001005c3598::accept (9 bytes)
Event: 5.071 Thread 0x0000020b1a828d20 nmethod 3600 0x0000020b03b1e190 code [0x0000020b03b1e340, 0x0000020b03b1e508]
Event: 5.071 Thread 0x0000020b1a828d20 3603       3       java.util.stream.SpinedBuffer::get (123 bytes)
Event: 5.071 Thread 0x0000020b1a828d20 nmethod 3603 0x0000020b03b1e610 code [0x0000020b03b1e860, 0x0000020b03b1f058]
Event: 5.071 Thread 0x0000020b1a828d20 3605       3       jdk.internal.jimage.ImageBufferCache$2::compare (13 bytes)
Event: 5.072 Thread 0x0000020b2040d830 nmethod 3596 0x0000020b0b0d0810 code [0x0000020b0b0d09a0, 0x0000020b0b0d0c98]
Event: 5.072 Thread 0x0000020b1a828d20 nmethod 3605 0x0000020b03b1f410 code [0x0000020b03b1f640, 0x0000020b03b20018]
Event: 5.072 Thread 0x0000020b2040d830 3541       4       jdk.internal.jimage.ImageStringsReader::stringFromByteBuffer (73 bytes)
Event: 5.072 Thread 0x0000020b1a828d20 3606       3       jdk.internal.jimage.ImageBufferCache$2::compare (12 bytes)
Event: 5.072 Thread 0x0000020b1a828d20 nmethod 3606 0x0000020b03b20290 code [0x0000020b03b204a0, 0x0000020b03b20bf8]
Event: 5.090 Thread 0x0000020b2040d830 nmethod 3541 0x0000020b0b0d0f10 code [0x0000020b0b0d10c0, 0x0000020b0b0d1988]
Event: 5.090 Thread 0x0000020b2040d830 3612       4       jdk.internal.jrtfs.JrtPath::normalize (97 bytes)

GC Heap History (20 events):
Event: 0.941 GC heap after
{Heap after GC invocations=2 (full 0):
 garbage-first heap   total 129024K, used 14493K [0x0000000080000000, 0x0000000100000000)
  region size 1024K, 4 young (4096K), 4 survivors (4096K)
 Metaspace       used 11185K, committed 11392K, reserved 1064960K
  class space    used 1161K, committed 1280K, reserved 1048576K
}
Event: 1.903 GC heap before
{Heap before GC invocations=2 (full 0):
 garbage-first heap   total 129024K, used 51357K [0x0000000080000000, 0x0000000100000000)
  region size 1024K, 41 young (41984K), 4 survivors (4096K)
 Metaspace       used 21303K, committed 21504K, reserved 1073152K
  class space    used 2573K, committed 2688K, reserved 1048576K
}
Event: 1.909 GC heap after
{Heap after GC invocations=3 (full 0):
 garbage-first heap   total 129024K, used 18440K [0x0000000080000000, 0x0000000100000000)
  region size 1024K, 8 young (8192K), 8 survivors (8192K)
 Metaspace       used 21303K, committed 21504K, reserved 1073152K
  class space    used 2573K, committed 2688K, reserved 1048576K
}
Event: 2.527 GC heap before
{Heap before GC invocations=4 (full 0):
 garbage-first heap   total 68608K, used 51208K [0x0000000080000000, 0x0000000100000000)
  region size 1024K, 40 young (40960K), 8 survivors (8192K)
 Metaspace       used 26278K, committed 26560K, reserved 1073152K
  class space    used 3448K, committed 3584K, reserved 1048576K
}
Event: 2.535 GC heap after
{Heap after GC invocations=5 (full 0):
 garbage-first heap   total 68608K, used 20473K [0x0000000080000000, 0x0000000100000000)
  region size 1024K, 3 young (3072K), 3 survivors (3072K)
 Metaspace       used 26278K, committed 26560K, reserved 1073152K
  class space    used 3448K, committed 3584K, reserved 1048576K
}
Event: 2.559 GC heap before
{Heap before GC invocations=5 (full 0):
 garbage-first heap   total 68608K, used 21497K [0x0000000080000000, 0x0000000100000000)
  region size 1024K, 4 young (4096K), 3 survivors (3072K)
 Metaspace       used 26399K, committed 26752K, reserved 1073152K
  class space    used 3472K, committed 3648K, reserved 1048576K
}
Event: 2.561 GC heap after
{Heap after GC invocations=6 (full 0):
 garbage-first heap   total 68608K, used 20682K [0x0000000080000000, 0x0000000100000000)
  region size 1024K, 1 young (1024K), 1 survivors (1024K)
 Metaspace       used 26399K, committed 26752K, reserved 1073152K
  class space    used 3472K, committed 3648K, reserved 1048576K
}
Event: 3.072 GC heap before
{Heap before GC invocations=6 (full 0):
 garbage-first heap   total 68608K, used 47306K [0x0000000080000000, 0x0000000100000000)
  region size 1024K, 21 young (21504K), 1 survivors (1024K)
 Metaspace       used 29327K, committed 29696K, reserved 1081344K
  class space    used 3978K, committed 4160K, reserved 1048576K
}
Event: 3.076 GC heap after
{Heap after GC invocations=7 (full 0):
 garbage-first heap   total 68608K, used 31840K [0x0000000080000000, 0x0000000100000000)
  region size 1024K, 4 young (4096K), 4 survivors (4096K)
 Metaspace       used 29327K, committed 29696K, reserved 1081344K
  class space    used 3978K, committed 4160K, reserved 1048576K
}
Event: 3.091 GC heap before
{Heap before GC invocations=7 (full 0):
 garbage-first heap   total 68608K, used 44128K [0x0000000080000000, 0x0000000100000000)
  region size 1024K, 5 young (5120K), 4 survivors (4096K)
 Metaspace       used 29329K, committed 29696K, reserved 1081344K
  class space    used 3978K, committed 4160K, reserved 1048576K
}
Event: 3.094 GC heap after
{Heap after GC invocations=8 (full 0):
 garbage-first heap   total 68608K, used 44176K [0x0000000080000000, 0x0000000100000000)
  region size 1024K, 1 young (1024K), 1 survivors (1024K)
 Metaspace       used 29329K, committed 29696K, reserved 1081344K
  class space    used 3978K, committed 4160K, reserved 1048576K
}
Event: 3.302 GC heap before
{Heap before GC invocations=9 (full 0):
 garbage-first heap   total 81920K, used 54416K [0x0000000080000000, 0x0000000100000000)
  region size 1024K, 10 young (10240K), 1 survivors (1024K)
 Metaspace       used 30508K, committed 30848K, reserved 1081344K
  class space    used 4154K, committed 4288K, reserved 1048576K
}
Event: 3.304 GC heap after
{Heap after GC invocations=10 (full 0):
 garbage-first heap   total 81920K, used 48213K [0x0000000080000000, 0x0000000100000000)
  region size 1024K, 2 young (2048K), 2 survivors (2048K)
 Metaspace       used 30508K, committed 30848K, reserved 1081344K
  class space    used 4154K, committed 4288K, reserved 1048576K
}
Event: 3.627 GC heap before
{Heap before GC invocations=10 (full 0):
 garbage-first heap   total 81920K, used 63573K [0x0000000080000000, 0x0000000100000000)
  region size 1024K, 17 young (17408K), 2 survivors (2048K)
 Metaspace       used 32502K, committed 32896K, reserved 1081344K
  class space    used 4497K, committed 4672K, reserved 1048576K
}
Event: 3.630 GC heap after
{Heap after GC invocations=11 (full 0):
 garbage-first heap   total 81920K, used 48652K [0x0000000080000000, 0x0000000100000000)
  region size 1024K, 1 young (1024K), 1 survivors (1024K)
 Metaspace       used 32502K, committed 32896K, reserved 1081344K
  class space    used 4497K, committed 4672K, reserved 1048576K
}
Event: 3.937 GC heap before
{Heap before GC invocations=12 (full 0):
 garbage-first heap   total 83968K, used 64012K [0x0000000080000000, 0x0000000100000000)
  region size 1024K, 16 young (16384K), 1 survivors (1024K)
 Metaspace       used 34879K, committed 35200K, reserved 1081344K
  class space    used 4861K, committed 4992K, reserved 1048576K
}
Event: 3.939 GC heap after
{Heap after GC invocations=13 (full 0):
 garbage-first heap   total 83968K, used 49300K [0x0000000080000000, 0x0000000100000000)
  region size 1024K, 2 young (2048K), 2 survivors (2048K)
 Metaspace       used 34879K, committed 35200K, reserved 1081344K
  class space    used 4861K, committed 4992K, reserved 1048576K
}
Event: 4.825 GC heap before
{Heap before GC invocations=13 (full 0):
 garbage-first heap   total 83968K, used 65684K [0x0000000080000000, 0x0000000100000000)
  region size 1024K, 19 young (19456K), 2 survivors (2048K)
 Metaspace       used 40111K, committed 40448K, reserved 1089536K
  class space    used 5419K, committed 5568K, reserved 1048576K
}
Event: 4.829 GC heap after
{Heap after GC invocations=14 (full 0):
 garbage-first heap   total 83968K, used 51670K [0x0000000080000000, 0x0000000100000000)
  region size 1024K, 3 young (3072K), 3 survivors (3072K)
 Metaspace       used 40111K, committed 40448K, reserved 1089536K
  class space    used 5419K, committed 5568K, reserved 1048576K
}
Event: 5.091 GC heap before
{Heap before GC invocations=15 (full 0):
 garbage-first heap   total 89088K, used 66006K [0x0000000080000000, 0x0000000100000000)
  region size 1024K, 18 young (18432K), 3 survivors (3072K)
 Metaspace       used 41613K, committed 42048K, reserved 1089536K
  class space    used 5569K, committed 5760K, reserved 1048576K
}

Dll operation events (2 events):
Event: 0.006 Loaded shared library F:\Android Studio\jbr\bin\java.dll
Event: 0.305 Loaded shared library F:\Android Studio\jbr\bin\verify.dll

Deoptimization events (20 events):
Event: 4.917 Thread 0x0000020b1db02810 Uncommon trap: trap_request=0xffffffc6 fr.pc=0x0000020b0b03b858 relative=0x00000000000046b8
Event: 4.917 Thread 0x0000020b1db02810 Uncommon trap: reason=bimorphic_or_optimized_type_check action=maybe_recompile pc=0x0000020b0b03b858 method=java.net.URL.<init>(Ljava/net/URL;Ljava/lang/String;Ljava/net/URLStreamHandler;)V @ 504 c2
Event: 4.917 Thread 0x0000020b1db02810 DEOPT PACKING pc=0x0000020b0b03b858 sp=0x000000e7b47f6bc0
Event: 4.917 Thread 0x0000020b1db02810 DEOPT UNPACKING pc=0x0000020b0a9869a3 sp=0x000000e7b47f6b60 mode 2
Event: 4.995 Thread 0x0000020b1db02810 Uncommon trap: trap_request=0xffffffc6 fr.pc=0x0000020b0b0b7298 relative=0x00000000000002d8
Event: 4.995 Thread 0x0000020b1db02810 Uncommon trap: reason=bimorphic_or_optimized_type_check action=maybe_recompile pc=0x0000020b0b0b7298 method=java.util.stream.MatchOps$1MatchSink.accept(Ljava/lang/Object;)V @ 12 c2
Event: 4.995 Thread 0x0000020b1db02810 DEOPT PACKING pc=0x0000020b0b0b7298 sp=0x000000e7b47f6e90
Event: 4.995 Thread 0x0000020b1db02810 DEOPT UNPACKING pc=0x0000020b0a9869a3 sp=0x000000e7b47f6e38 mode 2
Event: 4.995 Thread 0x0000020b1db02810 Uncommon trap: trap_request=0xffffffc6 fr.pc=0x0000020b0b0b7298 relative=0x00000000000002d8
Event: 4.995 Thread 0x0000020b1db02810 Uncommon trap: reason=bimorphic_or_optimized_type_check action=maybe_recompile pc=0x0000020b0b0b7298 method=java.util.stream.MatchOps$1MatchSink.accept(Ljava/lang/Object;)V @ 12 c2
Event: 4.995 Thread 0x0000020b1db02810 DEOPT PACKING pc=0x0000020b0b0b7298 sp=0x000000e7b47f6e90
Event: 4.995 Thread 0x0000020b1db02810 DEOPT UNPACKING pc=0x0000020b0a9869a3 sp=0x000000e7b47f6e38 mode 2
Event: 4.995 Thread 0x0000020b1db02810 Uncommon trap: trap_request=0xffffffc6 fr.pc=0x0000020b0b0b7298 relative=0x00000000000002d8
Event: 4.995 Thread 0x0000020b1db02810 Uncommon trap: reason=bimorphic_or_optimized_type_check action=maybe_recompile pc=0x0000020b0b0b7298 method=java.util.stream.MatchOps$1MatchSink.accept(Ljava/lang/Object;)V @ 12 c2
Event: 4.995 Thread 0x0000020b1db02810 DEOPT PACKING pc=0x0000020b0b0b7298 sp=0x000000e7b47f6e90
Event: 4.995 Thread 0x0000020b1db02810 DEOPT UNPACKING pc=0x0000020b0a9869a3 sp=0x000000e7b47f6e38 mode 2
Event: 4.995 Thread 0x0000020b1db02810 Uncommon trap: trap_request=0xffffffc6 fr.pc=0x0000020b0b0b7298 relative=0x00000000000002d8
Event: 4.995 Thread 0x0000020b1db02810 Uncommon trap: reason=bimorphic_or_optimized_type_check action=maybe_recompile pc=0x0000020b0b0b7298 method=java.util.stream.MatchOps$1MatchSink.accept(Ljava/lang/Object;)V @ 12 c2
Event: 4.995 Thread 0x0000020b1db02810 DEOPT PACKING pc=0x0000020b0b0b7298 sp=0x000000e7b47f6e90
Event: 4.995 Thread 0x0000020b1db02810 DEOPT UNPACKING pc=0x0000020b0a9869a3 sp=0x000000e7b47f6e38 mode 2

Classes unloaded (0 events):
No events

Classes redefined (0 events):
No events

Internal exceptions (20 events):
Event: 3.594 Thread 0x0000020b1db02810 Exception <a 'java/lang/NoSuchMethodError'{0x00000000840cfb30}: 'java.lang.Object java.lang.invoke.Invokers$Holder.linkToTargetMethod(java.lang.Object, java.lang.Object, java.lang.Object, java.lang.Object, java.lang.Object, java.lang.Object, java.lang.Object, java.lang.Object, java.lang.Object, java.lang.Object, java.lang.Object)'> (0x00000000840cfb30) 
thrown [s\src\hotspot\share\interpreter\linkResolver.cpp, line 771]
Event: 3.601 Thread 0x0000020b1db02810 Exception <a 'java/lang/NoSuchMethodError'{0x0000000083f19d40}: 'java.lang.Object java.lang.invoke.DirectMethodHandle$Holder.invokeSpecial(java.lang.Object, java.lang.Object, java.lang.Object, java.lang.Object, java.lang.Object, java.lang.Object, java.lang.Object, java.lang.Object, java.lang.Object, java.lang.Object, java.lang.Object, java.lang.Object, java.lang.Object, java.lang.Object)'> (0x0000000083f19d40) 
thrown [s\src\hotspot\share\interpreter\linkResolver.cpp, line 771]
Event: 3.602 Thread 0x0000020b1db02810 Exception <a 'java/lang/NoSuchMethodError'{0x0000000083f2c368}: 'java.lang.Object java.lang.invoke.DirectMethodHandle$Holder.newInvokeSpecial(java.lang.Object, java.lang.Object, java.lang.Object, java.lang.Object, java.lang.Object, java.lang.Object, java.lang.Object, java.lang.Object, java.lang.Object, java.lang.Object, java.lang.Object, java.lang.Object)'> (0x0000000083f2c368) 
thrown [s\src\hotspot\share\interpreter\linkResolver.cpp, line 771]
Event: 3.603 Thread 0x0000020b1db02810 Exception <a 'java/lang/NoSuchMethodError'{0x0000000083f31d00}: 'java.lang.Object java.lang.invoke.Invokers$Holder.linkToTargetMethod(java.lang.Object, java.lang.Object, java.lang.Object, java.lang.Object, java.lang.Object, java.lang.Object, java.lang.Object, java.lang.Object, java.lang.Object, java.lang.Object, java.lang.Object, java.lang.Object)'> (0x0000000083f31d00) 
thrown [s\src\hotspot\share\interpreter\linkResolver.cpp, line 771]
Event: 3.623 Thread 0x0000020b1db02810 Exception <a 'java/lang/NoSuchMethodError'{0x0000000083fc8118}: 'java.lang.Object java.lang.invoke.DirectMethodHandle$Holder.invokeStaticInit(java.lang.Object, java.lang.Object, java.lang.Object, java.lang.Object)'> (0x0000000083fc8118) 
thrown [s\src\hotspot\share\interpreter\linkResolver.cpp, line 771]
Event: 3.825 Thread 0x0000020b1db02810 Exception <a 'java/lang/NoSuchMethodError'{0x00000000848308e8}: 'java.lang.Object java.lang.invoke.DirectMethodHandle$Holder.newInvokeSpecial(java.lang.Object, java.lang.Object, java.lang.Object, java.lang.Object, java.lang.Object, java.lang.Object, java.lang.Object, java.lang.Object)'> (0x00000000848308e8) 
thrown [s\src\hotspot\share\interpreter\linkResolver.cpp, line 771]
Event: 3.826 Thread 0x0000020b1db02810 Exception <a 'java/lang/NoSuchMethodError'{0x00000000848366c8}: 'java.lang.Object java.lang.invoke.Invokers$Holder.linkToTargetMethod(java.lang.Object, java.lang.Object, java.lang.Object, java.lang.Object, java.lang.Object, java.lang.Object, java.lang.Object, java.lang.Object)'> (0x00000000848366c8) 
thrown [s\src\hotspot\share\interpreter\linkResolver.cpp, line 771]
Event: 3.834 Thread 0x0000020b1db02810 Exception <a 'java/lang/IncompatibleClassChangeError'{0x000000008489a068}: Found class java.lang.Object, but interface was expected> (0x000000008489a068) 
thrown [s\src\hotspot\share\interpreter\linkResolver.cpp, line 838]
Event: 4.081 Thread 0x0000020b1db02810 Exception <a 'java/lang/NoSuchMethodError'{0x00000000853cfd88}: 'java.lang.Object java.lang.invoke.DirectMethodHandle$Holder.invokeSpecial(java.lang.Object, java.lang.Object, java.lang.Object, int, java.lang.Object, java.lang.Object)'> (0x00000000853cfd88) 
thrown [s\src\hotspot\share\interpreter\linkResolver.cpp, line 771]
Event: 4.221 Thread 0x0000020b1db02810 Exception <a 'java/lang/NoSuchMethodError'{0x0000000084e1c2d8}: 'void java.lang.invoke.DirectMethodHandle$Holder.invokeStaticInit(java.lang.Object, java.lang.Object, java.lang.Object)'> (0x0000000084e1c2d8) 
thrown [s\src\hotspot\share\interpreter\linkResolver.cpp, line 771]
Event: 4.221 Thread 0x0000020b1db02810 Exception <a 'java/lang/NoSuchMethodError'{0x0000000084e23a20}: 'void java.lang.invoke.DirectMethodHandle$Holder.invokeStaticInit(java.lang.Object, java.lang.Object, java.lang.Object, java.lang.Object)'> (0x0000000084e23a20) 
thrown [s\src\hotspot\share\interpreter\linkResolver.cpp, line 771]
Event: 4.225 Thread 0x0000020b1db02810 Exception <a 'java/lang/NoSuchMethodError'{0x0000000084e45be8}: 'void java.lang.invoke.DirectMethodHandle$Holder.invokeStaticInit(java.lang.Object, java.lang.Object, java.lang.Object, java.lang.Object, java.lang.Object)'> (0x0000000084e45be8) 
thrown [s\src\hotspot\share\interpreter\linkResolver.cpp, line 771]
Event: 4.238 Thread 0x0000020b1db02810 Exception <a 'java/lang/NoSuchMethodError'{0x0000000084ea02f0}: 'int java.lang.invoke.DirectMethodHandle$Holder.invokeStaticInit(java.lang.Object, java.lang.Object, java.lang.Object, java.lang.Object)'> (0x0000000084ea02f0) 
thrown [s\src\hotspot\share\interpreter\linkResolver.cpp, line 771]
Event: 4.810 Thread 0x0000020b1db02810 Exception <a 'java/lang/ClassNotFoundException'{0x0000000083f53b60}: groovy/lang/ExpandoMetaClassBeanInfo> (0x0000000083f53b60) 
thrown [s\src\hotspot\share\classfile\systemDictionary.cpp, line 256]
Event: 4.811 Thread 0x0000020b1db02810 Exception <a 'java/lang/ClassNotFoundException'{0x0000000083f6b6f0}: groovy/lang/MetaClassImplBeanInfo> (0x0000000083f6b6f0) 
thrown [s\src\hotspot\share\classfile\systemDictionary.cpp, line 256]
Event: 4.811 Thread 0x0000020b1db02810 Exception <a 'java/lang/ClassNotFoundException'{0x0000000083f71178}: java/lang/ObjectBeanInfo> (0x0000000083f71178) 
thrown [s\src\hotspot\share\classfile\systemDictionary.cpp, line 256]
Event: 4.812 Thread 0x0000020b1db02810 Exception <a 'java/lang/ClassNotFoundException'{0x0000000083f772b8}: java/lang/ObjectCustomizer> (0x0000000083f772b8) 
thrown [s\src\hotspot\share\classfile\systemDictionary.cpp, line 256]
Event: 4.818 Thread 0x0000020b1db02810 Exception <a 'java/lang/IncompatibleClassChangeError'{0x0000000083f7bf88}: Found class java.lang.Object, but interface was expected> (0x0000000083f7bf88) 
thrown [s\src\hotspot\share\interpreter\linkResolver.cpp, line 838]
Event: 4.821 Thread 0x0000020b1db02810 Exception <a 'java/lang/ClassNotFoundException'{0x0000000083f98a58}: groovy/lang/MetaClassImplCustomizer> (0x0000000083f98a58) 
thrown [s\src\hotspot\share\classfile\systemDictionary.cpp, line 256]
Event: 4.823 Thread 0x0000020b1db02810 Exception <a 'java/lang/ClassNotFoundException'{0x0000000083fcf2a8}: groovy/lang/ExpandoMetaClassCustomizer> (0x0000000083fcf2a8) 
thrown [s\src\hotspot\share\classfile\systemDictionary.cpp, line 256]

VM Operations (20 events):
Event: 4.784 Executing VM operation: HandshakeAllThreads done
Event: 4.825 Executing VM operation: G1CollectForAllocation
Event: 4.829 Executing VM operation: G1CollectForAllocation done
Event: 4.841 Executing VM operation: G1Concurrent
Event: 4.843 Executing VM operation: G1Concurrent done
Event: 4.849 Executing VM operation: G1Concurrent
Event: 4.849 Executing VM operation: G1Concurrent done
Event: 4.917 Executing VM operation: HandshakeAllThreads
Event: 4.917 Executing VM operation: HandshakeAllThreads done
Event: 4.917 Executing VM operation: HandshakeAllThreads
Event: 4.918 Executing VM operation: HandshakeAllThreads done
Event: 4.921 Executing VM operation: HandshakeAllThreads
Event: 4.921 Executing VM operation: HandshakeAllThreads done
Event: 4.927 Executing VM operation: HandshakeAllThreads
Event: 4.927 Executing VM operation: HandshakeAllThreads done
Event: 4.934 Executing VM operation: HandshakeAllThreads
Event: 4.934 Executing VM operation: HandshakeAllThreads done
Event: 5.023 Executing VM operation: HandshakeAllThreads
Event: 5.023 Executing VM operation: HandshakeAllThreads done
Event: 5.091 Executing VM operation: G1CollectForAllocation

Events (20 events):
Event: 5.007 loading class jdk/internal/jimage/ImageReader$Directory
Event: 5.008 loading class jdk/internal/jimage/ImageReader$Node
Event: 5.008 loading class jdk/internal/jimage/ImageReader$Node done
Event: 5.008 loading class jdk/internal/jimage/ImageReader$Directory done
Event: 5.008 loading class jdk/internal/jrtfs/SystemImage$1
Event: 5.008 loading class jdk/internal/jrtfs/SystemImage$1 done
Event: 5.009 loading class jdk/internal/jimage/ImageReader$SharedImageReader$LocationVisitor
Event: 5.009 loading class jdk/internal/jimage/ImageReader$SharedImageReader$LocationVisitor done
Event: 5.010 loading class java/nio/ByteBufferAsIntBufferL
Event: 5.023 loading class java/nio/ByteBufferAsIntBufferL done
Event: 5.024 loading class jdk/internal/jrtfs/JrtFileAttributes
Event: 5.024 loading class jdk/internal/jrtfs/JrtFileAttributes done
Event: 5.024 loading class jdk/internal/jrtfs/JrtDirectoryStream
Event: 5.025 loading class jdk/internal/jrtfs/JrtDirectoryStream done
Event: 5.025 loading class jdk/internal/jrtfs/JrtDirectoryStream$1
Event: 5.026 loading class jdk/internal/jrtfs/JrtDirectoryStream$1 done
Event: 5.026 loading class java/util/function/BooleanSupplier
Event: 5.026 loading class java/util/function/BooleanSupplier done
Event: 5.027 loading class jdk/internal/jimage/ImageReader$Resource
Event: 5.027 loading class jdk/internal/jimage/ImageReader$Resource done


Dynamic libraries:
0x00007ff67eeb0000 - 0x00007ff67eeba000 	F:\Android Studio\jbr\bin\java.exe
0x00007ffec8210000 - 0x00007ffec8408000 	C:\WINDOWS\SYSTEM32\ntdll.dll
0x00007ffec6f70000 - 0x00007ffec702f000 	C:\WINDOWS\System32\KERNEL32.DLL
0x00007ffec5a90000 - 0x00007ffec5d86000 	C:\WINDOWS\System32\KERNELBASE.dll
0x00007ffec5f20000 - 0x00007ffec6020000 	C:\WINDOWS\System32\ucrtbase.dll
0x00007ffeb0800000 - 0x00007ffeb0817000 	F:\Android Studio\jbr\bin\jli.dll
0x00007ffea7e00000 - 0x00007ffea7e1b000 	F:\Android Studio\jbr\bin\VCRUNTIME140.dll
0x00007ffec7230000 - 0x00007ffec73cd000 	C:\WINDOWS\System32\USER32.dll
0x00007ffea5dc0000 - 0x00007ffea605a000 	C:\WINDOWS\WinSxS\amd64_microsoft.windows.common-controls_6595b64144ccf1df_6.0.19041.1110_none_60b5254171f9507e\COMCTL32.dll
0x00007ffec5d90000 - 0x00007ffec5db2000 	C:\WINDOWS\System32\win32u.dll
0x00007ffec7190000 - 0x00007ffec722e000 	C:\WINDOWS\System32\msvcrt.dll
0x00007ffec6ad0000 - 0x00007ffec6afc000 	C:\WINDOWS\System32\GDI32.dll
0x00007ffec6020000 - 0x00007ffec6135000 	C:\WINDOWS\System32\gdi32full.dll
0x00007ffec6140000 - 0x00007ffec61dd000 	C:\WINDOWS\System32\msvcp_win.dll
0x00007ffec7910000 - 0x00007ffec7940000 	C:\WINDOWS\System32\IMM32.DLL
0x00007ffebae10000 - 0x00007ffebae1c000 	F:\Android Studio\jbr\bin\vcruntime140_1.dll
0x00007ffea59b0000 - 0x00007ffea5a3d000 	F:\Android Studio\jbr\bin\msvcp140.dll
0x00007ffe80410000 - 0x00007ffe8107e000 	F:\Android Studio\jbr\bin\server\jvm.dll
0x00007ffec6a20000 - 0x00007ffec6acf000 	C:\WINDOWS\System32\ADVAPI32.dll
0x00007ffec7800000 - 0x00007ffec789c000 	C:\WINDOWS\System32\sechost.dll
0x00007ffec80a0000 - 0x00007ffec81c6000 	C:\WINDOWS\System32\RPCRT4.dll
0x00007ffea76b0000 - 0x00007ffea76d7000 	C:\WINDOWS\SYSTEM32\WINMM.dll
0x00007ffebc9b0000 - 0x00007ffebc9b9000 	C:\WINDOWS\SYSTEM32\WSOCK32.dll
0x00007ffeb6030000 - 0x00007ffeb603a000 	C:\WINDOWS\SYSTEM32\VERSION.dll
0x00007ffec7e20000 - 0x00007ffec7e8b000 	C:\WINDOWS\System32\WS2_32.dll
0x00007ffec4120000 - 0x00007ffec4132000 	C:\WINDOWS\SYSTEM32\kernel.appcore.dll
0x00007ffebd270000 - 0x00007ffebd27a000 	F:\Android Studio\jbr\bin\jimage.dll
0x00007ffec36a0000 - 0x00007ffec3884000 	C:\WINDOWS\SYSTEM32\DBGHELP.DLL
0x00007ffeabf30000 - 0x00007ffeabf64000 	C:\WINDOWS\SYSTEM32\dbgcore.DLL
0x00007ffec61e0000 - 0x00007ffec6262000 	C:\WINDOWS\System32\bcryptPrimitives.dll
0x00007ffea7e20000 - 0x00007ffea7e45000 	F:\Android Studio\jbr\bin\java.dll
0x00007ffeb29b0000 - 0x00007ffeb29c8000 	F:\Android Studio\jbr\bin\zip.dll
0x00007ffec62d0000 - 0x00007ffec6a14000 	C:\WINDOWS\System32\SHELL32.dll
0x00007ffec3970000 - 0x00007ffec4103000 	C:\WINDOWS\SYSTEM32\windows.storage.dll
0x00007ffec73d0000 - 0x00007ffec7724000 	C:\WINDOWS\System32\combase.dll
0x00007ffec5330000 - 0x00007ffec535e000 	C:\WINDOWS\SYSTEM32\Wldp.dll
0x00007ffec7050000 - 0x00007ffec70fd000 	C:\WINDOWS\System32\SHCORE.dll
0x00007ffec7a80000 - 0x00007ffec7ad5000 	C:\WINDOWS\System32\shlwapi.dll
0x00007ffec5820000 - 0x00007ffec5845000 	C:\WINDOWS\SYSTEM32\profapi.dll
0x00007ffeb2900000 - 0x00007ffeb2919000 	F:\Android Studio\jbr\bin\net.dll
0x00007ffeb7580000 - 0x00007ffeb768a000 	C:\WINDOWS\SYSTEM32\WINHTTP.dll
0x00007ffec5090000 - 0x00007ffec50fa000 	C:\WINDOWS\system32\mswsock.dll
0x00007ffeb0fc0000 - 0x00007ffeb0fd6000 	F:\Android Studio\jbr\bin\nio.dll
0x00007ffebd250000 - 0x00007ffebd260000 	F:\Android Studio\jbr\bin\verify.dll
0x00007ffeaf0a0000 - 0x00007ffeaf0c7000 	C:\Users\Zunair\.gradle\native\68d5fa5c4cc2d200863cafc0d521ce42e7d3e7ee720ec0a83991735586a16f82\windows-amd64\native-platform.dll
0x00007ffe8cb10000 - 0x00007ffe8cc54000 	C:\Users\Zunair\.gradle\native\e376f236ea51e6404a007f0833ffe2c6e607c4080706a723a18a27aeea778392\windows-amd64\native-platform-file-events.dll
0x00007ffebc960000 - 0x00007ffebc969000 	F:\Android Studio\jbr\bin\management.dll
0x00007ffebc410000 - 0x00007ffebc41b000 	F:\Android Studio\jbr\bin\management_ext.dll
0x00007ffec7940000 - 0x00007ffec7948000 	C:\WINDOWS\System32\PSAPI.DLL
0x00007ffec5290000 - 0x00007ffec52a8000 	C:\WINDOWS\SYSTEM32\CRYPTSP.dll
0x00007ffec4930000 - 0x00007ffec4964000 	C:\WINDOWS\system32\rsaenh.dll
0x00007ffec5a10000 - 0x00007ffec5a37000 	C:\WINDOWS\System32\bcrypt.dll
0x00007ffec57e0000 - 0x00007ffec580e000 	C:\WINDOWS\SYSTEM32\USERENV.dll
0x00007ffec5280000 - 0x00007ffec528c000 	C:\WINDOWS\SYSTEM32\CRYPTBASE.dll
0x00007ffec4d30000 - 0x00007ffec4d6b000 	C:\WINDOWS\SYSTEM32\IPHLPAPI.DLL
0x00007ffec7e10000 - 0x00007ffec7e18000 	C:\WINDOWS\System32\NSI.dll
0x00007ffeb93c0000 - 0x00007ffeb93d7000 	C:\WINDOWS\SYSTEM32\dhcpcsvc6.DLL
0x00007ffeb9360000 - 0x00007ffeb937d000 	C:\WINDOWS\SYSTEM32\dhcpcsvc.DLL
0x00007ffec4d70000 - 0x00007ffec4e3a000 	C:\WINDOWS\SYSTEM32\DNSAPI.dll
0x00007ffe45d20000 - 0x00007ffe45d27000 	C:\WINDOWS\system32\wshunix.dll

dbghelp: loaded successfully - version: 4.0.5 - missing functions: none
symbol engine: initialized successfully - sym options: 0x614 - pdb path: .;F:\Android Studio\jbr\bin;C:\WINDOWS\SYSTEM32;C:\WINDOWS\WinSxS\amd64_microsoft.windows.common-controls_6595b64144ccf1df_6.0.19041.1110_none_60b5254171f9507e;F:\Android Studio\jbr\bin\server;C:\Users\Zunair\.gradle\native\68d5fa5c4cc2d200863cafc0d521ce42e7d3e7ee720ec0a83991735586a16f82\windows-amd64;C:\Users\Zunair\.gradle\native\e376f236ea51e6404a007f0833ffe2c6e607c4080706a723a18a27aeea778392\windows-amd64

VM Arguments:
jvm_args: --add-opens=java.base/java.util=ALL-UNNAMED --add-opens=java.base/java.lang=ALL-UNNAMED --add-opens=java.base/java.lang.invoke=ALL-UNNAMED --add-opens=java.prefs/java.util.prefs=ALL-UNNAMED --add-opens=java.base/java.nio.charset=ALL-UNNAMED --add-opens=java.base/java.net=ALL-UNNAMED --add-opens=java.base/java.util.concurrent.atomic=ALL-UNNAMED -Xmx2048m -Dfile.encoding=UTF-8 -Duser.country=US -Duser.language=en -Duser.variant 
java_command: org.gradle.launcher.daemon.bootstrap.GradleDaemon 8.0
java_class_path (initial): C:\Users\Zunair\.gradle\wrapper\dists\gradle-8.0-bin\ca5e32bp14vu59qr306oxotwh\gradle-8.0\lib\gradle-launcher-8.0.jar
Launcher Type: SUN_STANDARD

[Global flags]
     intx CICompilerCount                          = 4                                         {product} {ergonomic}
     uint ConcGCThreads                            = 2                                         {product} {ergonomic}
     uint G1ConcRefinementThreads                  = 8                                         {product} {ergonomic}
   size_t G1HeapRegionSize                         = 1048576                                   {product} {ergonomic}
    uintx GCDrainStackTargetSize                   = 64                                        {product} {ergonomic}
   size_t InitialHeapSize                          = 132120576                                 {product} {ergonomic}
   size_t MarkStackSize                            = 4194304                                   {product} {ergonomic}
   size_t MaxHeapSize                              = 2147483648                                {product} {command line}
   size_t MaxNewSize                               = 1287651328                                {product} {ergonomic}
   size_t MinHeapDeltaBytes                        = 1048576                                   {product} {ergonomic}
   size_t MinHeapSize                              = 8388608                                   {product} {ergonomic}
    uintx NonNMethodCodeHeapSize                   = 5839372                                {pd product} {ergonomic}
    uintx NonProfiledCodeHeapSize                  = 122909434                              {pd product} {ergonomic}
    uintx ProfiledCodeHeapSize                     = 122909434                              {pd product} {ergonomic}
    uintx ReservedCodeCacheSize                    = 251658240                              {pd product} {ergonomic}
     bool SegmentedCodeCache                       = true                                      {product} {ergonomic}
   size_t SoftMaxHeapSize                          = 2147483648                             {manageable} {ergonomic}
     bool UseCompressedClassPointers               = true                           {product lp64_product} {ergonomic}
     bool UseCompressedOops                        = true                           {product lp64_product} {ergonomic}
     bool UseG1GC                                  = true                                      {product} {ergonomic}
     bool UseLargePagesIndividualAllocation        = false                                  {pd product} {ergonomic}

Logging:
Log output configuration:
 #0: stdout all=warning uptime,level,tags
 #1: stderr all=off uptime,level,tags

Environment Variables:
JAVA_HOME=C:\Program Files\Java\jdk1.8.0_66
PATH=C:\Program Files\Java\jdk1.8.0_66\bin;C:\Program Files\Common Files\Oracle\Java\javapath;C:\ProgramData\Oracle\Java\javapath;C:\WINDOWS\system32;C:\WINDOWS;C:\WINDOWS\System32\Wbem;C:\WINDOWS\System32\WindowsPowerShell\v1.0\;C:\WINDOWS\System32\OpenSSH\;C:\Program Files (x86)\Windows Kits\8.1\Windows Performance Toolkit\;C:\Program Files\Microsoft SQL Server\120\Tools\Binn\;C:\Program Files\Microsoft SQL Server\130\Tools\Binn\;C:\Program Files\dotnet\;C:\Users\Zunair\AppData\Local\Microsoft\WindowsApps;C:\Users\Zunair\IntelliJ IDEA Community Edition 2020.3.3\bin;;C:\Users\Zunair\AppData\Local\Programs\Python\Python38\Scripts;
USERNAME=Zunair Personal
OS=Windows_NT
PROCESSOR_IDENTIFIER=Intel64 Family 6 Model 142 Stepping 11, GenuineIntel
TMP=C:\Users\Zunair\AppData\Local\Temp
TEMP=C:\Users\Zunair\AppData\Local\Temp


JNI global refs:
JNI global refs: 24, weak refs: 1

JNI global refs memory usage: 843, weak refs: 841


---------------  S Y S T E M  ---------------

OS:
 Windows 10 , 64 bit Build 19041 (10.0.19041.3155)
OS uptime: 0 days 10:59 hours

CPU: total 8 (initial active 8) (4 cores per cpu, 2 threads per core) family 6 model 142 stepping 11 microcode 0xf0, cx8, cmov, fxsr, ht, mmx, 3dnowpref, sse, sse2, sse3, ssse3, sse4.1, sse4.2, popcnt, lzcnt, tsc, tscinvbit, avx, avx2, aes, erms, clmul, bmi1, bmi2, adx, fma, vzeroupper, clflush, clflushopt

Memory: 4k page, system-wide physical 8062M (426M free)
TotalPageFile size 32638M (AvailPageFile size 9M)
current process WorkingSet (physical memory assigned to process): 239M, peak: 239M
current process commit charge ("private bytes"): 276M, peak: 307M

vm_info: OpenJDK 64-Bit Server VM (17.0.6+0-b2043.56-10027231) for windows-amd64 JRE (17.0.6+0-b2043.56-10027231), built on Apr 28 2023 00:43:19 by "androidbuild" with MS VC++ 16.10 / 16.11 (VS2019)

END.
