#
# There is insufficient memory for the Java Runtime Environment to continue.
# Native memory allocation (malloc) failed to allocate 1885776 bytes for Chunk::new
# Possible reasons:
#   The system is out of physical RAM or swap space
#   The process is running with CompressedOops enabled, and the Java Heap may be blocking the growth of the native heap
# Possible solutions:
#   Reduce memory load on the system
#   Increase physical memory or swap space
#   Check if swap backing store is full
#   Decrease Java heap size (-Xmx/-Xms)
#   Decrease number of Java threads
#   Decrease Java thread stack sizes (-Xss)
#   Set larger code cache with -XX:ReservedCodeCacheSize=
#   JVM is running with Unscaled Compressed Oops mode in which the Java heap is
#     placed in the first 4GB address space. The Java Heap base address is the
#     maximum limit for the native heap growth. Please use -XX:HeapBaseMinAddress
#     to set the Java Heap base and to place the Java Heap above 4GB virtual address.
# This output file may be truncated or incomplete.
#
#  Out of Memory Error (arena.cpp:189), pid=1164, tid=10820
#
# JRE version: OpenJDK Runtime Environment (17.0.6) (build 17.0.6+0-b2043.56-10027231)
# Java VM: OpenJDK 64-Bit Server VM (17.0.6+0-b2043.56-10027231, mixed mode, tiered, compressed oops, compressed class ptrs, g1 gc, windows-amd64)
# No core dump will be written. Minidumps are not enabled by default on client versions of Windows
#

---------------  S U M M A R Y ------------

Command Line: --add-opens=java.base/java.util=ALL-UNNAMED --add-opens=java.base/java.lang=ALL-UNNAMED --add-opens=java.base/java.lang.invoke=ALL-UNNAMED --add-opens=java.prefs/java.util.prefs=ALL-UNNAMED --add-opens=java.base/java.nio.charset=ALL-UNNAMED --add-opens=java.base/java.net=ALL-UNNAMED --add-opens=java.base/java.util.concurrent.atomic=ALL-UNNAMED -Xmx2048m -Dfile.encoding=UTF-8 -Duser.country=US -Duser.language=en -Duser.variant org.gradle.launcher.daemon.bootstrap.GradleDaemon 8.0

Host: Intel(R) Core(TM) i7-8565U CPU @ 1.80GHz, 8 cores, 7G,  Windows 10 , 64 bit Build 19041 (10.0.19041.3155)
Time: Sat Aug 12 09:48:31 2023 Pakistan Standard Time elapsed time: 6.544695 seconds (0d 0h 0m 6s)

---------------  T H R E A D  ---------------

Current thread (0x00000274d0028000):  JavaThread "C2 CompilerThread0" daemon [_thread_in_native, id=10820, stack(0x000000e061c00000,0x000000e061d00000)]


Current CompileTask:
C2:   6544 3847       4       org.codehaus.groovy.runtime.metaclass.MetaMethodIndex::addMethodToList (131 bytes)

Stack: [0x000000e061c00000,0x000000e061d00000]
Native frames: (J=compiled Java code, j=interpreted, Vv=VM code, C=native code)
V  [jvm.dll+0x683c9a]
V  [jvm.dll+0x8427a4]
V  [jvm.dll+0x843f9e]
V  [jvm.dll+0x844603]
V  [jvm.dll+0x249b75]
V  [jvm.dll+0xabcac]
V  [jvm.dll+0xac27c]
V  [jvm.dll+0x368802]
V  [jvm.dll+0x332f31]
V  [jvm.dll+0x3323da]
V  [jvm.dll+0x21c201]
V  [jvm.dll+0x21b621]
V  [jvm.dll+0x1a4fdd]
V  [jvm.dll+0x22b098]
V  [jvm.dll+0x229159]
V  [jvm.dll+0x7f81ec]
V  [jvm.dll+0x7f274a]
V  [jvm.dll+0x682ad5]
C  [ucrtbase.dll+0x21bb2]
C  [KERNEL32.DLL+0x17614]
C  [ntdll.dll+0x526b1]


---------------  P R O C E S S  ---------------

Threads class SMR info:
_java_thread_list=0x00000274d3bbaac0, length=42, elements={
0x00000274b581ad10, 0x00000274d0012610, 0x00000274cf65f6b0, 0x00000274cf693800,
0x00000274cf6950d0, 0x00000274cf695990, 0x00000274d0027410, 0x00000274d0028000,
0x00000274d0029320, 0x00000274d0033c40, 0x00000274d01bfa20, 0x00000274d01f69e0,
0x00000274d2669fa0, 0x00000274d2f6e860, 0x00000274d03fea60, 0x00000274d2df7830,
0x00000274d3067780, 0x00000274d2876280, 0x00000274d1ba6400, 0x00000274d28e08c0,
0x00000274d28e38e0, 0x00000274d28e4280, 0x00000274d28e0d90, 0x00000274d28e2f40,
0x00000274d28e1260, 0x00000274d28e1c00, 0x00000274d28e3db0, 0x00000274d28e2a70,
0x00000274d28e3410, 0x00000274d28e1730, 0x00000274d28e20d0, 0x00000274d28e25a0,
0x00000274d4842d30, 0x00000274d483db60, 0x00000274d483ccf0, 0x00000274d483f840,
0x00000274d483e030, 0x00000274d48406b0, 0x00000274d4843200, 0x00000274d483d690,
0x00000274d4841520, 0x00000274d0822ca0
}

Java Threads: ( => current thread )
  0x00000274b581ad10 JavaThread "main" [_thread_blocked, id=20176, stack(0x000000e060f00000,0x000000e061000000)]
  0x00000274d0012610 JavaThread "Reference Handler" daemon [_thread_blocked, id=23152, stack(0x000000e061600000,0x000000e061700000)]
  0x00000274cf65f6b0 JavaThread "Finalizer" daemon [_thread_blocked, id=17500, stack(0x000000e061700000,0x000000e061800000)]
  0x00000274cf693800 JavaThread "Signal Dispatcher" daemon [_thread_blocked, id=14584, stack(0x000000e061800000,0x000000e061900000)]
  0x00000274cf6950d0 JavaThread "Attach Listener" daemon [_thread_blocked, id=2084, stack(0x000000e061900000,0x000000e061a00000)]
  0x00000274cf695990 JavaThread "Service Thread" daemon [_thread_blocked, id=25544, stack(0x000000e061a00000,0x000000e061b00000)]
  0x00000274d0027410 JavaThread "Monitor Deflation Thread" daemon [_thread_blocked, id=23936, stack(0x000000e061b00000,0x000000e061c00000)]
=>0x00000274d0028000 JavaThread "C2 CompilerThread0" daemon [_thread_in_native, id=10820, stack(0x000000e061c00000,0x000000e061d00000)]
  0x00000274d0029320 JavaThread "C1 CompilerThread0" daemon [_thread_in_native, id=19044, stack(0x000000e061d00000,0x000000e061e00000)]
  0x00000274d0033c40 JavaThread "Sweeper thread" daemon [_thread_blocked, id=6564, stack(0x000000e061e00000,0x000000e061f00000)]
  0x00000274d01bfa20 JavaThread "Common-Cleaner" daemon [_thread_blocked, id=25348, stack(0x000000e061f00000,0x000000e062000000)]
  0x00000274d01f69e0 JavaThread "Notification Thread" daemon [_thread_blocked, id=2588, stack(0x000000e062000000,0x000000e062100000)]
  0x00000274d2669fa0 JavaThread "Daemon health stats" [_thread_blocked, id=21988, stack(0x000000e062700000,0x000000e062800000)]
  0x00000274d2f6e860 JavaThread "Incoming local TCP Connector on port 56235" [_thread_in_native, id=24196, stack(0x000000e062200000,0x000000e062300000)]
  0x00000274d03fea60 JavaThread "Daemon periodic checks" [_thread_blocked, id=5368, stack(0x000000e062800000,0x000000e062900000)]
  0x00000274d2df7830 JavaThread "Daemon" [_thread_blocked, id=24812, stack(0x000000e062a00000,0x000000e062b00000)]
  0x00000274d3067780 JavaThread "Handler for socket connection from /127.0.0.1:56235 to /127.0.0.1:56236" [_thread_in_native, id=3604, stack(0x000000e062b00000,0x000000e062c00000)]
  0x00000274d2876280 JavaThread "Cancel handler" [_thread_blocked, id=18860, stack(0x000000e062c00000,0x000000e062d00000)]
  0x00000274d1ba6400 JavaThread "Daemon worker" [_thread_in_vm, id=23348, stack(0x000000e062d00000,0x000000e062e00000)]
  0x00000274d28e08c0 JavaThread "Asynchronous log dispatcher for DefaultDaemonConnection: socket connection from /127.0.0.1:56235 to /127.0.0.1:56236" [_thread_blocked, id=24440, stack(0x000000e062e00000,0x000000e062f00000)]
  0x00000274d28e38e0 JavaThread "Stdin handler" [_thread_blocked, id=5012, stack(0x000000e062f00000,0x000000e063000000)]
  0x00000274d28e4280 JavaThread "Daemon client event forwarder" [_thread_blocked, id=1792, stack(0x000000e063000000,0x000000e063100000)]
  0x00000274d28e0d90 JavaThread "Cache worker for journal cache (C:\Users\Zunair\.gradle\caches\journal-1)" [_thread_blocked, id=23988, stack(0x000000e063500000,0x000000e063600000)]
  0x00000274d28e2f40 JavaThread "File lock request listener" [_thread_in_native, id=24284, stack(0x000000e063600000,0x000000e063700000)]
  0x00000274d28e1260 JavaThread "Cache worker for file hash cache (C:\Users\Zunair\.gradle\caches\8.0\fileHashes)" [_thread_blocked, id=25096, stack(0x000000e063700000,0x000000e063800000)]
  0x00000274d28e1c00 JavaThread "File watcher server" daemon [_thread_in_native, id=15332, stack(0x000000e063800000,0x000000e063900000)]
  0x00000274d28e3db0 JavaThread "File watcher consumer" daemon [_thread_blocked, id=2028, stack(0x000000e063900000,0x000000e063a00000)]
  0x00000274d28e2a70 JavaThread "jar transforms" [_thread_blocked, id=18668, stack(0x000000e063a00000,0x000000e063b00000)]
  0x00000274d28e3410 JavaThread "jar transforms Thread 2" [_thread_blocked, id=9472, stack(0x000000e063b00000,0x000000e063c00000)]
  0x00000274d28e1730 JavaThread "jar transforms Thread 3" [_thread_blocked, id=11772, stack(0x000000e063c00000,0x000000e063d00000)]
  0x00000274d28e20d0 JavaThread "jar transforms Thread 4" [_thread_blocked, id=24372, stack(0x000000e063d00000,0x000000e063e00000)]
  0x00000274d28e25a0 JavaThread "jar transforms Thread 5" [_thread_blocked, id=13892, stack(0x000000e063e00000,0x000000e063f00000)]
  0x00000274d4842d30 JavaThread "jar transforms Thread 6" [_thread_blocked, id=20264, stack(0x000000e063f00000,0x000000e064000000)]
  0x00000274d483db60 JavaThread "jar transforms Thread 7" [_thread_blocked, id=12268, stack(0x000000e064000000,0x000000e064100000)]
  0x00000274d483ccf0 JavaThread "jar transforms Thread 8" [_thread_blocked, id=10960, stack(0x000000e064100000,0x000000e064200000)]
  0x00000274d483f840 JavaThread "Cache worker for checksums cache (F:\Android Studio Projects\.gradle\8.0\checksums)" [_thread_blocked, id=6816, stack(0x000000e064300000,0x000000e064400000)]
  0x00000274d483e030 JavaThread "Cache worker for cache directory md-rule (C:\Users\Zunair\.gradle\caches\8.0\md-rule)" [_thread_blocked, id=23772, stack(0x000000e064400000,0x000000e064500000)]
  0x00000274d48406b0 JavaThread "Cache worker for file content cache (C:\Users\Zunair\.gradle\caches\8.0\fileContent)" [_thread_blocked, id=24368, stack(0x000000e064500000,0x000000e064600000)]
  0x00000274d4843200 JavaThread "Cache worker for file hash cache (F:\Android Studio Projects\.gradle\8.0\fileHashes)" [_thread_blocked, id=11844, stack(0x000000e064600000,0x000000e064700000)]
  0x00000274d483d690 JavaThread "Cache worker for cache directory md-supplier (C:\Users\Zunair\.gradle\caches\8.0\md-supplier)" [_thread_blocked, id=19888, stack(0x000000e064700000,0x000000e064800000)]
  0x00000274d4841520 JavaThread "Cache worker for execution history cache (C:\Users\Zunair\.gradle\caches\8.0\executionHistory)" [_thread_blocked, id=15396, stack(0x000000e064800000,0x000000e064900000)]
  0x00000274d0822ca0 JavaThread "C2 CompilerThread1" daemon [_thread_in_native, id=21068, stack(0x000000e062900000,0x000000e062a00000)]

Other Threads:
  0x00000274cf65ca00 VMThread "VM Thread" [stack: 0x000000e061500000,0x000000e061600000] [id=14940]
  0x00000274b58a0910 WatcherThread [stack: 0x000000e062100000,0x000000e062200000] [id=17868]
  0x00000274b5876ee0 GCTaskThread "GC Thread#0" [stack: 0x000000e061000000,0x000000e061100000] [id=24104]
  0x00000274d090cec0 GCTaskThread "GC Thread#1" [stack: 0x000000e062300000,0x000000e062400000] [id=21896]
  0x00000274d090c150 GCTaskThread "GC Thread#2" [stack: 0x000000e062400000,0x000000e062500000] [id=6744]
  0x00000274d090bbf0 GCTaskThread "GC Thread#3" [stack: 0x000000e062500000,0x000000e062600000] [id=25264]
  0x00000274d090d170 GCTaskThread "GC Thread#4" [stack: 0x000000e062600000,0x000000e062700000] [id=15176]
  0x00000274d090bea0 GCTaskThread "GC Thread#5" [stack: 0x000000e063100000,0x000000e063200000] [id=20668]
  0x00000274d090c6b0 GCTaskThread "GC Thread#6" [stack: 0x000000e063200000,0x000000e063300000] [id=24772]
  0x00000274d090c960 GCTaskThread "GC Thread#7" [stack: 0x000000e063300000,0x000000e063400000] [id=24764]
  0x00000274b5887d30 ConcurrentGCThread "G1 Main Marker" [stack: 0x000000e061100000,0x000000e061200000] [id=25548]
  0x00000274b5888650 ConcurrentGCThread "G1 Conc#0" [stack: 0x000000e061200000,0x000000e061300000] [id=19980]
  0x00000274d32503c0 ConcurrentGCThread "G1 Conc#1" [stack: 0x000000e063400000,0x000000e063500000] [id=24148]
  0x00000274b58e3a80 ConcurrentGCThread "G1 Refine#0" [stack: 0x000000e061300000,0x000000e061400000] [id=23760]
  0x00000274d33c7e60 ConcurrentGCThread "G1 Refine#1" [stack: 0x000000e064200000,0x000000e064300000] [id=5140]
  0x00000274cf4d3630 ConcurrentGCThread "G1 Service" [stack: 0x000000e061400000,0x000000e061500000] [id=11484]

Threads with active compile tasks:
C2 CompilerThread0     6626 3847       4       org.codehaus.groovy.runtime.metaclass.MetaMethodIndex::addMethodToList (131 bytes)
C1 CompilerThread0     6626 3992       3       java.lang.invoke.MethodHandles$Lookup::getDirectMethodForConstant (72 bytes)
C2 CompilerThread1     6626 3856       4       java.util.AbstractCollection::addAll (42 bytes)

VM state: not at safepoint (normal execution)

VM Mutex/Monitor currently owned by a thread:  ([mutex/lock_event])
[0x00000274b368ba60] CodeCache_lock - owner thread: 0x00000274d0029320
[0x00000274b5813980] Compile_lock - owner thread: 0x00000274d0029320
[0x00000274b58148b0] MethodCompileQueue_lock - owner thread: 0x00000274d0029320

Heap address: 0x0000000080000000, size: 2048 MB, Compressed Oops mode: 32-bit

CDS archive(s) not mapped
Compressed class space mapped at: 0x0000000100000000-0x0000000140000000, reserved size: 1073741824
Narrow klass base: 0x0000000000000000, Narrow klass shift: 3, Narrow klass range: 0x140000000

GC Precious Log:
 CPUs: 8 total, 8 available
 Memory: 8062M
 Large Page Support: Disabled
 NUMA Support: Disabled
 Compressed Oops: Enabled (32-bit)
 Heap Region Size: 1M
 Heap Min Capacity: 8M
 Heap Initial Capacity: 126M
 Heap Max Capacity: 2G
 Pre-touch: Disabled
 Parallel Workers: 8
 Concurrent Workers: 2
 Concurrent Refinement Workers: 8
 Periodic GC: Disabled

Heap:
 garbage-first heap   total 110592K, used 76913K [0x0000000080000000, 0x0000000100000000)
  region size 1024K, 21 young (21504K), 2 survivors (2048K)
 Metaspace       used 45365K, committed 45824K, reserved 1089536K
  class space    used 5998K, committed 6208K, reserved 1048576K

Heap Regions: E=young(eden), S=young(survivor), O=old, HS=humongous(starts), HC=humongous(continues), CS=collection set, F=free, OA=open archive, CA=closed archive, TAMS=top-at-mark-start (previous, next)
|   0|0x0000000080000000, 0x0000000080100000, 0x0000000080100000|100%|HS|  |TAMS 0x0000000080100000, 0x0000000080000000| Complete 
|   1|0x0000000080100000, 0x0000000080200000, 0x0000000080200000|100%|HC|  |TAMS 0x0000000080200000, 0x0000000080100000| Complete 
|   2|0x0000000080200000, 0x0000000080300000, 0x0000000080300000|100%|HC|  |TAMS 0x0000000080300000, 0x0000000080200000| Complete 
|   3|0x0000000080300000, 0x0000000080400000, 0x0000000080400000|100%|HC|  |TAMS 0x0000000080400000, 0x0000000080300000| Complete 
|   4|0x0000000080400000, 0x0000000080500000, 0x0000000080500000|100%| O|  |TAMS 0x0000000080500000, 0x0000000080400000| Untracked 
|   5|0x0000000080500000, 0x0000000080600000, 0x0000000080600000|100%| O|  |TAMS 0x0000000080600000, 0x0000000080500000| Untracked 
|   6|0x0000000080600000, 0x0000000080700000, 0x0000000080700000|100%| O|  |TAMS 0x0000000080700000, 0x0000000080600000| Untracked 
|   7|0x0000000080700000, 0x0000000080800000, 0x0000000080800000|100%| O|  |TAMS 0x0000000080800000, 0x0000000080700000| Untracked 
|   8|0x0000000080800000, 0x0000000080900000, 0x0000000080900000|100%| O|  |TAMS 0x0000000080900000, 0x0000000080800000| Untracked 
|   9|0x0000000080900000, 0x0000000080a00000, 0x0000000080a00000|100%| O|  |TAMS 0x0000000080a00000, 0x0000000080900000| Untracked 
|  10|0x0000000080a00000, 0x0000000080b00000, 0x0000000080b00000|100%| O|  |TAMS 0x0000000080b00000, 0x0000000080a00000| Untracked 
|  11|0x0000000080b00000, 0x0000000080b5da00, 0x0000000080c00000| 36%| O|  |TAMS 0x0000000080b5da00, 0x0000000080b00000| Untracked 
|  12|0x0000000080c00000, 0x0000000080d00000, 0x0000000080d00000|100%| O|  |TAMS 0x0000000080d00000, 0x0000000080c00000| Untracked 
|  13|0x0000000080d00000, 0x0000000080e00000, 0x0000000080e00000|100%| O|  |TAMS 0x0000000080e00000, 0x0000000080d00000| Untracked 
|  14|0x0000000080e00000, 0x0000000080f00000, 0x0000000080f00000|100%| O|  |TAMS 0x0000000080f00000, 0x0000000080e00000| Untracked 
|  15|0x0000000080f00000, 0x0000000081000000, 0x0000000081000000|100%| O|  |TAMS 0x0000000081000000, 0x0000000080f00000| Untracked 
|  16|0x0000000081000000, 0x0000000081100000, 0x0000000081100000|100%| O|  |TAMS 0x0000000081100000, 0x0000000081000000| Untracked 
|  17|0x0000000081100000, 0x0000000081200000, 0x0000000081200000|100%| O|  |TAMS 0x0000000081200000, 0x0000000081100000| Untracked 
|  18|0x0000000081200000, 0x0000000081300000, 0x0000000081300000|100%| O|  |TAMS 0x0000000081300000, 0x0000000081200000| Untracked 
|  19|0x0000000081300000, 0x0000000081400000, 0x0000000081400000|100%|HS|  |TAMS 0x0000000081400000, 0x0000000081300000| Complete 
|  20|0x0000000081400000, 0x0000000081500000, 0x0000000081500000|100%|HC|  |TAMS 0x0000000081500000, 0x0000000081400000| Complete 
|  21|0x0000000081500000, 0x0000000081600000, 0x0000000081600000|100%|HS|  |TAMS 0x0000000081600000, 0x0000000081500000| Complete 
|  22|0x0000000081600000, 0x0000000081700000, 0x0000000081700000|100%|HC|  |TAMS 0x0000000081700000, 0x0000000081600000| Complete 
|  23|0x0000000081700000, 0x0000000081800000, 0x0000000081800000|100%|HC|  |TAMS 0x0000000081800000, 0x0000000081700000| Complete 
|  24|0x0000000081800000, 0x0000000081900000, 0x0000000081900000|100%| O|  |TAMS 0x0000000081900000, 0x0000000081800000| Untracked 
|  25|0x0000000081900000, 0x0000000081a00000, 0x0000000081a00000|100%| O|  |TAMS 0x0000000081a00000, 0x0000000081900000| Untracked 
|  26|0x0000000081a00000, 0x0000000081b00000, 0x0000000081b00000|100%| O|  |TAMS 0x0000000081b00000, 0x0000000081a00000| Untracked 
|  27|0x0000000081b00000, 0x0000000081c00000, 0x0000000081c00000|100%|HS|  |TAMS 0x0000000081c00000, 0x0000000081b00000| Complete 
|  28|0x0000000081c00000, 0x0000000081d00000, 0x0000000081d00000|100%|HC|  |TAMS 0x0000000081d00000, 0x0000000081c00000| Complete 
|  29|0x0000000081d00000, 0x0000000081e00000, 0x0000000081e00000|100%|HC|  |TAMS 0x0000000081e00000, 0x0000000081d00000| Complete 
|  30|0x0000000081e00000, 0x0000000081f00000, 0x0000000081f00000|100%| O|  |TAMS 0x0000000081f00000, 0x0000000081e00000| Untracked 
|  31|0x0000000081f00000, 0x0000000082000000, 0x0000000082000000|100%| O|  |TAMS 0x0000000082000000, 0x0000000081f00000| Untracked 
|  32|0x0000000082000000, 0x0000000082100000, 0x0000000082100000|100%| O|  |TAMS 0x0000000082100000, 0x0000000082000000| Untracked 
|  33|0x0000000082100000, 0x0000000082200000, 0x0000000082200000|100%|HS|  |TAMS 0x0000000082200000, 0x0000000082100000| Complete 
|  34|0x0000000082200000, 0x0000000082300000, 0x0000000082300000|100%|HC|  |TAMS 0x0000000082300000, 0x0000000082200000| Complete 
|  35|0x0000000082300000, 0x0000000082400000, 0x0000000082400000|100%| O|  |TAMS 0x0000000082400000, 0x0000000082300000| Untracked 
|  36|0x0000000082400000, 0x0000000082500000, 0x0000000082500000|100%| O|  |TAMS 0x0000000082500000, 0x0000000082400000| Untracked 
|  37|0x0000000082500000, 0x0000000082600000, 0x0000000082600000|100%| O|  |TAMS 0x0000000082600000, 0x0000000082500000| Untracked 
|  38|0x0000000082600000, 0x0000000082700000, 0x0000000082700000|100%| O|  |TAMS 0x0000000082700000, 0x0000000082600000| Untracked 
|  39|0x0000000082700000, 0x0000000082800000, 0x0000000082800000|100%| O|  |TAMS 0x000000008277ec00, 0x0000000082700000| Untracked 
|  40|0x0000000082800000, 0x00000000828e0600, 0x0000000082900000| 87%| O|  |TAMS 0x0000000082800000, 0x0000000082800000| Untracked 
|  41|0x0000000082900000, 0x0000000082a00000, 0x0000000082a00000|100%|HS|  |TAMS 0x0000000082900000, 0x0000000082900000| Complete 
|  42|0x0000000082a00000, 0x0000000082b00000, 0x0000000082b00000|100%|HS|  |TAMS 0x0000000082a00000, 0x0000000082a00000| Complete 
|  43|0x0000000082b00000, 0x0000000082c00000, 0x0000000082c00000|100%|HC|  |TAMS 0x0000000082b00000, 0x0000000082b00000| Complete 
|  44|0x0000000082c00000, 0x0000000082c00000, 0x0000000082d00000|  0%| F|  |TAMS 0x0000000082c00000, 0x0000000082c00000| Untracked 
|  45|0x0000000082d00000, 0x0000000082e00000, 0x0000000082e00000|100%|HS|  |TAMS 0x0000000082e00000, 0x0000000082d00000| Complete 
|  46|0x0000000082e00000, 0x0000000082f00000, 0x0000000082f00000|100%|HC|  |TAMS 0x0000000082f00000, 0x0000000082e00000| Complete 
|  47|0x0000000082f00000, 0x0000000083000000, 0x0000000083000000|100%|HC|  |TAMS 0x0000000083000000, 0x0000000082f00000| Complete 
|  48|0x0000000083000000, 0x0000000083100000, 0x0000000083100000|100%|HC|  |TAMS 0x0000000083100000, 0x0000000083000000| Complete 
|  49|0x0000000083100000, 0x0000000083200000, 0x0000000083200000|100%|HC|  |TAMS 0x0000000083200000, 0x0000000083100000| Complete 
|  50|0x0000000083200000, 0x0000000083300000, 0x0000000083300000|100%|HC|  |TAMS 0x0000000083300000, 0x0000000083200000| Complete 
|  51|0x0000000083300000, 0x0000000083400000, 0x0000000083400000|100%|HC|  |TAMS 0x0000000083400000, 0x0000000083300000| Complete 
|  52|0x0000000083400000, 0x0000000083500000, 0x0000000083500000|100%|HC|  |TAMS 0x0000000083500000, 0x0000000083400000| Complete 
|  53|0x0000000083500000, 0x0000000083600000, 0x0000000083600000|100%|HC|  |TAMS 0x0000000083600000, 0x0000000083500000| Complete 
|  54|0x0000000083600000, 0x0000000083700000, 0x0000000083700000|100%|HC|  |TAMS 0x0000000083700000, 0x0000000083600000| Complete 
|  55|0x0000000083700000, 0x0000000083800000, 0x0000000083800000|100%|HC|  |TAMS 0x0000000083800000, 0x0000000083700000| Complete 
|  56|0x0000000083800000, 0x0000000083900000, 0x0000000083900000|100%|HC|  |TAMS 0x0000000083900000, 0x0000000083800000| Complete 
|  57|0x0000000083900000, 0x0000000083900000, 0x0000000083a00000|  0%| F|  |TAMS 0x0000000083900000, 0x0000000083900000| Untracked 
|  58|0x0000000083a00000, 0x0000000083a00000, 0x0000000083b00000|  0%| F|  |TAMS 0x0000000083a00000, 0x0000000083a00000| Untracked 
|  59|0x0000000083b00000, 0x0000000083b00000, 0x0000000083c00000|  0%| F|  |TAMS 0x0000000083b00000, 0x0000000083b00000| Untracked 
|  60|0x0000000083c00000, 0x0000000083c00000, 0x0000000083d00000|  0%| F|  |TAMS 0x0000000083c00000, 0x0000000083c00000| Untracked 
|  61|0x0000000083d00000, 0x0000000083d00000, 0x0000000083e00000|  0%| F|  |TAMS 0x0000000083d00000, 0x0000000083d00000| Untracked 
|  62|0x0000000083e00000, 0x0000000083e00000, 0x0000000083f00000|  0%| F|  |TAMS 0x0000000083e00000, 0x0000000083e00000| Untracked 
|  63|0x0000000083f00000, 0x0000000083f00000, 0x0000000084000000|  0%| F|  |TAMS 0x0000000083f00000, 0x0000000083f00000| Untracked 
|  64|0x0000000084000000, 0x0000000084000000, 0x0000000084100000|  0%| F|  |TAMS 0x0000000084000000, 0x0000000084000000| Untracked 
|  65|0x0000000084100000, 0x0000000084100000, 0x0000000084200000|  0%| F|  |TAMS 0x0000000084100000, 0x0000000084100000| Untracked 
|  66|0x0000000084200000, 0x0000000084200000, 0x0000000084300000|  0%| F|  |TAMS 0x0000000084200000, 0x0000000084200000| Untracked 
|  67|0x0000000084300000, 0x0000000084300000, 0x0000000084400000|  0%| F|  |TAMS 0x0000000084300000, 0x0000000084300000| Untracked 
|  68|0x0000000084400000, 0x0000000084400000, 0x0000000084500000|  0%| F|  |TAMS 0x0000000084400000, 0x0000000084400000| Untracked 
|  69|0x0000000084500000, 0x0000000084500000, 0x0000000084600000|  0%| F|  |TAMS 0x0000000084500000, 0x0000000084500000| Untracked 
|  70|0x0000000084600000, 0x0000000084600000, 0x0000000084700000|  0%| F|  |TAMS 0x0000000084600000, 0x0000000084600000| Untracked 
|  71|0x0000000084700000, 0x0000000084700000, 0x0000000084800000|  0%| F|  |TAMS 0x0000000084700000, 0x0000000084700000| Untracked 
|  72|0x0000000084800000, 0x0000000084800000, 0x0000000084900000|  0%| F|  |TAMS 0x0000000084800000, 0x0000000084800000| Untracked 
|  73|0x0000000084900000, 0x0000000084900000, 0x0000000084a00000|  0%| F|  |TAMS 0x0000000084900000, 0x0000000084900000| Untracked 
|  74|0x0000000084a00000, 0x0000000084a00000, 0x0000000084b00000|  0%| F|  |TAMS 0x0000000084a00000, 0x0000000084a00000| Untracked 
|  75|0x0000000084b00000, 0x0000000084b00000, 0x0000000084c00000|  0%| F|  |TAMS 0x0000000084b00000, 0x0000000084b00000| Untracked 
|  76|0x0000000084c00000, 0x0000000084cde4b0, 0x0000000084d00000| 86%| S|CS|TAMS 0x0000000084c00000, 0x0000000084c00000| Complete 
|  77|0x0000000084d00000, 0x0000000084e00000, 0x0000000084e00000|100%| S|CS|TAMS 0x0000000084d00000, 0x0000000084d00000| Complete 
|  78|0x0000000084e00000, 0x0000000084e00000, 0x0000000084f00000|  0%| F|  |TAMS 0x0000000084e00000, 0x0000000084e00000| Untracked 
|  79|0x0000000084f00000, 0x0000000084f00000, 0x0000000085000000|  0%| F|  |TAMS 0x0000000084f00000, 0x0000000084f00000| Untracked 
|  80|0x0000000085000000, 0x0000000085000000, 0x0000000085100000|  0%| F|  |TAMS 0x0000000085000000, 0x0000000085000000| Untracked 
|  81|0x0000000085100000, 0x0000000085100000, 0x0000000085200000|  0%| F|  |TAMS 0x0000000085100000, 0x0000000085100000| Untracked 
|  82|0x0000000085200000, 0x0000000085200000, 0x0000000085300000|  0%| F|  |TAMS 0x0000000085200000, 0x0000000085200000| Untracked 
|  83|0x0000000085300000, 0x0000000085300000, 0x0000000085400000|  0%| F|  |TAMS 0x0000000085300000, 0x0000000085300000| Untracked 
|  84|0x0000000085400000, 0x0000000085400000, 0x0000000085500000|  0%| F|  |TAMS 0x0000000085400000, 0x0000000085400000| Untracked 
|  85|0x0000000085500000, 0x0000000085500000, 0x0000000085600000|  0%| F|  |TAMS 0x0000000085500000, 0x0000000085500000| Untracked 
|  86|0x0000000085600000, 0x0000000085600000, 0x0000000085700000|  0%| F|  |TAMS 0x0000000085600000, 0x0000000085600000| Untracked 
|  87|0x0000000085700000, 0x0000000085700000, 0x0000000085800000|  0%| F|  |TAMS 0x0000000085700000, 0x0000000085700000| Untracked 
|  88|0x0000000085800000, 0x0000000085880800, 0x0000000085900000| 50%| E|  |TAMS 0x0000000085800000, 0x0000000085800000| Complete 
|  89|0x0000000085900000, 0x0000000085a00000, 0x0000000085a00000|100%| E|CS|TAMS 0x0000000085900000, 0x0000000085900000| Complete 
|  90|0x0000000085a00000, 0x0000000085b00000, 0x0000000085b00000|100%| E|CS|TAMS 0x0000000085a00000, 0x0000000085a00000| Complete 
|  91|0x0000000085b00000, 0x0000000085c00000, 0x0000000085c00000|100%| E|CS|TAMS 0x0000000085b00000, 0x0000000085b00000| Complete 
|  92|0x0000000085c00000, 0x0000000085d00000, 0x0000000085d00000|100%| E|CS|TAMS 0x0000000085c00000, 0x0000000085c00000| Complete 
|  93|0x0000000085d00000, 0x0000000085e00000, 0x0000000085e00000|100%| E|CS|TAMS 0x0000000085d00000, 0x0000000085d00000| Complete 
|  94|0x0000000085e00000, 0x0000000085f00000, 0x0000000085f00000|100%| E|CS|TAMS 0x0000000085e00000, 0x0000000085e00000| Complete 
|  95|0x0000000085f00000, 0x0000000086000000, 0x0000000086000000|100%| E|CS|TAMS 0x0000000085f00000, 0x0000000085f00000| Complete 
|  96|0x0000000086000000, 0x0000000086100000, 0x0000000086100000|100%| E|CS|TAMS 0x0000000086000000, 0x0000000086000000| Complete 
|  97|0x0000000086100000, 0x0000000086200000, 0x0000000086200000|100%| E|CS|TAMS 0x0000000086100000, 0x0000000086100000| Complete 
|  98|0x0000000086200000, 0x0000000086300000, 0x0000000086300000|100%| E|CS|TAMS 0x0000000086200000, 0x0000000086200000| Complete 
|  99|0x0000000086300000, 0x0000000086400000, 0x0000000086400000|100%| E|CS|TAMS 0x0000000086300000, 0x0000000086300000| Complete 
| 100|0x0000000086400000, 0x0000000086500000, 0x0000000086500000|100%| E|CS|TAMS 0x0000000086400000, 0x0000000086400000| Complete 
| 101|0x0000000086500000, 0x0000000086600000, 0x0000000086600000|100%| E|CS|TAMS 0x0000000086500000, 0x0000000086500000| Complete 
| 102|0x0000000086600000, 0x0000000086700000, 0x0000000086700000|100%| E|CS|TAMS 0x0000000086600000, 0x0000000086600000| Complete 
| 103|0x0000000086700000, 0x0000000086800000, 0x0000000086800000|100%| E|CS|TAMS 0x0000000086700000, 0x0000000086700000| Complete 
| 104|0x0000000086800000, 0x0000000086900000, 0x0000000086900000|100%| E|CS|TAMS 0x0000000086800000, 0x0000000086800000| Complete 
| 105|0x0000000086900000, 0x0000000086a00000, 0x0000000086a00000|100%| E|CS|TAMS 0x0000000086900000, 0x0000000086900000| Complete 
| 106|0x0000000086a00000, 0x0000000086b00000, 0x0000000086b00000|100%| E|CS|TAMS 0x0000000086a00000, 0x0000000086a00000| Complete 
| 125|0x0000000087d00000, 0x0000000087e00000, 0x0000000087e00000|100%| E|CS|TAMS 0x0000000087d00000, 0x0000000087d00000| Complete 

Card table byte_map: [0x00000274c8420000,0x00000274c8820000] _byte_map_base: 0x00000274c8020000

Marking Bits (Prev, Next): (CMBitMap*) 0x00000274b5877440, (CMBitMap*) 0x00000274b5877400
 Prev Bits: [0x00000274cac20000, 0x00000274ccc20000)
 Next Bits: [0x00000274c8c20000, 0x00000274cac20000)

Polling page: 0x00000274b4ff0000

Metaspace:

Usage:
  Non-class:     38.47 MB used.
      Class:      5.86 MB used.
       Both:     44.33 MB used.

Virtual space:
  Non-class space:       40.00 MB reserved,      38.69 MB ( 97%) committed,  5 nodes.
      Class space:        1.00 GB reserved,       6.06 MB ( <1%) committed,  1 nodes.
             Both:        1.04 GB reserved,      44.75 MB (  4%) committed. 

Chunk freelists:
   Non-Class:  896.00 KB
       Class:  1.78 MB
        Both:  2.66 MB

MaxMetaspaceSize: unlimited
CompressedClassSpaceSize: 1.00 GB
Initial GC threshold: 21.00 MB
Current GC threshold: 70.25 MB
CDS: off
MetaspaceReclaimPolicy: balanced
 - commit_granule_bytes: 65536.
 - commit_granule_words: 8192.
 - virtual_space_node_default_size: 1048576.
 - enlarge_chunks_in_place: 1.
 - new_chunks_are_fully_committed: 0.
 - uncommit_free_chunks: 1.
 - use_allocation_guard: 0.
 - handle_deallocations: 1.


Internal statistics:

num_allocs_failed_limit: 3.
num_arena_births: 412.
num_arena_deaths: 0.
num_vsnodes_births: 6.
num_vsnodes_deaths: 0.
num_space_committed: 716.
num_space_uncommitted: 0.
num_chunks_returned_to_freelist: 3.
num_chunks_taken_from_freelist: 1763.
num_chunk_merges: 3.
num_chunk_splits: 1148.
num_chunks_enlarged: 800.
num_purges: 0.
num_inconsistent_stats: 0.

CodeHeap 'non-profiled nmethods': size=120000Kb used=2239Kb max_used=2239Kb free=117760Kb
 bounds [0x00000274c07c0000, 0x00000274c0a30000, 0x00000274c7cf0000]
CodeHeap 'profiled nmethods': size=120000Kb used=8261Kb max_used=8261Kb free=111738Kb
 bounds [0x00000274b8cf0000, 0x00000274b9510000, 0x00000274c0220000]
CodeHeap 'non-nmethods': size=5760Kb used=2289Kb max_used=2334Kb free=3470Kb
 bounds [0x00000274c0220000, 0x00000274c0490000, 0x00000274c07c0000]
 total_blobs=4777 nmethods=3979 adapters=710
 compilation: enabled
              stopped_count=0, restarted_count=0
 full_count=0

Compilation events (20 events):
Event: 6.499 Thread 0x00000274d0029320 3915       3       java.lang.StringBuilder::length (5 bytes)
Event: 6.499 Thread 0x00000274d0029320 nmethod 3915 0x00000274b94bd190 code [0x00000274b94bd320, 0x00000274b94bd438]
Event: 6.500 Thread 0x00000274d0029320 3916       3       org.gradle.model.internal.asm.MethodVisitorScope::_INVOKEVIRTUAL (11 bytes)
Event: 6.500 Thread 0x00000274d0029320 nmethod 3916 0x00000274b94bd510 code [0x00000274b94bd6c0, 0x00000274b94bd958]
Event: 6.500 Thread 0x00000274d0029320 3917       1       com.google.common.collect.LinkedHashMultimap$ValueSet::access$000 (5 bytes)
Event: 6.500 Thread 0x00000274d0029320 nmethod 3917 0x00000274c09e7790 code [0x00000274c09e7920, 0x00000274c09e79d8]
Event: 6.500 Thread 0x00000274d0029320 3918       3       sun.reflect.generics.parser.SignatureParser::parseTypeArguments (109 bytes)
Event: 6.501 Thread 0x00000274d0029320 nmethod 3918 0x00000274b94bda90 code [0x00000274b94bdd40, 0x00000274b94bea48]
Event: 6.501 Thread 0x00000274d0029320 3919       3       com.google.common.collect.ImmutableList$Builder::add (34 bytes)
Event: 6.502 Thread 0x00000274d0029320 nmethod 3919 0x00000274b94bef10 code [0x00000274b94bf0e0, 0x00000274b94bf538]
Event: 6.504 Thread 0x00000274d0822ca0 nmethod 3852 0x00000274c09e7a90 code [0x00000274c09e7d20, 0x00000274c09eb238]
Event: 6.504 Thread 0x00000274d0822ca0 3911       4       java.lang.PublicMethods$MethodList::filter (104 bytes)
Event: 6.508 Thread 0x00000274d0029320 3920       3       org.gradle.internal.instantiation.generator.AbstractClassGenerator$ClassMetadata::resolveTypeVariables (19 bytes)
Event: 6.508 Thread 0x00000274d0029320 nmethod 3920 0x00000274b94bf710 code [0x00000274b94bf8c0, 0x00000274b94bfbc8]
Event: 6.508 Thread 0x00000274d0029320 3921       3       org.gradle.internal.reflect.JavaPropertyReflectionUtil::resolveMethodReturnType (44 bytes)
Event: 6.511 Thread 0x00000274d0029320 nmethod 3921 0x00000274b94bfd10 code [0x00000274b94c0220, 0x00000274b94c2fb8]
Event: 6.511 Thread 0x00000274d0029320 3923       3       java.lang.Integer::highestOneBit (10 bytes)
Event: 6.511 Thread 0x00000274d0029320 nmethod 3923 0x00000274b94c3e90 code [0x00000274b94c4020, 0x00000274b94c4148]
Event: 6.511 Thread 0x00000274d0029320 3922       3       org.gradle.model.internal.asm.ClassVisitorScope::addField (11 bytes)
Event: 6.511 Thread 0x00000274d0029320 nmethod 3922 0x00000274b94c4210 code [0x00000274b94c43c0, 0x00000274b94c45d8]

GC Heap History (20 events):
Event: 2.782 GC heap before
{Heap before GC invocations=2 (full 0):
 garbage-first heap   total 129024K, used 49526K [0x0000000080000000, 0x0000000100000000)
  region size 1024K, 39 young (39936K), 4 survivors (4096K)
 Metaspace       used 21243K, committed 21504K, reserved 1073152K
  class space    used 2563K, committed 2688K, reserved 1048576K
}
Event: 2.788 GC heap after
{Heap after GC invocations=3 (full 0):
 garbage-first heap   total 129024K, used 18685K [0x0000000080000000, 0x0000000100000000)
  region size 1024K, 8 young (8192K), 8 survivors (8192K)
 Metaspace       used 21243K, committed 21504K, reserved 1073152K
  class space    used 2563K, committed 2688K, reserved 1048576K
}
Event: 3.358 GC heap before
{Heap before GC invocations=4 (full 0):
 garbage-first heap   total 68608K, used 50429K [0x0000000080000000, 0x0000000100000000)
  region size 1024K, 40 young (40960K), 8 survivors (8192K)
 Metaspace       used 26235K, committed 26496K, reserved 1073152K
  class space    used 3440K, committed 3584K, reserved 1048576K
}
Event: 3.366 GC heap after
{Heap after GC invocations=5 (full 0):
 garbage-first heap   total 68608K, used 20905K [0x0000000080000000, 0x0000000100000000)
  region size 1024K, 3 young (3072K), 3 survivors (3072K)
 Metaspace       used 26235K, committed 26496K, reserved 1073152K
  class space    used 3440K, committed 3584K, reserved 1048576K
}
Event: 3.891 GC heap before
{Heap before GC invocations=5 (full 0):
 garbage-first heap   total 68608K, used 49577K [0x0000000080000000, 0x0000000100000000)
  region size 1024K, 25 young (25600K), 3 survivors (3072K)
 Metaspace       used 29309K, committed 29696K, reserved 1081344K
  class space    used 3973K, committed 4160K, reserved 1048576K
}
Event: 3.897 GC heap after
{Heap after GC invocations=6 (full 0):
 garbage-first heap   total 68608K, used 32524K [0x0000000080000000, 0x0000000100000000)
  region size 1024K, 4 young (4096K), 4 survivors (4096K)
 Metaspace       used 29309K, committed 29696K, reserved 1081344K
  class space    used 3973K, committed 4160K, reserved 1048576K
}
Event: 3.916 GC heap before
{Heap before GC invocations=6 (full 0):
 garbage-first heap   total 68608K, used 44812K [0x0000000080000000, 0x0000000100000000)
  region size 1024K, 5 young (5120K), 4 survivors (4096K)
 Metaspace       used 29311K, committed 29696K, reserved 1081344K
  class space    used 3973K, committed 4160K, reserved 1048576K
}
Event: 3.919 GC heap after
{Heap after GC invocations=7 (full 0):
 garbage-first heap   total 68608K, used 44498K [0x0000000080000000, 0x0000000100000000)
  region size 1024K, 1 young (1024K), 1 survivors (1024K)
 Metaspace       used 29311K, committed 29696K, reserved 1081344K
  class space    used 3973K, committed 4160K, reserved 1048576K
}
Event: 4.291 GC heap before
{Heap before GC invocations=8 (full 0):
 garbage-first heap   total 83968K, used 54738K [0x0000000080000000, 0x0000000100000000)
  region size 1024K, 10 young (10240K), 1 survivors (1024K)
 Metaspace       used 30488K, committed 30912K, reserved 1081344K
  class space    used 4149K, committed 4352K, reserved 1048576K
}
Event: 4.293 GC heap after
{Heap after GC invocations=9 (full 0):
 garbage-first heap   total 83968K, used 48201K [0x0000000080000000, 0x0000000100000000)
  region size 1024K, 2 young (2048K), 2 survivors (2048K)
 Metaspace       used 30488K, committed 30912K, reserved 1081344K
  class space    used 4149K, committed 4352K, reserved 1048576K
}
Event: 4.596 GC heap before
{Heap before GC invocations=9 (full 0):
 garbage-first heap   total 83968K, used 63561K [0x0000000080000000, 0x0000000100000000)
  region size 1024K, 17 young (17408K), 2 survivors (2048K)
 Metaspace       used 32451K, committed 32832K, reserved 1081344K
  class space    used 4484K, committed 4672K, reserved 1048576K
}
Event: 4.598 GC heap after
{Heap after GC invocations=10 (full 0):
 garbage-first heap   total 83968K, used 48930K [0x0000000080000000, 0x0000000100000000)
  region size 1024K, 1 young (1024K), 1 survivors (1024K)
 Metaspace       used 32451K, committed 32832K, reserved 1081344K
  class space    used 4484K, committed 4672K, reserved 1048576K
}
Event: 4.982 GC heap before
{Heap before GC invocations=11 (full 0):
 garbage-first heap   total 86016K, used 65314K [0x0000000080000000, 0x0000000100000000)
  region size 1024K, 17 young (17408K), 1 survivors (1024K)
 Metaspace       used 35040K, committed 35456K, reserved 1081344K
  class space    used 4866K, committed 5056K, reserved 1048576K
}
Event: 4.985 GC heap after
{Heap after GC invocations=12 (full 0):
 garbage-first heap   total 86016K, used 49640K [0x0000000080000000, 0x0000000100000000)
  region size 1024K, 2 young (2048K), 2 survivors (2048K)
 Metaspace       used 35040K, committed 35456K, reserved 1081344K
  class space    used 4866K, committed 5056K, reserved 1048576K
}
Event: 5.831 GC heap before
{Heap before GC invocations=12 (full 0):
 garbage-first heap   total 86016K, used 68072K [0x0000000080000000, 0x0000000100000000)
  region size 1024K, 20 young (20480K), 2 survivors (2048K)
 Metaspace       used 40489K, committed 40832K, reserved 1089536K
  class space    used 5476K, committed 5632K, reserved 1048576K
}
Event: 5.836 GC heap after
{Heap after GC invocations=13 (full 0):
 garbage-first heap   total 86016K, used 52050K [0x0000000080000000, 0x0000000100000000)
  region size 1024K, 3 young (3072K), 3 survivors (3072K)
 Metaspace       used 40489K, committed 40832K, reserved 1089536K
  class space    used 5476K, committed 5632K, reserved 1048576K
}
Event: 6.080 GC heap before
{Heap before GC invocations=14 (full 0):
 garbage-first heap   total 92160K, used 67410K [0x0000000080000000, 0x0000000100000000)
  region size 1024K, 19 young (19456K), 3 survivors (3072K)
 Metaspace       used 41594K, committed 42048K, reserved 1089536K
  class space    used 5564K, committed 5760K, reserved 1048576K
}
Event: 6.085 GC heap after
{Heap after GC invocations=15 (full 0):
 garbage-first heap   total 92160K, used 54601K [0x0000000080000000, 0x0000000100000000)
  region size 1024K, 3 young (3072K), 3 survivors (3072K)
 Metaspace       used 41594K, committed 42048K, reserved 1089536K
  class space    used 5564K, committed 5760K, reserved 1048576K
}
Event: 6.183 GC heap before
{Heap before GC invocations=15 (full 0):
 garbage-first heap   total 92160K, used 64841K [0x0000000080000000, 0x0000000100000000)
  region size 1024K, 15 young (15360K), 3 survivors (3072K)
 Metaspace       used 42066K, committed 42560K, reserved 1089536K
  class space    used 5609K, committed 5824K, reserved 1048576K
}
Event: 6.185 GC heap after
{Heap after GC invocations=16 (full 0):
 garbage-first heap   total 110592K, used 55409K [0x0000000080000000, 0x0000000100000000)
  region size 1024K, 2 young (2048K), 2 survivors (2048K)
 Metaspace       used 42066K, committed 42560K, reserved 1089536K
  class space    used 5609K, committed 5824K, reserved 1048576K
}

Dll operation events (2 events):
Event: 0.009 Loaded shared library F:\Android Studio\jbr\bin\java.dll
Event: 0.293 Loaded shared library F:\Android Studio\jbr\bin\verify.dll

Deoptimization events (20 events):
Event: 6.266 Thread 0x00000274d1ba6400 DEOPT PACKING pc=0x00000274c09c707c sp=0x000000e062df8970
Event: 6.266 Thread 0x00000274d1ba6400 DEOPT UNPACKING pc=0x00000274c02769a3 sp=0x000000e062df8838 mode 2
Event: 6.267 Thread 0x00000274d1ba6400 Uncommon trap: trap_request=0xffffffde fr.pc=0x00000274c09c707c relative=0x000000000000049c
Event: 6.267 Thread 0x00000274d1ba6400 Uncommon trap: reason=class_check action=maybe_recompile pc=0x00000274c09c707c method=java.util.regex.Pattern$Start.match(Ljava/util/regex/Matcher;ILjava/lang/CharSequence;)Z @ 44 c2
Event: 6.267 Thread 0x00000274d1ba6400 DEOPT PACKING pc=0x00000274c09c707c sp=0x000000e062df8970
Event: 6.267 Thread 0x00000274d1ba6400 DEOPT UNPACKING pc=0x00000274c02769a3 sp=0x000000e062df8838 mode 2
Event: 6.267 Thread 0x00000274d1ba6400 Uncommon trap: trap_request=0xffffffde fr.pc=0x00000274c09b84e8 relative=0x0000000000000488
Event: 6.267 Thread 0x00000274d1ba6400 Uncommon trap: reason=class_check action=maybe_recompile pc=0x00000274c09b84e8 method=java.util.regex.Pattern$Start.match(Ljava/util/regex/Matcher;ILjava/lang/CharSequence;)Z @ 44 c2
Event: 6.267 Thread 0x00000274d1ba6400 DEOPT PACKING pc=0x00000274c09b84e8 sp=0x000000e062df8900
Event: 6.267 Thread 0x00000274d1ba6400 DEOPT UNPACKING pc=0x00000274c02769a3 sp=0x000000e062df8840 mode 2
Event: 6.268 Thread 0x00000274d1ba6400 Uncommon trap: trap_request=0xffffffde fr.pc=0x00000274c09b9050 relative=0x0000000000000310
Event: 6.268 Thread 0x00000274d1ba6400 Uncommon trap: reason=class_check action=maybe_recompile pc=0x00000274c09b9050 method=java.util.regex.Pattern$Start.match(Ljava/util/regex/Matcher;ILjava/lang/CharSequence;)Z @ 44 c2
Event: 6.268 Thread 0x00000274d1ba6400 DEOPT PACKING pc=0x00000274c09b9050 sp=0x000000e062df8880
Event: 6.268 Thread 0x00000274d1ba6400 DEOPT UNPACKING pc=0x00000274c02769a3 sp=0x000000e062df8840 mode 2
Event: 6.290 Thread 0x00000274d4842d30 DEOPT PACKING pc=0x00000274b8da553d sp=0x000000e063ffe4f0
Event: 6.290 Thread 0x00000274d4842d30 DEOPT UNPACKING pc=0x00000274c0277143 sp=0x000000e063ffd988 mode 0
Event: 6.305 Thread 0x00000274d4842d30 Uncommon trap: trap_request=0xffffff45 fr.pc=0x00000274c08892c4 relative=0x0000000000000224
Event: 6.305 Thread 0x00000274d4842d30 Uncommon trap: reason=unstable_if action=reinterpret pc=0x00000274c08892c4 method=java.util.StringTokenizer.scanToken(I)I @ 42 c2
Event: 6.305 Thread 0x00000274d4842d30 DEOPT PACKING pc=0x00000274c08892c4 sp=0x000000e063ffe5b0
Event: 6.305 Thread 0x00000274d4842d30 DEOPT UNPACKING pc=0x00000274c02769a3 sp=0x000000e063ffe540 mode 2

Classes unloaded (0 events):
No events

Classes redefined (0 events):
No events

Internal exceptions (20 events):
Event: 6.140 Thread 0x00000274d1ba6400 Exception <a 'java/lang/ClassNotFoundException'{0x00000000852990d8}: org/gradle/internal/extensibility/DefaultExtraPropertiesExtensionCustomizer> (0x00000000852990d8) 
thrown [s\src\hotspot\share\classfile\systemDictionary.cpp, line 256]
Event: 6.164 Thread 0x00000274d1ba6400 Exception <a 'java/lang/ClassNotFoundException'{0x000000008502b880}: org/gradle/invocation/DefaultGradle_DecoratedBeanInfo> (0x000000008502b880) 
thrown [s\src\hotspot\share\classfile\systemDictionary.cpp, line 256]
Event: 6.164 Thread 0x00000274d1ba6400 Exception <a 'java/lang/ClassNotFoundException'{0x000000008503b778}: org/gradle/invocation/DefaultGradleBeanInfo> (0x000000008503b778) 
thrown [s\src\hotspot\share\classfile\systemDictionary.cpp, line 256]
Event: 6.165 Thread 0x00000274d1ba6400 Exception <a 'java/lang/ClassNotFoundException'{0x000000008504ba48}: org/gradle/api/internal/project/AbstractPluginAwareBeanInfo> (0x000000008504ba48) 
thrown [s\src\hotspot\share\classfile\systemDictionary.cpp, line 256]
Event: 6.165 Thread 0x00000274d1ba6400 Exception <a 'java/lang/ClassNotFoundException'{0x000000008505bec8}: org/gradle/api/internal/project/AbstractPluginAwareCustomizer> (0x000000008505bec8) 
thrown [s\src\hotspot\share\classfile\systemDictionary.cpp, line 256]
Event: 6.166 Thread 0x00000274d1ba6400 Exception <a 'java/lang/ClassNotFoundException'{0x0000000085071a08}: org/gradle/invocation/DefaultGradleCustomizer> (0x0000000085071a08) 
thrown [s\src\hotspot\share\classfile\systemDictionary.cpp, line 256]
Event: 6.169 Thread 0x00000274d1ba6400 Exception <a 'java/lang/ClassNotFoundException'{0x00000000850b2420}: org/gradle/invocation/DefaultGradle_DecoratedCustomizer> (0x00000000850b2420) 
thrown [s\src\hotspot\share\classfile\systemDictionary.cpp, line 256]
Event: 6.264 Thread 0x00000274d1ba6400 Exception <a 'java/lang/ClassNotFoundException'{0x0000000086aa2270}: groovy/lang/Closure$1BeanInfo> (0x0000000086aa2270) 
thrown [s\src\hotspot\share\classfile\systemDictionary.cpp, line 256]
Event: 6.264 Thread 0x00000274d1ba6400 Exception <a 'java/lang/ClassNotFoundException'{0x0000000086ac6030}: groovy/lang/ClosureBeanInfo> (0x0000000086ac6030) 
thrown [s\src\hotspot\share\classfile\systemDictionary.cpp, line 256]
Event: 6.265 Thread 0x00000274d1ba6400 Exception <a 'java/lang/ClassNotFoundException'{0x0000000086aea000}: groovy/lang/ClosureCustomizer> (0x0000000086aea000) 
thrown [s\src\hotspot\share\classfile\systemDictionary.cpp, line 256]
Event: 6.270 Thread 0x00000274d1ba6400 Exception <a 'java/lang/ClassNotFoundException'{0x0000000086930ec8}: groovy/lang/Closure$1Customizer> (0x0000000086930ec8) 
thrown [s\src\hotspot\share\classfile\systemDictionary.cpp, line 256]
Event: 6.291 Thread 0x00000274d4842d30 Exception <a 'sun/nio/fs/WindowsException'{0x00000000868177b8}> (0x00000000868177b8) 
thrown [s\src\hotspot\share\prims\jni.cpp, line 517]
Event: 6.333 Thread 0x00000274d4842d30 Exception <a 'sun/nio/fs/WindowsException'{0x000000008679fe28}> (0x000000008679fe28) 
thrown [s\src\hotspot\share\prims\jni.cpp, line 517]
Event: 6.334 Thread 0x00000274d4842d30 Exception <a 'sun/nio/fs/WindowsException'{0x00000000867a0038}> (0x00000000867a0038) 
thrown [s\src\hotspot\share\prims\jni.cpp, line 517]
Event: 6.402 Thread 0x00000274d1ba6400 Exception <a 'java/lang/ClassNotFoundException'{0x000000008660b920}: sync_studio_tooling1523_5zzxsm6z71zw90jzatd4b1ul3BeanInfo> (0x000000008660b920) 
thrown [s\src\hotspot\share\classfile\systemDictionary.cpp, line 256]
Event: 6.403 Thread 0x00000274d1ba6400 Exception <a 'java/lang/ClassNotFoundException'{0x0000000086612268}: sync_studio_tooling1523_5zzxsm6z71zw90jzatd4b1ul3Customizer> (0x0000000086612268) 
thrown [s\src\hotspot\share\classfile\systemDictionary.cpp, line 256]
Event: 6.408 Thread 0x00000274d1ba6400 Exception <a 'java/lang/ClassNotFoundException'{0x000000008665e0e0}: org/gradle/internal/metaobject/ConfigureDelegateBeanInfo> (0x000000008665e0e0) 
thrown [s\src\hotspot\share\classfile\systemDictionary.cpp, line 256]
Event: 6.409 Thread 0x00000274d1ba6400 Exception <a 'java/lang/ClassNotFoundException'{0x000000008666e4f0}: org/gradle/internal/metaobject/ConfigureDelegateCustomizer> (0x000000008666e4f0) 
thrown [s\src\hotspot\share\classfile\systemDictionary.cpp, line 256]
Event: 6.416 Thread 0x00000274d1ba6400 Exception <a 'java/lang/ClassNotFoundException'{0x00000000866be5f8}: org/gradle/api/internal/initialization/DefaultScriptHandlerBeanInfo> (0x00000000866be5f8) 
thrown [s\src\hotspot\share\classfile\systemDictionary.cpp, line 256]
Event: 6.417 Thread 0x00000274d1ba6400 Exception <a 'java/lang/ClassNotFoundException'{0x00000000866ceb38}: org/gradle/api/internal/initialization/DefaultScriptHandlerCustomizer> (0x00000000866ceb38) 
thrown [s\src\hotspot\share\classfile\systemDictionary.cpp, line 256]

VM Operations (20 events):
Event: 5.929 Executing VM operation: HandshakeAllThreads
Event: 5.929 Executing VM operation: HandshakeAllThreads done
Event: 5.935 Executing VM operation: HandshakeAllThreads
Event: 5.935 Executing VM operation: HandshakeAllThreads done
Event: 6.028 Executing VM operation: HandshakeAllThreads
Event: 6.028 Executing VM operation: HandshakeAllThreads done
Event: 6.080 Executing VM operation: G1CollectForAllocation
Event: 6.085 Executing VM operation: G1CollectForAllocation done
Event: 6.183 Executing VM operation: G1TryInitiateConcMark
Event: 6.185 Executing VM operation: G1TryInitiateConcMark done
Event: 6.209 Executing VM operation: G1Concurrent
Event: 6.222 Executing VM operation: G1Concurrent done
Event: 6.233 Executing VM operation: G1Concurrent
Event: 6.233 Executing VM operation: G1Concurrent done
Event: 6.314 Executing VM operation: HandshakeAllThreads
Event: 6.314 Executing VM operation: HandshakeAllThreads done
Event: 6.317 Executing VM operation: HandshakeAllThreads
Event: 6.317 Executing VM operation: HandshakeAllThreads done
Event: 6.497 Executing VM operation: HandshakeAllThreads
Event: 6.497 Executing VM operation: HandshakeAllThreads done

Events (20 events):
Event: 6.270 loading class com/sun/beans/finder/FinderUtils
Event: 6.270 loading class com/sun/beans/finder/FinderUtils done
Event: 6.290 loading class sun/nio/fs/WindowsException
Event: 6.291 loading class sun/nio/fs/WindowsException done
Event: 6.297 loading class java/nio/charset/UnsupportedCharsetException
Event: 6.298 loading class java/nio/charset/UnsupportedCharsetException done
Event: 6.300 loading class java/util/zip/Deflater
Event: 6.300 loading class java/util/zip/Deflater done
Event: 6.300 loading class java/util/zip/Deflater$DeflaterZStreamRef
Event: 6.300 loading class java/util/zip/Deflater$DeflaterZStreamRef done
Event: 6.304 loading class java/nio/channels/Channels
Event: 6.304 loading class java/nio/channels/Channels done
Event: 6.304 loading class sun/nio/ch/ChannelInputStream
Event: 6.304 loading class sun/nio/ch/ChannelInputStream done
Event: 6.316 loading class java/nio/StringCharBuffer
Event: 6.316 loading class java/nio/StringCharBuffer done
Event: 6.333 loading class java/nio/file/StandardCopyOption
Event: 6.333 loading class java/nio/file/StandardCopyOption done
Event: 6.333 loading class sun/nio/fs/WindowsFileCopy
Event: 6.333 loading class sun/nio/fs/WindowsFileCopy done


Dynamic libraries:
0x00007ff775b50000 - 0x00007ff775b5a000 	F:\Android Studio\jbr\bin\java.exe
0x00007ffec8210000 - 0x00007ffec8408000 	C:\WINDOWS\SYSTEM32\ntdll.dll
0x00007ffec6f70000 - 0x00007ffec702f000 	C:\WINDOWS\System32\KERNEL32.DLL
0x00007ffec5a90000 - 0x00007ffec5d86000 	C:\WINDOWS\System32\KERNELBASE.dll
0x00007ffec5f20000 - 0x00007ffec6020000 	C:\WINDOWS\System32\ucrtbase.dll
0x00007ffeb0800000 - 0x00007ffeb0817000 	F:\Android Studio\jbr\bin\jli.dll
0x00007ffea7960000 - 0x00007ffea797b000 	F:\Android Studio\jbr\bin\VCRUNTIME140.dll
0x00007ffec7230000 - 0x00007ffec73cd000 	C:\WINDOWS\System32\USER32.dll
0x00007ffec5d90000 - 0x00007ffec5db2000 	C:\WINDOWS\System32\win32u.dll
0x00007ffec6ad0000 - 0x00007ffec6afc000 	C:\WINDOWS\System32\GDI32.dll
0x00007ffec6020000 - 0x00007ffec6135000 	C:\WINDOWS\System32\gdi32full.dll
0x00007ffec6140000 - 0x00007ffec61dd000 	C:\WINDOWS\System32\msvcp_win.dll
0x00007ffea5dc0000 - 0x00007ffea605a000 	C:\WINDOWS\WinSxS\amd64_microsoft.windows.common-controls_6595b64144ccf1df_6.0.19041.1110_none_60b5254171f9507e\COMCTL32.dll
0x00007ffec7190000 - 0x00007ffec722e000 	C:\WINDOWS\System32\msvcrt.dll
0x00007ffec7910000 - 0x00007ffec7940000 	C:\WINDOWS\System32\IMM32.DLL
0x00007ffeba340000 - 0x00007ffeba34c000 	F:\Android Studio\jbr\bin\vcruntime140_1.dll
0x00007ffe9a7a0000 - 0x00007ffe9a82d000 	F:\Android Studio\jbr\bin\msvcp140.dll
0x00007ffe80410000 - 0x00007ffe8107e000 	F:\Android Studio\jbr\bin\server\jvm.dll
0x00007ffec6a20000 - 0x00007ffec6acf000 	C:\WINDOWS\System32\ADVAPI32.dll
0x00007ffec7800000 - 0x00007ffec789c000 	C:\WINDOWS\System32\sechost.dll
0x00007ffec80a0000 - 0x00007ffec81c6000 	C:\WINDOWS\System32\RPCRT4.dll
0x00007ffebc9b0000 - 0x00007ffebc9b9000 	C:\WINDOWS\SYSTEM32\WSOCK32.dll
0x00007ffea76b0000 - 0x00007ffea76d7000 	C:\WINDOWS\SYSTEM32\WINMM.dll
0x00007ffeb6030000 - 0x00007ffeb603a000 	C:\WINDOWS\SYSTEM32\VERSION.dll
0x00007ffec7e20000 - 0x00007ffec7e8b000 	C:\WINDOWS\System32\WS2_32.dll
0x00007ffec4120000 - 0x00007ffec4132000 	C:\WINDOWS\SYSTEM32\kernel.appcore.dll
0x00007ffebd270000 - 0x00007ffebd27a000 	F:\Android Studio\jbr\bin\jimage.dll
0x00007ffec36a0000 - 0x00007ffec3884000 	C:\WINDOWS\SYSTEM32\DBGHELP.DLL
0x00007ffeabf30000 - 0x00007ffeabf64000 	C:\WINDOWS\SYSTEM32\dbgcore.DLL
0x00007ffec61e0000 - 0x00007ffec6262000 	C:\WINDOWS\System32\bcryptPrimitives.dll
0x00007ffea7e20000 - 0x00007ffea7e45000 	F:\Android Studio\jbr\bin\java.dll
0x00007ffeb29b0000 - 0x00007ffeb29c8000 	F:\Android Studio\jbr\bin\zip.dll
0x00007ffec62d0000 - 0x00007ffec6a14000 	C:\WINDOWS\System32\SHELL32.dll
0x00007ffec3970000 - 0x00007ffec4103000 	C:\WINDOWS\SYSTEM32\windows.storage.dll
0x00007ffec73d0000 - 0x00007ffec7724000 	C:\WINDOWS\System32\combase.dll
0x00007ffec5330000 - 0x00007ffec535e000 	C:\WINDOWS\SYSTEM32\Wldp.dll
0x00007ffec7050000 - 0x00007ffec70fd000 	C:\WINDOWS\System32\SHCORE.dll
0x00007ffec7a80000 - 0x00007ffec7ad5000 	C:\WINDOWS\System32\shlwapi.dll
0x00007ffec5820000 - 0x00007ffec5845000 	C:\WINDOWS\SYSTEM32\profapi.dll
0x00007ffeb2900000 - 0x00007ffeb2919000 	F:\Android Studio\jbr\bin\net.dll
0x00007ffeb7580000 - 0x00007ffeb768a000 	C:\WINDOWS\SYSTEM32\WINHTTP.dll
0x00007ffec5090000 - 0x00007ffec50fa000 	C:\WINDOWS\system32\mswsock.dll
0x00007ffeb0fc0000 - 0x00007ffeb0fd6000 	F:\Android Studio\jbr\bin\nio.dll
0x00007ffebd250000 - 0x00007ffebd260000 	F:\Android Studio\jbr\bin\verify.dll
0x00007ffeaf0a0000 - 0x00007ffeaf0c7000 	C:\Users\Zunair\.gradle\native\68d5fa5c4cc2d200863cafc0d521ce42e7d3e7ee720ec0a83991735586a16f82\windows-amd64\native-platform.dll
0x00007ffe8c9e0000 - 0x00007ffe8cb24000 	C:\Users\Zunair\.gradle\native\e376f236ea51e6404a007f0833ffe2c6e607c4080706a723a18a27aeea778392\windows-amd64\native-platform-file-events.dll
0x00007ffebc960000 - 0x00007ffebc969000 	F:\Android Studio\jbr\bin\management.dll
0x00007ffebc410000 - 0x00007ffebc41b000 	F:\Android Studio\jbr\bin\management_ext.dll
0x00007ffec7940000 - 0x00007ffec7948000 	C:\WINDOWS\System32\PSAPI.DLL
0x00007ffec5290000 - 0x00007ffec52a8000 	C:\WINDOWS\SYSTEM32\CRYPTSP.dll
0x00007ffec4930000 - 0x00007ffec4964000 	C:\WINDOWS\system32\rsaenh.dll
0x00007ffec5a10000 - 0x00007ffec5a37000 	C:\WINDOWS\System32\bcrypt.dll
0x00007ffec57e0000 - 0x00007ffec580e000 	C:\WINDOWS\SYSTEM32\USERENV.dll
0x00007ffec5280000 - 0x00007ffec528c000 	C:\WINDOWS\SYSTEM32\CRYPTBASE.dll
0x00007ffec4d30000 - 0x00007ffec4d6b000 	C:\WINDOWS\SYSTEM32\IPHLPAPI.DLL
0x00007ffec7e10000 - 0x00007ffec7e18000 	C:\WINDOWS\System32\NSI.dll
0x00007ffeb93c0000 - 0x00007ffeb93d7000 	C:\WINDOWS\SYSTEM32\dhcpcsvc6.DLL
0x00007ffeb9360000 - 0x00007ffeb937d000 	C:\WINDOWS\SYSTEM32\dhcpcsvc.DLL
0x00007ffec4d70000 - 0x00007ffec4e3a000 	C:\WINDOWS\SYSTEM32\DNSAPI.dll
0x00007ffe45d20000 - 0x00007ffe45d27000 	C:\WINDOWS\system32\wshunix.dll

dbghelp: loaded successfully - version: 4.0.5 - missing functions: none
symbol engine: initialized successfully - sym options: 0x614 - pdb path: .;F:\Android Studio\jbr\bin;C:\WINDOWS\SYSTEM32;C:\WINDOWS\WinSxS\amd64_microsoft.windows.common-controls_6595b64144ccf1df_6.0.19041.1110_none_60b5254171f9507e;F:\Android Studio\jbr\bin\server;C:\Users\Zunair\.gradle\native\68d5fa5c4cc2d200863cafc0d521ce42e7d3e7ee720ec0a83991735586a16f82\windows-amd64;C:\Users\Zunair\.gradle\native\e376f236ea51e6404a007f0833ffe2c6e607c4080706a723a18a27aeea778392\windows-amd64

VM Arguments:
jvm_args: --add-opens=java.base/java.util=ALL-UNNAMED --add-opens=java.base/java.lang=ALL-UNNAMED --add-opens=java.base/java.lang.invoke=ALL-UNNAMED --add-opens=java.prefs/java.util.prefs=ALL-UNNAMED --add-opens=java.base/java.nio.charset=ALL-UNNAMED --add-opens=java.base/java.net=ALL-UNNAMED --add-opens=java.base/java.util.concurrent.atomic=ALL-UNNAMED -Xmx2048m -Dfile.encoding=UTF-8 -Duser.country=US -Duser.language=en -Duser.variant 
java_command: org.gradle.launcher.daemon.bootstrap.GradleDaemon 8.0
java_class_path (initial): C:\Users\Zunair\.gradle\wrapper\dists\gradle-8.0-bin\ca5e32bp14vu59qr306oxotwh\gradle-8.0\lib\gradle-launcher-8.0.jar
Launcher Type: SUN_STANDARD

[Global flags]
     intx CICompilerCount                          = 4                                         {product} {ergonomic}
     uint ConcGCThreads                            = 2                                         {product} {ergonomic}
     uint G1ConcRefinementThreads                  = 8                                         {product} {ergonomic}
   size_t G1HeapRegionSize                         = 1048576                                   {product} {ergonomic}
    uintx GCDrainStackTargetSize                   = 64                                        {product} {ergonomic}
   size_t InitialHeapSize                          = 132120576                                 {product} {ergonomic}
   size_t MarkStackSize                            = 4194304                                   {product} {ergonomic}
   size_t MaxHeapSize                              = 2147483648                                {product} {command line}
   size_t MaxNewSize                               = 1287651328                                {product} {ergonomic}
   size_t MinHeapDeltaBytes                        = 1048576                                   {product} {ergonomic}
   size_t MinHeapSize                              = 8388608                                   {product} {ergonomic}
    uintx NonNMethodCodeHeapSize                   = 5839372                                {pd product} {ergonomic}
    uintx NonProfiledCodeHeapSize                  = 122909434                              {pd product} {ergonomic}
    uintx ProfiledCodeHeapSize                     = 122909434                              {pd product} {ergonomic}
    uintx ReservedCodeCacheSize                    = 251658240                              {pd product} {ergonomic}
     bool SegmentedCodeCache                       = true                                      {product} {ergonomic}
   size_t SoftMaxHeapSize                          = 2147483648                             {manageable} {ergonomic}
     bool UseCompressedClassPointers               = true                           {product lp64_product} {ergonomic}
     bool UseCompressedOops                        = true                           {product lp64_product} {ergonomic}
     bool UseG1GC                                  = true                                      {product} {ergonomic}
     bool UseLargePagesIndividualAllocation        = false                                  {pd product} {ergonomic}

Logging:
Log output configuration:
 #0: stdout all=warning uptime,level,tags
 #1: stderr all=off uptime,level,tags

Environment Variables:
JAVA_HOME=C:\Program Files\Java\jdk1.8.0_66
PATH=C:\Program Files\Java\jdk1.8.0_66\bin;C:\Program Files\Common Files\Oracle\Java\javapath;C:\ProgramData\Oracle\Java\javapath;C:\WINDOWS\system32;C:\WINDOWS;C:\WINDOWS\System32\Wbem;C:\WINDOWS\System32\WindowsPowerShell\v1.0\;C:\WINDOWS\System32\OpenSSH\;C:\Program Files (x86)\Windows Kits\8.1\Windows Performance Toolkit\;C:\Program Files\Microsoft SQL Server\120\Tools\Binn\;C:\Program Files\Microsoft SQL Server\130\Tools\Binn\;C:\Program Files\dotnet\;C:\Users\Zunair\AppData\Local\Microsoft\WindowsApps;C:\Users\Zunair\IntelliJ IDEA Community Edition 2020.3.3\bin;;C:\Users\Zunair\AppData\Local\Programs\Python\Python38\Scripts;
USERNAME=Zunair Personal
OS=Windows_NT
PROCESSOR_IDENTIFIER=Intel64 Family 6 Model 142 Stepping 11, GenuineIntel
TMP=C:\Users\Zunair\AppData\Local\Temp
TEMP=C:\Users\Zunair\AppData\Local\Temp


JNI global refs:
JNI global refs: 25, weak refs: 0

JNI global refs memory usage: 843, weak refs: 841


---------------  S Y S T E M  ---------------

OS:
 Windows 10 , 64 bit Build 19041 (10.0.19041.3155)
OS uptime: 0 days 10:58 hours

CPU: total 8 (initial active 8) (4 cores per cpu, 2 threads per core) family 6 model 142 stepping 11 microcode 0xf0, cx8, cmov, fxsr, ht, mmx, 3dnowpref, sse, sse2, sse3, ssse3, sse4.1, sse4.2, popcnt, lzcnt, tsc, tscinvbit, avx, avx2, aes, erms, clmul, bmi1, bmi2, adx, fma, vzeroupper, clflush, clflushopt

Memory: 4k page, system-wide physical 8062M (373M free)
TotalPageFile size 32638M (AvailPageFile size 3M)
current process WorkingSet (physical memory assigned to process): 258M, peak: 258M
current process commit charge ("private bytes"): 297M, peak: 297M

vm_info: OpenJDK 64-Bit Server VM (17.0.6+0-b2043.56-10027231) for windows-amd64 JRE (17.0.6+0-b2043.56-10027231), built on Apr 28 2023 00:43:19 by "androidbuild" with MS VC++ 16.10 / 16.11 (VS2019)

END.
