#
# There is insufficient memory for the Java Runtime Environment to continue.
# Native memory allocation (malloc) failed to allocate 791856 bytes for Chunk::new
# Possible reasons:
#   The system is out of physical RAM or swap space
#   The process is running with CompressedOops enabled, and the Java Heap may be blocking the growth of the native heap
# Possible solutions:
#   Reduce memory load on the system
#   Increase physical memory or swap space
#   Check if swap backing store is full
#   Decrease Java heap size (-Xmx/-Xms)
#   Decrease number of Java threads
#   Decrease Java thread stack sizes (-Xss)
#   Set larger code cache with -XX:ReservedCodeCacheSize=
#   JVM is running with Unscaled Compressed Oops mode in which the Java heap is
#     placed in the first 4GB address space. The Java Heap base address is the
#     maximum limit for the native heap growth. Please use -XX:HeapBaseMinAddress
#     to set the Java Heap base and to place the Java Heap above 4GB virtual address.
# This output file may be truncated or incomplete.
#
#  Out of Memory Error (arena.cpp:189), pid=14560, tid=21728
#
# JRE version: OpenJDK Runtime Environment (17.0.6) (build 17.0.6+0-b2043.56-10027231)
# Java VM: OpenJDK 64-Bit Server VM (17.0.6+0-b2043.56-10027231, mixed mode, tiered, compressed oops, compressed class ptrs, g1 gc, windows-amd64)
# No core dump will be written. Minidumps are not enabled by default on client versions of Windows
#

---------------  S U M M A R Y ------------

Command Line: --add-opens=java.base/java.util=ALL-UNNAMED --add-opens=java.base/java.lang=ALL-UNNAMED --add-opens=java.base/java.lang.invoke=ALL-UNNAMED --add-opens=java.prefs/java.util.prefs=ALL-UNNAMED --add-opens=java.base/java.nio.charset=ALL-UNNAMED --add-opens=java.base/java.net=ALL-UNNAMED --add-opens=java.base/java.util.concurrent.atomic=ALL-UNNAMED -Xmx2048m -Dfile.encoding=UTF-8 -Duser.country=US -Duser.language=en -Duser.variant org.gradle.launcher.daemon.bootstrap.GradleDaemon 8.0

Host: Intel(R) Core(TM) i7-8565U CPU @ 1.80GHz, 8 cores, 7G,  Windows 10 , 64 bit Build 19041 (10.0.19041.3155)
Time: Sat Aug 12 09:42:59 2023 Pakistan Standard Time elapsed time: 6.689434 seconds (0d 0h 0m 6s)

---------------  T H R E A D  ---------------

Current thread (0x000001356a45aaa0):  JavaThread "C2 CompilerThread0" daemon [_thread_in_native, id=21728, stack(0x0000000f7b900000,0x0000000f7ba00000)]


Current CompileTask:
C2:   6689 4070       4       java.util.zip.ZipFile$Source::initCEN (591 bytes)

Stack: [0x0000000f7b900000,0x0000000f7ba00000]
Native frames: (J=compiled Java code, j=interpreted, Vv=VM code, C=native code)
V  [jvm.dll+0x683c9a]
V  [jvm.dll+0x8427a4]
V  [jvm.dll+0x843f9e]
V  [jvm.dll+0x844603]
V  [jvm.dll+0x249b75]
V  [jvm.dll+0xabcac]
V  [jvm.dll+0xac27c]
V  [jvm.dll+0x368802]
V  [jvm.dll+0x332f31]
V  [jvm.dll+0x3323da]
V  [jvm.dll+0x21c201]
V  [jvm.dll+0x21b621]
V  [jvm.dll+0x1a4fdd]
V  [jvm.dll+0x22b098]
V  [jvm.dll+0x229159]
V  [jvm.dll+0x7f81ec]
V  [jvm.dll+0x7f274a]
V  [jvm.dll+0x682ad5]
C  [ucrtbase.dll+0x21bb2]
C  [KERNEL32.DLL+0x17614]
C  [ntdll.dll+0x526b1]


---------------  P R O C E S S  ---------------

Threads class SMR info:
_java_thread_list=0x000001356e8c3060, length=41, elements={
0x000001354fc6b840, 0x000001356a40b7b0, 0x000001356a40d540, 0x000001356a447950,
0x000001356a448410, 0x000001356a448cd0, 0x000001356a45a130, 0x000001356a45aaa0,
0x000001356a463460, 0x000001356a469270, 0x000001356a5f0e40, 0x000001356a613e00,
0x000001356c95d570, 0x000001356bf9e640, 0x000001356c808110, 0x000001356bedf4f0,
0x000001356bfaa270, 0x000001356c83c830, 0x000001356c825ca0, 0x000001356c820240,
0x000001356c81ef00, 0x000001356c821580, 0x000001356c81f8a0, 0x000001356c821a50,
0x000001356c821f20, 0x000001356c820710, 0x000001356c81ea30, 0x000001356c81e560,
0x000001356c820be0, 0x000001356c81fd70, 0x000001356c81f3d0, 0x000001356c8210b0,
0x000001356d3f05c0, 0x000001356d3f3ab0, 0x000001356d3f0a90, 0x000001356d3eedb0,
0x000001356d3f0f60, 0x000001356d3eda70, 0x000001356d3f1900, 0x000001356d3ee8e0,
0x000001356d3efc20
}

Java Threads: ( => current thread )
  0x000001354fc6b840 JavaThread "main" [_thread_blocked, id=8844, stack(0x0000000f7ac00000,0x0000000f7ad00000)]
  0x000001356a40b7b0 JavaThread "Reference Handler" daemon [_thread_blocked, id=25020, stack(0x0000000f7b300000,0x0000000f7b400000)]
  0x000001356a40d540 JavaThread "Finalizer" daemon [_thread_blocked, id=24648, stack(0x0000000f7b400000,0x0000000f7b500000)]
  0x000001356a447950 JavaThread "Signal Dispatcher" daemon [_thread_blocked, id=21164, stack(0x0000000f7b500000,0x0000000f7b600000)]
  0x000001356a448410 JavaThread "Attach Listener" daemon [_thread_blocked, id=20736, stack(0x0000000f7b600000,0x0000000f7b700000)]
  0x000001356a448cd0 JavaThread "Service Thread" daemon [_thread_blocked, id=21076, stack(0x0000000f7b700000,0x0000000f7b800000)]
  0x000001356a45a130 JavaThread "Monitor Deflation Thread" daemon [_thread_blocked, id=25368, stack(0x0000000f7b800000,0x0000000f7b900000)]
=>0x000001356a45aaa0 JavaThread "C2 CompilerThread0" daemon [_thread_in_native, id=21728, stack(0x0000000f7b900000,0x0000000f7ba00000)]
  0x000001356a463460 JavaThread "C1 CompilerThread0" daemon [_thread_blocked, id=25364, stack(0x0000000f7ba00000,0x0000000f7bb00000)]
  0x000001356a469270 JavaThread "Sweeper thread" daemon [_thread_blocked, id=11200, stack(0x0000000f7bb00000,0x0000000f7bc00000)]
  0x000001356a5f0e40 JavaThread "Common-Cleaner" daemon [_thread_blocked, id=9496, stack(0x0000000f7bc00000,0x0000000f7bd00000)]
  0x000001356a613e00 JavaThread "Notification Thread" daemon [_thread_blocked, id=20260, stack(0x0000000f7bd00000,0x0000000f7be00000)]
  0x000001356c95d570 JavaThread "Daemon health stats" [_thread_blocked, id=21856, stack(0x0000000f7c300000,0x0000000f7c400000)]
  0x000001356bf9e640 JavaThread "Incoming local TCP Connector on port 56189" [_thread_in_native, id=20672, stack(0x0000000f7c400000,0x0000000f7c500000)]
  0x000001356c808110 JavaThread "Daemon periodic checks" [_thread_blocked, id=11032, stack(0x0000000f7c500000,0x0000000f7c600000)]
  0x000001356bedf4f0 JavaThread "Daemon" [_thread_blocked, id=24952, stack(0x0000000f7c600000,0x0000000f7c700000)]
  0x000001356bfaa270 JavaThread "Handler for socket connection from /127.0.0.1:56189 to /127.0.0.1:56190" [_thread_in_native, id=3752, stack(0x0000000f7c700000,0x0000000f7c800000)]
  0x000001356c83c830 JavaThread "Cancel handler" [_thread_blocked, id=10068, stack(0x0000000f7c800000,0x0000000f7c900000)]
  0x000001356c825ca0 JavaThread "Daemon worker" [_thread_in_vm, id=21820, stack(0x0000000f7c900000,0x0000000f7ca00000)]
  0x000001356c820240 JavaThread "Asynchronous log dispatcher for DefaultDaemonConnection: socket connection from /127.0.0.1:56189 to /127.0.0.1:56190" [_thread_blocked, id=12196, stack(0x0000000f7ca00000,0x0000000f7cb00000)]
  0x000001356c81ef00 JavaThread "Stdin handler" [_thread_blocked, id=584, stack(0x0000000f7cb00000,0x0000000f7cc00000)]
  0x000001356c821580 JavaThread "Daemon client event forwarder" [_thread_blocked, id=25236, stack(0x0000000f7cc00000,0x0000000f7cd00000)]
  0x000001356c81f8a0 JavaThread "Cache worker for journal cache (C:\Users\Zunair\.gradle\caches\journal-1)" [_thread_blocked, id=7872, stack(0x0000000f7d100000,0x0000000f7d200000)]
  0x000001356c821a50 JavaThread "File lock request listener" [_thread_in_native, id=7444, stack(0x0000000f7d200000,0x0000000f7d300000)]
  0x000001356c821f20 JavaThread "Cache worker for file hash cache (C:\Users\Zunair\.gradle\caches\8.0\fileHashes)" [_thread_blocked, id=8912, stack(0x0000000f7d300000,0x0000000f7d400000)]
  0x000001356c820710 JavaThread "File watcher server" daemon [_thread_in_native, id=24160, stack(0x0000000f7d400000,0x0000000f7d500000)]
  0x000001356c81ea30 JavaThread "File watcher consumer" daemon [_thread_blocked, id=2636, stack(0x0000000f7d500000,0x0000000f7d600000)]
  0x000001356c81e560 JavaThread "jar transforms" [_thread_blocked, id=15280, stack(0x0000000f7d600000,0x0000000f7d700000)]
  0x000001356c820be0 JavaThread "jar transforms Thread 2" [_thread_blocked, id=6184, stack(0x0000000f7d700000,0x0000000f7d800000)]
  0x000001356c81fd70 JavaThread "jar transforms Thread 3" [_thread_blocked, id=9852, stack(0x0000000f7d800000,0x0000000f7d900000)]
  0x000001356c81f3d0 JavaThread "jar transforms Thread 4" [_thread_blocked, id=14412, stack(0x0000000f7d900000,0x0000000f7da00000)]
  0x000001356c8210b0 JavaThread "jar transforms Thread 5" [_thread_blocked, id=812, stack(0x0000000f7da00000,0x0000000f7db00000)]
  0x000001356d3f05c0 JavaThread "jar transforms Thread 6" [_thread_blocked, id=6888, stack(0x0000000f7db00000,0x0000000f7dc00000)]
  0x000001356d3f3ab0 JavaThread "jar transforms Thread 7" [_thread_blocked, id=17320, stack(0x0000000f7dc00000,0x0000000f7dd00000)]
  0x000001356d3f0a90 JavaThread "jar transforms Thread 8" [_thread_blocked, id=7636, stack(0x0000000f7dd00000,0x0000000f7de00000)]
  0x000001356d3eedb0 JavaThread "Cache worker for checksums cache (F:\Android Studio Projects\.gradle\8.0\checksums)" [_thread_blocked, id=2972, stack(0x0000000f7de00000,0x0000000f7df00000)]
  0x000001356d3f0f60 JavaThread "Cache worker for cache directory md-rule (C:\Users\Zunair\.gradle\caches\8.0\md-rule)" [_thread_blocked, id=23856, stack(0x0000000f7df00000,0x0000000f7e000000)]
  0x000001356d3eda70 JavaThread "Cache worker for file content cache (C:\Users\Zunair\.gradle\caches\8.0\fileContent)" [_thread_blocked, id=21788, stack(0x0000000f7e000000,0x0000000f7e100000)]
  0x000001356d3f1900 JavaThread "Cache worker for file hash cache (F:\Android Studio Projects\.gradle\8.0\fileHashes)" [_thread_blocked, id=15632, stack(0x0000000f7e100000,0x0000000f7e200000)]
  0x000001356d3ee8e0 JavaThread "Cache worker for cache directory md-supplier (C:\Users\Zunair\.gradle\caches\8.0\md-supplier)" [_thread_blocked, id=2288, stack(0x0000000f7e200000,0x0000000f7e300000)]
  0x000001356d3efc20 JavaThread "Cache worker for execution history cache (C:\Users\Zunair\.gradle\caches\8.0\executionHistory)" [_thread_blocked, id=11968, stack(0x0000000f7e300000,0x0000000f7e400000)]

Other Threads:
  0x0000013569aeda10 VMThread "VM Thread" [stack: 0x0000000f7b200000,0x0000000f7b300000] [id=8432]
  0x000001356a6164f0 WatcherThread [stack: 0x0000000f7be00000,0x0000000f7bf00000] [id=24948]
  0x000001354fcc7a10 GCTaskThread "GC Thread#0" [stack: 0x0000000f7ad00000,0x0000000f7ae00000] [id=10952]
  0x000001356b09abd0 GCTaskThread "GC Thread#1" [stack: 0x0000000f7bf00000,0x0000000f7c000000] [id=24840]
  0x000001356b472d10 GCTaskThread "GC Thread#2" [stack: 0x0000000f7c000000,0x0000000f7c100000] [id=20880]
  0x000001356b30ca40 GCTaskThread "GC Thread#3" [stack: 0x0000000f7c100000,0x0000000f7c200000] [id=5056]
  0x000001356ba1b500 GCTaskThread "GC Thread#4" [stack: 0x0000000f7c200000,0x0000000f7c300000] [id=2544]
  0x000001356c959700 GCTaskThread "GC Thread#5" [stack: 0x0000000f7cd00000,0x0000000f7ce00000] [id=1852]
  0x000001356ca641d0 GCTaskThread "GC Thread#6" [stack: 0x0000000f7ce00000,0x0000000f7cf00000] [id=1956]
  0x000001356ca64480 GCTaskThread "GC Thread#7" [stack: 0x0000000f7cf00000,0x0000000f7d000000] [id=24152]
  0x000001354fcd8860 ConcurrentGCThread "G1 Main Marker" [stack: 0x0000000f7ae00000,0x0000000f7af00000] [id=24860]
  0x000001354fcd9180 ConcurrentGCThread "G1 Conc#0" [stack: 0x0000000f7af00000,0x0000000f7b000000] [id=9844]
  0x000001356ca434f0 ConcurrentGCThread "G1 Conc#1" [stack: 0x0000000f7d000000,0x0000000f7d100000] [id=7332]
  0x000001356994d9f0 ConcurrentGCThread "G1 Refine#0" [stack: 0x0000000f7b000000,0x0000000f7b100000] [id=24848]
  0x0000013569951340 ConcurrentGCThread "G1 Service" [stack: 0x0000000f7b100000,0x0000000f7b200000] [id=25572]

Threads with active compile tasks:
C2 CompilerThread0     6787 4070       4       java.util.zip.ZipFile$Source::initCEN (591 bytes)

VM state: not at safepoint (normal execution)

VM Mutex/Monitor currently owned by a thread: None

Heap address: 0x0000000080000000, size: 2048 MB, Compressed Oops mode: 32-bit

CDS archive(s) not mapped
Compressed class space mapped at: 0x0000000100000000-0x0000000140000000, reserved size: 1073741824
Narrow klass base: 0x0000000000000000, Narrow klass shift: 3, Narrow klass range: 0x140000000

GC Precious Log:
 CPUs: 8 total, 8 available
 Memory: 8062M
 Large Page Support: Disabled
 NUMA Support: Disabled
 Compressed Oops: Enabled (32-bit)
 Heap Region Size: 1M
 Heap Min Capacity: 8M
 Heap Initial Capacity: 126M
 Heap Max Capacity: 2G
 Pre-touch: Disabled
 Parallel Workers: 8
 Concurrent Workers: 2
 Concurrent Refinement Workers: 8
 Periodic GC: Disabled

Heap:
 garbage-first heap   total 114688K, used 79053K [0x0000000080000000, 0x0000000100000000)
  region size 1024K, 17 young (17408K), 4 survivors (4096K)
 Metaspace       used 49064K, committed 49536K, reserved 1097728K
  class space    used 6420K, committed 6592K, reserved 1048576K

Heap Regions: E=young(eden), S=young(survivor), O=old, HS=humongous(starts), HC=humongous(continues), CS=collection set, F=free, OA=open archive, CA=closed archive, TAMS=top-at-mark-start (previous, next)
|   0|0x0000000080000000, 0x0000000080100000, 0x0000000080100000|100%|HS|  |TAMS 0x0000000080100000, 0x0000000080000000| Complete 
|   1|0x0000000080100000, 0x0000000080200000, 0x0000000080200000|100%|HC|  |TAMS 0x0000000080200000, 0x0000000080100000| Complete 
|   2|0x0000000080200000, 0x0000000080300000, 0x0000000080300000|100%|HC|  |TAMS 0x0000000080300000, 0x0000000080200000| Complete 
|   3|0x0000000080300000, 0x0000000080400000, 0x0000000080400000|100%|HC|  |TAMS 0x0000000080400000, 0x0000000080300000| Complete 
|   4|0x0000000080400000, 0x0000000080500000, 0x0000000080500000|100%| O|  |TAMS 0x0000000080500000, 0x0000000080400000| Untracked 
|   5|0x0000000080500000, 0x0000000080600000, 0x0000000080600000|100%| O|  |TAMS 0x0000000080600000, 0x0000000080500000| Untracked 
|   6|0x0000000080600000, 0x0000000080700000, 0x0000000080700000|100%| O|  |TAMS 0x0000000080700000, 0x0000000080600000| Untracked 
|   7|0x0000000080700000, 0x0000000080800000, 0x0000000080800000|100%| O|  |TAMS 0x0000000080800000, 0x0000000080700000| Untracked 
|   8|0x0000000080800000, 0x0000000080900000, 0x0000000080900000|100%| O|  |TAMS 0x0000000080900000, 0x0000000080800000| Untracked 
|   9|0x0000000080900000, 0x0000000080a00000, 0x0000000080a00000|100%| O|  |TAMS 0x0000000080a00000, 0x0000000080900000| Untracked 
|  10|0x0000000080a00000, 0x0000000080b00000, 0x0000000080b00000|100%| O|  |TAMS 0x0000000080b00000, 0x0000000080a00000| Untracked 
|  11|0x0000000080b00000, 0x0000000080c00000, 0x0000000080c00000|100%| O|  |TAMS 0x0000000080c00000, 0x0000000080b00000| Untracked 
|  12|0x0000000080c00000, 0x0000000080d00000, 0x0000000080d00000|100%| O|  |TAMS 0x0000000080d00000, 0x0000000080c00000| Untracked 
|  13|0x0000000080d00000, 0x0000000080e00000, 0x0000000080e00000|100%| O|  |TAMS 0x0000000080e00000, 0x0000000080d00000| Untracked 
|  14|0x0000000080e00000, 0x0000000080f00000, 0x0000000080f00000|100%| O|  |TAMS 0x0000000080f00000, 0x0000000080e00000| Untracked 
|  15|0x0000000080f00000, 0x0000000081000000, 0x0000000081000000|100%| O|  |TAMS 0x0000000081000000, 0x0000000080f00000| Untracked 
|  16|0x0000000081000000, 0x0000000081100000, 0x0000000081100000|100%| O|  |TAMS 0x0000000081100000, 0x0000000081000000| Untracked 
|  17|0x0000000081100000, 0x0000000081200000, 0x0000000081200000|100%| O|  |TAMS 0x0000000081200000, 0x0000000081100000| Untracked 
|  18|0x0000000081200000, 0x0000000081300000, 0x0000000081300000|100%| O|  |TAMS 0x0000000081300000, 0x0000000081200000| Untracked 
|  19|0x0000000081300000, 0x0000000081400000, 0x0000000081400000|100%| O|  |TAMS 0x0000000081400000, 0x0000000081300000| Untracked 
|  20|0x0000000081400000, 0x0000000081500000, 0x0000000081500000|100%| O|  |TAMS 0x0000000081500000, 0x0000000081400000| Untracked 
|  21|0x0000000081500000, 0x0000000081600000, 0x0000000081600000|100%|HS|  |TAMS 0x0000000081600000, 0x0000000081500000| Complete 
|  22|0x0000000081600000, 0x0000000081700000, 0x0000000081700000|100%|HC|  |TAMS 0x0000000081700000, 0x0000000081600000| Complete 
|  23|0x0000000081700000, 0x0000000081800000, 0x0000000081800000|100%|HS|  |TAMS 0x0000000081800000, 0x0000000081700000| Complete 
|  24|0x0000000081800000, 0x0000000081900000, 0x0000000081900000|100%|HC|  |TAMS 0x0000000081900000, 0x0000000081800000| Complete 
|  25|0x0000000081900000, 0x0000000081a00000, 0x0000000081a00000|100%|HC|  |TAMS 0x0000000081a00000, 0x0000000081900000| Complete 
|  26|0x0000000081a00000, 0x0000000081b00000, 0x0000000081b00000|100%|HS|  |TAMS 0x0000000081b00000, 0x0000000081a00000| Complete 
|  27|0x0000000081b00000, 0x0000000081c00000, 0x0000000081c00000|100%|HC|  |TAMS 0x0000000081c00000, 0x0000000081b00000| Complete 
|  28|0x0000000081c00000, 0x0000000081d00000, 0x0000000081d00000|100%|HC|  |TAMS 0x0000000081d00000, 0x0000000081c00000| Complete 
|  29|0x0000000081d00000, 0x0000000081e00000, 0x0000000081e00000|100%|HS|  |TAMS 0x0000000081e00000, 0x0000000081d00000| Complete 
|  30|0x0000000081e00000, 0x0000000081f00000, 0x0000000081f00000|100%|HC|  |TAMS 0x0000000081f00000, 0x0000000081e00000| Complete 
|  31|0x0000000081f00000, 0x0000000082000000, 0x0000000082000000|100%|HC|  |TAMS 0x0000000082000000, 0x0000000081f00000| Complete 
|  32|0x0000000082000000, 0x0000000082100000, 0x0000000082100000|100%|HC|  |TAMS 0x0000000082100000, 0x0000000082000000| Complete 
|  33|0x0000000082100000, 0x0000000082200000, 0x0000000082200000|100%|HC|  |TAMS 0x0000000082200000, 0x0000000082100000| Complete 
|  34|0x0000000082200000, 0x0000000082300000, 0x0000000082300000|100%|HC|  |TAMS 0x0000000082300000, 0x0000000082200000| Complete 
|  35|0x0000000082300000, 0x0000000082400000, 0x0000000082400000|100%|HC|  |TAMS 0x0000000082400000, 0x0000000082300000| Complete 
|  36|0x0000000082400000, 0x0000000082500000, 0x0000000082500000|100%|HC|  |TAMS 0x0000000082500000, 0x0000000082400000| Complete 
|  37|0x0000000082500000, 0x0000000082600000, 0x0000000082600000|100%|HC|  |TAMS 0x0000000082600000, 0x0000000082500000| Complete 
|  38|0x0000000082600000, 0x0000000082700000, 0x0000000082700000|100%|HC|  |TAMS 0x0000000082700000, 0x0000000082600000| Complete 
|  39|0x0000000082700000, 0x0000000082800000, 0x0000000082800000|100%|HC|  |TAMS 0x0000000082800000, 0x0000000082700000| Complete 
|  40|0x0000000082800000, 0x0000000082900000, 0x0000000082900000|100%|HC|  |TAMS 0x0000000082900000, 0x0000000082800000| Complete 
|  41|0x0000000082900000, 0x0000000082a00000, 0x0000000082a00000|100%| O|  |TAMS 0x0000000082a00000, 0x0000000082900000| Untracked 
|  42|0x0000000082a00000, 0x0000000082b00000, 0x0000000082b00000|100%| O|  |TAMS 0x0000000082b00000, 0x0000000082a00000| Untracked 
|  43|0x0000000082b00000, 0x0000000082c00000, 0x0000000082c00000|100%| O|  |TAMS 0x0000000082c00000, 0x0000000082b00000| Untracked 
|  44|0x0000000082c00000, 0x0000000082d00000, 0x0000000082d00000|100%|HS|  |TAMS 0x0000000082d00000, 0x0000000082c00000| Complete 
|  45|0x0000000082d00000, 0x0000000082e00000, 0x0000000082e00000|100%|HC|  |TAMS 0x0000000082e00000, 0x0000000082d00000| Complete 
|  46|0x0000000082e00000, 0x0000000082f00000, 0x0000000082f00000|100%| O|  |TAMS 0x0000000082f00000, 0x0000000082e00000| Untracked 
|  47|0x0000000082f00000, 0x0000000083000000, 0x0000000083000000|100%| O|  |TAMS 0x0000000083000000, 0x0000000082f00000| Untracked 
|  48|0x0000000083000000, 0x0000000083100000, 0x0000000083100000|100%|HS|  |TAMS 0x0000000083000000, 0x0000000083000000| Complete 
|  49|0x0000000083100000, 0x0000000083200000, 0x0000000083200000|100%| O|  |TAMS 0x0000000083200000, 0x0000000083100000| Untracked 
|  50|0x0000000083200000, 0x0000000083300000, 0x0000000083300000|100%| O|  |TAMS 0x0000000083300000, 0x0000000083200000| Untracked 
|  51|0x0000000083300000, 0x0000000083400000, 0x0000000083400000|100%| O|  |TAMS 0x0000000083400000, 0x0000000083300000| Untracked 
|  52|0x0000000083400000, 0x0000000083500000, 0x0000000083500000|100%| O|  |TAMS 0x0000000083500000, 0x0000000083400000| Untracked 
|  53|0x0000000083500000, 0x0000000083600000, 0x0000000083600000|100%| O|  |TAMS 0x0000000083600000, 0x0000000083500000| Untracked 
|  54|0x0000000083600000, 0x0000000083700000, 0x0000000083700000|100%| O|  |TAMS 0x0000000083700000, 0x0000000083600000| Untracked 
|  55|0x0000000083700000, 0x00000000837cae00, 0x0000000083800000| 79%| O|  |TAMS 0x00000000837cae00, 0x0000000083700000| Untracked 
|  56|0x0000000083800000, 0x0000000083900000, 0x0000000083900000|100%|HS|  |TAMS 0x0000000083900000, 0x0000000083800000| Complete 
|  57|0x0000000083900000, 0x0000000083a00000, 0x0000000083a00000|100%|HC|  |TAMS 0x0000000083a00000, 0x0000000083900000| Complete 
|  58|0x0000000083a00000, 0x0000000083b00000, 0x0000000083b00000|100%|HC|  |TAMS 0x0000000083b00000, 0x0000000083a00000| Complete 
|  59|0x0000000083b00000, 0x0000000083c00000, 0x0000000083c00000|100%|HS|  |TAMS 0x0000000083c00000, 0x0000000083b00000| Complete 
|  60|0x0000000083c00000, 0x0000000083d00000, 0x0000000083d00000|100%|HC|  |TAMS 0x0000000083d00000, 0x0000000083c00000| Complete 
|  61|0x0000000083d00000, 0x0000000083e00000, 0x0000000083e00000|100%|HC|  |TAMS 0x0000000083e00000, 0x0000000083d00000| Complete 
|  62|0x0000000083e00000, 0x0000000083e00000, 0x0000000083f00000|  0%| F|  |TAMS 0x0000000083e00000, 0x0000000083e00000| Untracked 
|  63|0x0000000083f00000, 0x0000000083f00000, 0x0000000084000000|  0%| F|  |TAMS 0x0000000083f00000, 0x0000000083f00000| Untracked 
|  64|0x0000000084000000, 0x0000000084000000, 0x0000000084100000|  0%| F|  |TAMS 0x0000000084000000, 0x0000000084000000| Untracked 
|  65|0x0000000084100000, 0x0000000084100000, 0x0000000084200000|  0%| F|  |TAMS 0x0000000084100000, 0x0000000084100000| Untracked 
|  66|0x0000000084200000, 0x0000000084200000, 0x0000000084300000|  0%| F|  |TAMS 0x0000000084200000, 0x0000000084200000| Untracked 
|  67|0x0000000084300000, 0x0000000084300000, 0x0000000084400000|  0%| F|  |TAMS 0x0000000084300000, 0x0000000084300000| Untracked 
|  68|0x0000000084400000, 0x0000000084400000, 0x0000000084500000|  0%| F|  |TAMS 0x0000000084400000, 0x0000000084400000| Untracked 
|  69|0x0000000084500000, 0x0000000084500000, 0x0000000084600000|  0%| F|  |TAMS 0x0000000084500000, 0x0000000084500000| Untracked 
|  70|0x0000000084600000, 0x0000000084600000, 0x0000000084700000|  0%| F|  |TAMS 0x0000000084600000, 0x0000000084600000| Untracked 
|  71|0x0000000084700000, 0x0000000084700000, 0x0000000084800000|  0%| F|  |TAMS 0x0000000084700000, 0x0000000084700000| Untracked 
|  72|0x0000000084800000, 0x0000000084800000, 0x0000000084900000|  0%| F|  |TAMS 0x0000000084800000, 0x0000000084800000| Untracked 
|  73|0x0000000084900000, 0x0000000084900000, 0x0000000084a00000|  0%| F|  |TAMS 0x0000000084900000, 0x0000000084900000| Untracked 
|  74|0x0000000084a00000, 0x0000000084a00000, 0x0000000084b00000|  0%| F|  |TAMS 0x0000000084a00000, 0x0000000084a00000| Untracked 
|  75|0x0000000084b00000, 0x0000000084b00000, 0x0000000084c00000|  0%| F|  |TAMS 0x0000000084b00000, 0x0000000084b00000| Untracked 
|  76|0x0000000084c00000, 0x0000000084c00000, 0x0000000084d00000|  0%| F|  |TAMS 0x0000000084c00000, 0x0000000084c00000| Untracked 
|  77|0x0000000084d00000, 0x0000000084d00000, 0x0000000084e00000|  0%| F|  |TAMS 0x0000000084d00000, 0x0000000084d00000| Untracked 
|  78|0x0000000084e00000, 0x0000000084e00000, 0x0000000084f00000|  0%| F|  |TAMS 0x0000000084e00000, 0x0000000084e00000| Untracked 
|  79|0x0000000084f00000, 0x0000000084f00000, 0x0000000085000000|  0%| F|  |TAMS 0x0000000084f00000, 0x0000000084f00000| Untracked 
|  80|0x0000000085000000, 0x0000000085000000, 0x0000000085100000|  0%| F|  |TAMS 0x0000000085000000, 0x0000000085000000| Untracked 
|  81|0x0000000085100000, 0x0000000085100000, 0x0000000085200000|  0%| F|  |TAMS 0x0000000085100000, 0x0000000085100000| Untracked 
|  82|0x0000000085200000, 0x0000000085200000, 0x0000000085300000|  0%| F|  |TAMS 0x0000000085200000, 0x0000000085200000| Untracked 
|  83|0x0000000085300000, 0x0000000085300000, 0x0000000085400000|  0%| F|  |TAMS 0x0000000085300000, 0x0000000085300000| Untracked 
|  84|0x0000000085400000, 0x0000000085400000, 0x0000000085500000|  0%| F|  |TAMS 0x0000000085400000, 0x0000000085400000| Untracked 
|  85|0x0000000085500000, 0x0000000085500000, 0x0000000085600000|  0%| F|  |TAMS 0x0000000085500000, 0x0000000085500000| Untracked 
|  86|0x0000000085600000, 0x0000000085600000, 0x0000000085700000|  0%| F|  |TAMS 0x0000000085600000, 0x0000000085600000| Untracked 
|  87|0x0000000085700000, 0x0000000085700000, 0x0000000085800000|  0%| F|  |TAMS 0x0000000085700000, 0x0000000085700000| Untracked 
|  88|0x0000000085800000, 0x0000000085800000, 0x0000000085900000|  0%| F|  |TAMS 0x0000000085800000, 0x0000000085800000| Untracked 
|  89|0x0000000085900000, 0x0000000085900000, 0x0000000085a00000|  0%| F|  |TAMS 0x0000000085900000, 0x0000000085900000| Untracked 
|  90|0x0000000085a00000, 0x0000000085a00000, 0x0000000085b00000|  0%| F|  |TAMS 0x0000000085a00000, 0x0000000085a00000| Untracked 
|  91|0x0000000085b00000, 0x0000000085b00000, 0x0000000085c00000|  0%| F|  |TAMS 0x0000000085b00000, 0x0000000085b00000| Untracked 
|  92|0x0000000085c00000, 0x0000000085c00000, 0x0000000085d00000|  0%| F|  |TAMS 0x0000000085c00000, 0x0000000085c00000| Untracked 
|  93|0x0000000085d00000, 0x0000000085d00000, 0x0000000085e00000|  0%| F|  |TAMS 0x0000000085d00000, 0x0000000085d00000| Untracked 
|  94|0x0000000085e00000, 0x0000000085e68648, 0x0000000085f00000| 40%| S|CS|TAMS 0x0000000085e00000, 0x0000000085e00000| Complete 
|  95|0x0000000085f00000, 0x0000000086000000, 0x0000000086000000|100%| S|CS|TAMS 0x0000000085f00000, 0x0000000085f00000| Complete 
|  96|0x0000000086000000, 0x0000000086100000, 0x0000000086100000|100%| S|CS|TAMS 0x0000000086000000, 0x0000000086000000| Complete 
|  97|0x0000000086100000, 0x0000000086200000, 0x0000000086200000|100%| S|CS|TAMS 0x0000000086100000, 0x0000000086100000| Complete 
|  98|0x0000000086200000, 0x0000000086200000, 0x0000000086300000|  0%| F|  |TAMS 0x0000000086200000, 0x0000000086200000| Untracked 
|  99|0x0000000086300000, 0x00000000863bca60, 0x0000000086400000| 73%| E|  |TAMS 0x0000000086300000, 0x0000000086300000| Complete 
| 100|0x0000000086400000, 0x0000000086500000, 0x0000000086500000|100%| E|CS|TAMS 0x0000000086400000, 0x0000000086400000| Complete 
| 101|0x0000000086500000, 0x0000000086600000, 0x0000000086600000|100%| E|CS|TAMS 0x0000000086500000, 0x0000000086500000| Complete 
| 102|0x0000000086600000, 0x0000000086700000, 0x0000000086700000|100%| E|CS|TAMS 0x0000000086600000, 0x0000000086600000| Complete 
| 103|0x0000000086700000, 0x0000000086800000, 0x0000000086800000|100%| E|CS|TAMS 0x0000000086700000, 0x0000000086700000| Complete 
| 104|0x0000000086800000, 0x0000000086900000, 0x0000000086900000|100%| E|CS|TAMS 0x0000000086800000, 0x0000000086800000| Complete 
| 105|0x0000000086900000, 0x0000000086a00000, 0x0000000086a00000|100%| E|CS|TAMS 0x0000000086900000, 0x0000000086900000| Complete 
| 106|0x0000000086a00000, 0x0000000086b00000, 0x0000000086b00000|100%| E|CS|TAMS 0x0000000086a00000, 0x0000000086a00000| Complete 
| 107|0x0000000086b00000, 0x0000000086c00000, 0x0000000086c00000|100%| E|CS|TAMS 0x0000000086b00000, 0x0000000086b00000| Complete 
| 108|0x0000000086c00000, 0x0000000086d00000, 0x0000000086d00000|100%| E|CS|TAMS 0x0000000086c00000, 0x0000000086c00000| Complete 
| 109|0x0000000086d00000, 0x0000000086e00000, 0x0000000086e00000|100%| E|CS|TAMS 0x0000000086d00000, 0x0000000086d00000| Complete 
| 124|0x0000000087c00000, 0x0000000087d00000, 0x0000000087d00000|100%| E|CS|TAMS 0x0000000087c00000, 0x0000000087c00000| Complete 
| 125|0x0000000087d00000, 0x0000000087e00000, 0x0000000087e00000|100%| E|CS|TAMS 0x0000000087d00000, 0x0000000087d00000| Complete 

Card table byte_map: [0x0000013562870000,0x0000013562c70000] _byte_map_base: 0x0000013562470000

Marking Bits (Prev, Next): (CMBitMap*) 0x000001354fcc7f70, (CMBitMap*) 0x000001354fcc7f30
 Prev Bits: [0x0000013565070000, 0x0000013567070000)
 Next Bits: [0x0000013563070000, 0x0000013565070000)

Polling page: 0x000001354dc00000

Metaspace:

Usage:
  Non-class:     41.66 MB used.
      Class:      6.28 MB used.
       Both:     47.94 MB used.

Virtual space:
  Non-class space:       48.00 MB reserved,      42.00 MB ( 88%) committed,  6 nodes.
      Class space:        1.00 GB reserved,       6.44 MB ( <1%) committed,  1 nodes.
             Both:        1.05 GB reserved,      48.44 MB (  5%) committed. 

Chunk freelists:
   Non-Class:  1.81 MB
       Class:  1.39 MB
        Both:  3.19 MB

MaxMetaspaceSize: unlimited
CompressedClassSpaceSize: 1.00 GB
Initial GC threshold: 21.00 MB
Current GC threshold: 78.75 MB
CDS: off
MetaspaceReclaimPolicy: balanced
 - commit_granule_bytes: 65536.
 - commit_granule_words: 8192.
 - virtual_space_node_default_size: 1048576.
 - enlarge_chunks_in_place: 1.
 - new_chunks_are_fully_committed: 0.
 - uncommit_free_chunks: 1.
 - use_allocation_guard: 0.
 - handle_deallocations: 1.


Internal statistics:

num_allocs_failed_limit: 6.
num_arena_births: 494.
num_arena_deaths: 0.
num_vsnodes_births: 7.
num_vsnodes_deaths: 0.
num_space_committed: 775.
num_space_uncommitted: 0.
num_chunks_returned_to_freelist: 6.
num_chunks_taken_from_freelist: 2017.
num_chunk_merges: 6.
num_chunk_splits: 1326.
num_chunks_enlarged: 901.
num_purges: 0.
num_inconsistent_stats: 0.

CodeHeap 'non-profiled nmethods': size=120000Kb used=1976Kb max_used=1976Kb free=118023Kb
 bounds [0x000001355ac10000, 0x000001355ae80000, 0x0000013562140000]
CodeHeap 'profiled nmethods': size=120000Kb used=8740Kb max_used=8740Kb free=111259Kb
 bounds [0x0000013553140000, 0x00000135539d0000, 0x000001355a670000]
CodeHeap 'non-nmethods': size=5760Kb used=2300Kb max_used=2351Kb free=3459Kb
 bounds [0x000001355a670000, 0x000001355a8e0000, 0x000001355ac10000]
 total_blobs=5085 nmethods=4271 adapters=726
 compilation: enabled
              stopped_count=0, restarted_count=0
 full_count=0

Compilation events (20 events):
Event: 6.672 Thread 0x000001356a463460 nmethod 4193 0x000001355397f490 code [0x000001355397f660, 0x000001355397f938]
Event: 6.672 Thread 0x000001356a463460 4194       3       org.codehaus.groovy.reflection.ClassInfo::<init> (88 bytes)
Event: 6.673 Thread 0x000001356a463460 nmethod 4194 0x000001355397fb10 code [0x000001355397fde0, 0x0000013553980fb8]
Event: 6.673 Thread 0x000001356a463460 4195       3       java.lang.ClassValue$ClassValueMap::sizeCache (51 bytes)
Event: 6.673 Thread 0x000001356a463460 nmethod 4195 0x0000013553981410 code [0x00000135539815e0, 0x0000013553981818]
Event: 6.674 Thread 0x000001356a463460 4196       3       com.google.common.collect.MapMakerInternalMap$Segment::getFirst (21 bytes)
Event: 6.675 Thread 0x000001356a463460 nmethod 4196 0x0000013553981910 code [0x0000013553981ba0, 0x0000013553982808]
Event: 6.675 Thread 0x000001356a463460 4197       1       sun.reflect.generics.tree.TypeVariableSignature::getIdentifier (5 bytes)
Event: 6.676 Thread 0x000001356a463460 nmethod 4197 0x000001355adf9e90 code [0x000001355adfa020, 0x000001355adfa0f8]
Event: 6.676 Thread 0x000001356a463460 4198       1       sun.reflect.generics.factory.CoreReflectionFactory::getScope (5 bytes)
Event: 6.676 Thread 0x000001356a463460 nmethod 4198 0x000001355adfa190 code [0x000001355adfa320, 0x000001355adfa3f8]
Event: 6.677 Thread 0x000001356a463460 4199       3       groovy.lang.MetaClassImpl::addFields (41 bytes)
Event: 6.677 Thread 0x000001356a463460 nmethod 4199 0x0000013553982c90 code [0x0000013553982e80, 0x0000013553983578]
Event: 6.677 Thread 0x000001356a463460 4200       3       org.codehaus.groovy.reflection.CachedClass::getFields (11 bytes)
Event: 6.677 Thread 0x000001356a463460 nmethod 4200 0x0000013553983890 code [0x0000013553983a40, 0x0000013553983ce8]
Event: 6.677 Thread 0x000001356a463460 4201       3       groovy.lang.MetaClassImpl$Index::put (10 bytes)
Event: 6.677 Thread 0x000001356a463460 nmethod 4201 0x0000013553983e10 code [0x0000013553983fc0, 0x00000135539841e8]
Event: 6.678 Thread 0x000001356a463460 4202       3       java.lang.Class::getConstructor0 (83 bytes)
Event: 6.678 Thread 0x000001356a463460 nmethod 4202 0x0000013553984310 code [0x0000013553984580, 0x0000013553984fd8]
Event: 6.682 Thread 0x000001356a463460 4203       3       org.codehaus.groovy.reflection.ClassInfo$LazyCachedClassRef::initValue (5 bytes)

GC Heap History (20 events):
Event: 3.509 GC heap before
{Heap before GC invocations=7 (full 0):
 garbage-first heap   total 71680K, used 44232K [0x0000000080000000, 0x0000000100000000)
  region size 1024K, 5 young (5120K), 4 survivors (4096K)
 Metaspace       used 29284K, committed 29632K, reserved 1081344K
  class space    used 3977K, committed 4160K, reserved 1048576K
}
Event: 3.512 GC heap after
{Heap after GC invocations=8 (full 0):
 garbage-first heap   total 100352K, used 44148K [0x0000000080000000, 0x0000000100000000)
  region size 1024K, 1 young (1024K), 1 survivors (1024K)
 Metaspace       used 29284K, committed 29632K, reserved 1081344K
  class space    used 3977K, committed 4160K, reserved 1048576K
}
Event: 4.516 GC heap before
{Heap before GC invocations=8 (full 0):
 garbage-first heap   total 100352K, used 77940K [0x0000000080000000, 0x0000000100000000)
  region size 1024K, 33 young (33792K), 1 survivors (1024K)
 Metaspace       used 33487K, committed 33856K, reserved 1081344K
  class space    used 4647K, committed 4800K, reserved 1048576K
}
Event: 4.519 GC heap after
{Heap after GC invocations=9 (full 0):
 garbage-first heap   total 100352K, used 48906K [0x0000000080000000, 0x0000000100000000)
  region size 1024K, 3 young (3072K), 3 survivors (3072K)
 Metaspace       used 33487K, committed 33856K, reserved 1081344K
  class space    used 4647K, committed 4800K, reserved 1048576K
}
Event: 4.754 GC heap before
{Heap before GC invocations=9 (full 0):
 garbage-first heap   total 100352K, used 61194K [0x0000000080000000, 0x0000000100000000)
  region size 1024K, 16 young (16384K), 3 survivors (3072K)
 Metaspace       used 35912K, committed 36288K, reserved 1081344K
  class space    used 5008K, committed 5184K, reserved 1048576K
}
Event: 4.757 GC heap after
{Heap after GC invocations=10 (full 0):
 garbage-first heap   total 100352K, used 49757K [0x0000000080000000, 0x0000000100000000)
  region size 1024K, 1 young (1024K), 1 survivors (1024K)
 Metaspace       used 35912K, committed 36288K, reserved 1081344K
  class space    used 5008K, committed 5184K, reserved 1048576K
}
Event: 5.639 GC heap before
{Heap before GC invocations=11 (full 0):
 garbage-first heap   total 100352K, used 80477K [0x0000000080000000, 0x0000000100000000)
  region size 1024K, 31 young (31744K), 1 survivors (1024K)
 Metaspace       used 41618K, committed 42048K, reserved 1089536K
  class space    used 5568K, committed 5760K, reserved 1048576K
}
Event: 5.643 GC heap after
{Heap after GC invocations=12 (full 0):
 garbage-first heap   total 100352K, used 54046K [0x0000000080000000, 0x0000000100000000)
  region size 1024K, 4 young (4096K), 4 survivors (4096K)
 Metaspace       used 41618K, committed 42048K, reserved 1089536K
  class space    used 5568K, committed 5760K, reserved 1048576K
}
Event: 5.650 GC heap before
{Heap before GC invocations=12 (full 0):
 garbage-first heap   total 100352K, used 55070K [0x0000000080000000, 0x0000000100000000)
  region size 1024K, 5 young (5120K), 4 survivors (4096K)
 Metaspace       used 41619K, committed 42048K, reserved 1089536K
  class space    used 5568K, committed 5760K, reserved 1048576K
}
Event: 5.653 GC heap after
{Heap after GC invocations=13 (full 0):
 garbage-first heap   total 100352K, used 54279K [0x0000000080000000, 0x0000000100000000)
  region size 1024K, 1 young (1024K), 1 survivors (1024K)
 Metaspace       used 41619K, committed 42048K, reserved 1089536K
  class space    used 5568K, committed 5760K, reserved 1048576K
}
Event: 5.737 GC heap before
{Heap before GC invocations=13 (full 0):
 garbage-first heap   total 100352K, used 63495K [0x0000000080000000, 0x0000000100000000)
  region size 1024K, 12 young (12288K), 1 survivors (1024K)
 Metaspace       used 42095K, committed 42560K, reserved 1089536K
  class space    used 5613K, committed 5824K, reserved 1048576K
}
Event: 5.739 GC heap after
{Heap after GC invocations=14 (full 0):
 garbage-first heap   total 100352K, used 55830K [0x0000000080000000, 0x0000000100000000)
  region size 1024K, 3 young (3072K), 3 survivors (3072K)
 Metaspace       used 42095K, committed 42560K, reserved 1089536K
  class space    used 5613K, committed 5824K, reserved 1048576K
}
Event: 6.239 GC heap before
{Heap before GC invocations=15 (full 0):
 garbage-first heap   total 102400K, used 82454K [0x0000000080000000, 0x0000000100000000)
  region size 1024K, 26 young (26624K), 3 survivors (3072K)
 Metaspace       used 45875K, committed 46336K, reserved 1089536K
  class space    used 6075K, committed 6272K, reserved 1048576K
}
Event: 6.243 GC heap after
{Heap after GC invocations=16 (full 0):
 garbage-first heap   total 102400K, used 56787K [0x0000000080000000, 0x0000000100000000)
  region size 1024K, 3 young (3072K), 3 survivors (3072K)
 Metaspace       used 45875K, committed 46336K, reserved 1089536K
  class space    used 6075K, committed 6272K, reserved 1048576K
}
Event: 6.273 GC heap before
{Heap before GC invocations=16 (full 0):
 garbage-first heap   total 102400K, used 58835K [0x0000000080000000, 0x0000000100000000)
  region size 1024K, 5 young (5120K), 3 survivors (3072K)
 Metaspace       used 46093K, committed 46464K, reserved 1089536K
  class space    used 6111K, committed 6272K, reserved 1048576K
}
Event: 6.278 GC heap after
{Heap after GC invocations=17 (full 0):
 garbage-first heap   total 102400K, used 56663K [0x0000000080000000, 0x0000000100000000)
  region size 1024K, 1 young (1024K), 1 survivors (1024K)
 Metaspace       used 46093K, committed 46464K, reserved 1089536K
  class space    used 6111K, committed 6272K, reserved 1048576K
}
Event: 6.432 GC heap before
{Heap before GC invocations=17 (full 0):
 garbage-first heap   total 102400K, used 61783K [0x0000000080000000, 0x0000000100000000)
  region size 1024K, 7 young (7168K), 1 survivors (1024K)
 Metaspace       used 46504K, committed 46976K, reserved 1097728K
  class space    used 6180K, committed 6400K, reserved 1048576K
}
Event: 6.434 GC heap after
{Heap after GC invocations=18 (full 0):
 garbage-first heap   total 102400K, used 57307K [0x0000000080000000, 0x0000000100000000)
  region size 1024K, 2 young (2048K), 2 survivors (2048K)
 Metaspace       used 46504K, committed 46976K, reserved 1097728K
  class space    used 6180K, committed 6400K, reserved 1048576K
}
Event: 6.597 GC heap before
{Heap before GC invocations=19 (full 0):
 garbage-first heap   total 111616K, used 72667K [0x0000000080000000, 0x0000000100000000)
  region size 1024K, 13 young (13312K), 2 survivors (2048K)
 Metaspace       used 47223K, committed 47680K, reserved 1097728K
  class space    used 6262K, committed 6464K, reserved 1048576K
}
Event: 6.599 GC heap after
{Heap after GC invocations=20 (full 0):
 garbage-first heap   total 111616K, used 65741K [0x0000000080000000, 0x0000000100000000)
  region size 1024K, 4 young (4096K), 4 survivors (4096K)
 Metaspace       used 47223K, committed 47680K, reserved 1097728K
  class space    used 6262K, committed 6464K, reserved 1048576K
}

Dll operation events (2 events):
Event: 0.008 Loaded shared library F:\Android Studio\jbr\bin\java.dll
Event: 0.291 Loaded shared library F:\Android Studio\jbr\bin\verify.dll

Deoptimization events (20 events):
Event: 6.089 Thread 0x000001356c825ca0 Uncommon trap: trap_request=0xffffff45 fr.pc=0x000001355ada053c relative=0x000000000000011c
Event: 6.089 Thread 0x000001356c825ca0 Uncommon trap: reason=unstable_if action=reinterpret pc=0x000001355ada053c method=java.util.Arrays.hashCode([Ljava/lang/Object;)I @ 34 c2
Event: 6.089 Thread 0x000001356c825ca0 DEOPT PACKING pc=0x000001355ada053c sp=0x0000000f7c9f7d10
Event: 6.089 Thread 0x000001356c825ca0 DEOPT UNPACKING pc=0x000001355a6c69a3 sp=0x0000000f7c9f7c88 mode 2
Event: 6.094 Thread 0x000001356c825ca0 DEOPT PACKING pc=0x0000013553816b15 sp=0x0000000f7c9f5010
Event: 6.094 Thread 0x000001356c825ca0 DEOPT UNPACKING pc=0x000001355a6c7143 sp=0x0000000f7c9f4498 mode 0
Event: 6.438 Thread 0x000001356c825ca0 DEOPT PACKING pc=0x00000135531f6a13 sp=0x0000000f7c9f8c00
Event: 6.438 Thread 0x000001356c825ca0 DEOPT UNPACKING pc=0x000001355a6c7143 sp=0x0000000f7c9f8190 mode 0
Event: 6.441 Thread 0x000001356c825ca0 DEOPT PACKING pc=0x00000135531eb943 sp=0x0000000f7c9f8f60
Event: 6.441 Thread 0x000001356c825ca0 DEOPT UNPACKING pc=0x000001355a6c7143 sp=0x0000000f7c9f8480 mode 0
Event: 6.447 Thread 0x000001356c825ca0 DEOPT PACKING pc=0x00000135531f6a13 sp=0x0000000f7c9f8c00
Event: 6.447 Thread 0x000001356c825ca0 DEOPT UNPACKING pc=0x000001355a6c7143 sp=0x0000000f7c9f8190 mode 0
Event: 6.455 Thread 0x000001356c825ca0 Uncommon trap: trap_request=0xffffff45 fr.pc=0x000001355ad3f35c relative=0x00000000000044bc
Event: 6.455 Thread 0x000001356c825ca0 Uncommon trap: reason=unstable_if action=reinterpret pc=0x000001355ad3f35c method=java.lang.StringLatin1.regionMatchesCI([BI[BII)Z @ 72 c2
Event: 6.455 Thread 0x000001356c825ca0 DEOPT PACKING pc=0x000001355ad3f35c sp=0x0000000f7c9f9510
Event: 6.455 Thread 0x000001356c825ca0 DEOPT UNPACKING pc=0x000001355a6c69a3 sp=0x0000000f7c9f92c8 mode 2
Event: 6.455 Thread 0x000001356c825ca0 Uncommon trap: trap_request=0xffffff45 fr.pc=0x000001355acdd5d4 relative=0x0000000000000694
Event: 6.455 Thread 0x000001356c825ca0 Uncommon trap: reason=unstable_if action=reinterpret pc=0x000001355acdd5d4 method=java.lang.StringLatin1.regionMatchesCI([BI[BII)Z @ 72 c2
Event: 6.455 Thread 0x000001356c825ca0 DEOPT PACKING pc=0x000001355acdd5d4 sp=0x0000000f7c9f9390
Event: 6.455 Thread 0x000001356c825ca0 DEOPT UNPACKING pc=0x000001355a6c69a3 sp=0x0000000f7c9f9258 mode 2

Classes unloaded (0 events):
No events

Classes redefined (0 events):
No events

Internal exceptions (20 events):
Event: 6.550 Thread 0x000001356c825ca0 Exception <a 'java/lang/ClassNotFoundException'{0x00000000865182a8}: java/security/SecureClassLoaderBeanInfo> (0x00000000865182a8) 
thrown [s\src\hotspot\share\classfile\systemDictionary.cpp, line 256]
Event: 6.550 Thread 0x000001356c825ca0 Exception <a 'java/lang/ClassNotFoundException'{0x0000000086520870}: java/lang/ClassLoaderBeanInfo> (0x0000000086520870) 
thrown [s\src\hotspot\share\classfile\systemDictionary.cpp, line 256]
Event: 6.550 Thread 0x000001356c825ca0 Exception <a 'java/lang/ClassNotFoundException'{0x0000000086528e08}: java/lang/ClassLoaderCustomizer> (0x0000000086528e08) 
thrown [s\src\hotspot\share\classfile\systemDictionary.cpp, line 256]
Event: 6.551 Thread 0x000001356c825ca0 Exception <a 'java/lang/ClassNotFoundException'{0x000000008653e6a0}: java/security/SecureClassLoaderCustomizer> (0x000000008653e6a0) 
thrown [s\src\hotspot\share\classfile\systemDictionary.cpp, line 256]
Event: 6.551 Thread 0x000001356c825ca0 Exception <a 'java/lang/ClassNotFoundException'{0x0000000086548cc8}: java/net/URLClassLoaderCustomizer> (0x0000000086548cc8) 
thrown [s\src\hotspot\share\classfile\systemDictionary.cpp, line 256]
Event: 6.553 Thread 0x000001356c825ca0 Exception <a 'java/lang/ClassNotFoundException'{0x0000000086564a28}: org/gradle/internal/classloader/VisitableURLClassLoaderCustomizer> (0x0000000086564a28) 
thrown [s\src\hotspot\share\classfile\systemDictionary.cpp, line 256]
Event: 6.556 Thread 0x000001356c825ca0 Exception <a 'java/lang/ClassNotFoundException'{0x000000008659b670}: org/jetbrains/plugins/gradle/tooling/internal/ExtraModelBuilder$ForGradle44BeanInfo> (0x000000008659b670) 
thrown [s\src\hotspot\share\classfile\systemDictionary.cpp, line 256]
Event: 6.557 Thread 0x000001356c825ca0 Exception <a 'java/lang/ClassNotFoundException'{0x00000000865a6670}: org/jetbrains/plugins/gradle/tooling/internal/ExtraModelBuilder$ForGradle44Customizer> (0x00000000865a6670) 
thrown [s\src\hotspot\share\classfile\systemDictionary.cpp, line 256]
Event: 6.647 Thread 0x000001356c825ca0 Exception <a 'java/lang/ClassNotFoundException'{0x0000000087cbd0b0}: org/jetbrains/plugins/gradle/tooling/builder/WarModelBuilderImplBeanInfo> (0x0000000087cbd0b0) 
thrown [s\src\hotspot\share\classfile\systemDictionary.cpp, line 256]
Event: 6.647 Thread 0x000001356c825ca0 Exception <a 'java/lang/ClassNotFoundException'{0x0000000087cc8f68}: org/jetbrains/plugins/gradle/tooling/AbstractModelBuilderServiceBeanInfo> (0x0000000087cc8f68) 
thrown [s\src\hotspot\share\classfile\systemDictionary.cpp, line 256]
Event: 6.647 Thread 0x000001356c825ca0 Exception <a 'java/lang/ClassNotFoundException'{0x0000000087cd4410}: org/jetbrains/plugins/gradle/tooling/AbstractModelBuilderServiceCustomizer> (0x0000000087cd4410) 
thrown [s\src\hotspot\share\classfile\systemDictionary.cpp, line 256]
Event: 6.648 Thread 0x000001356c825ca0 Exception <a 'java/lang/ClassNotFoundException'{0x0000000087ce2568}: org/jetbrains/plugins/gradle/tooling/builder/WarModelBuilderImplCustomizer> (0x0000000087ce2568) 
thrown [s\src\hotspot\share\classfile\systemDictionary.cpp, line 256]
Event: 6.653 Thread 0x000001356c825ca0 Exception <a 'java/lang/ClassNotFoundException'{0x0000000086d3dfa0}: org/jetbrains/plugins/gradle/tooling/builder/EarModelBuilderImplBeanInfo> (0x0000000086d3dfa0) 
thrown [s\src\hotspot\share\classfile\systemDictionary.cpp, line 256]
Event: 6.653 Thread 0x000001356c825ca0 Exception <a 'java/lang/ClassNotFoundException'{0x0000000086d49448}: org/jetbrains/plugins/gradle/tooling/builder/EarModelBuilderImplCustomizer> (0x0000000086d49448) 
thrown [s\src\hotspot\share\classfile\systemDictionary.cpp, line 256]
Event: 6.662 Thread 0x000001356c825ca0 Exception <a 'java/lang/ClassNotFoundException'{0x0000000086dff4c8}: org/jetbrains/plugins/gradle/tooling/builder/ScalaModelBuilderImplBeanInfo> (0x0000000086dff4c8) 
thrown [s\src\hotspot\share\classfile\systemDictionary.cpp, line 256]
Event: 6.663 Thread 0x000001356c825ca0 Exception <a 'java/lang/ClassNotFoundException'{0x0000000086c0aee0}: org/jetbrains/plugins/gradle/tooling/builder/ScalaModelBuilderImplCustomizer> (0x0000000086c0aee0) 
thrown [s\src\hotspot\share\classfile\systemDictionary.cpp, line 256]
Event: 6.668 Thread 0x000001356c825ca0 Exception <a 'java/lang/ClassNotFoundException'{0x0000000086c67f40}: org/jetbrains/plugins/gradle/tooling/builder/ExternalProjectBuilderImpl$1BeanInfo> (0x0000000086c67f40) 
thrown [s\src\hotspot\share\classfile\systemDictionary.cpp, line 256]
Event: 6.669 Thread 0x000001356c825ca0 Exception <a 'java/lang/ClassNotFoundException'{0x0000000086c73488}: org/jetbrains/plugins/gradle/tooling/builder/ExternalProjectBuilderImpl$1Customizer> (0x0000000086c73488) 
thrown [s\src\hotspot\share\classfile\systemDictionary.cpp, line 256]
Event: 6.675 Thread 0x000001356c825ca0 Exception <a 'java/lang/ClassNotFoundException'{0x0000000086cd4d70}: org/jetbrains/plugins/gradle/tooling/builder/ExternalProjectBuilderImplBeanInfo> (0x0000000086cd4d70) 
thrown [s\src\hotspot\share\classfile\systemDictionary.cpp, line 256]
Event: 6.675 Thread 0x000001356c825ca0 Exception <a 'java/lang/ClassNotFoundException'{0x0000000086ce02a0}: org/jetbrains/plugins/gradle/tooling/builder/ExternalProjectBuilderImplCustomizer> (0x0000000086ce02a0) 
thrown [s\src\hotspot\share\classfile\systemDictionary.cpp, line 256]

VM Operations (20 events):
Event: 6.080 Executing VM operation: HandshakeAllThreads
Event: 6.080 Executing VM operation: HandshakeAllThreads done
Event: 6.080 Executing VM operation: HandshakeAllThreads
Event: 6.080 Executing VM operation: HandshakeAllThreads done
Event: 6.239 Executing VM operation: G1CollectForAllocation
Event: 6.243 Executing VM operation: G1CollectForAllocation done
Event: 6.273 Executing VM operation: G1CollectForAllocation
Event: 6.278 Executing VM operation: G1CollectForAllocation done
Event: 6.432 Executing VM operation: G1TryInitiateConcMark
Event: 6.434 Executing VM operation: G1TryInitiateConcMark done
Event: 6.461 Executing VM operation: G1Concurrent
Event: 6.464 Executing VM operation: G1Concurrent done
Event: 6.474 Executing VM operation: G1Concurrent
Event: 6.474 Executing VM operation: G1Concurrent done
Event: 6.597 Executing VM operation: G1TryInitiateConcMark
Event: 6.599 Executing VM operation: G1TryInitiateConcMark done
Event: 6.624 Executing VM operation: G1Concurrent
Event: 6.626 Executing VM operation: G1Concurrent done
Event: 6.639 Executing VM operation: G1Concurrent
Event: 6.639 Executing VM operation: G1Concurrent done

Events (20 events):
Event: 6.549 loading class java/security/SecureClassLoaderBeanInfo
Event: 6.549 loading class java/security/SecureClassLoaderBeanInfo done
Event: 6.550 loading class java/security/SecureClassLoaderBeanInfo
Event: 6.550 loading class java/security/SecureClassLoaderBeanInfo done
Event: 6.550 loading class java/lang/ClassLoaderBeanInfo
Event: 6.550 loading class java/lang/ClassLoaderBeanInfo done
Event: 6.550 loading class java/lang/ClassLoaderBeanInfo
Event: 6.550 loading class java/lang/ClassLoaderBeanInfo done
Event: 6.550 loading class java/lang/ClassLoaderCustomizer
Event: 6.550 loading class java/lang/ClassLoaderCustomizer done
Event: 6.550 loading class java/lang/ClassLoaderCustomizer
Event: 6.550 loading class java/lang/ClassLoaderCustomizer done
Event: 6.551 loading class java/security/SecureClassLoaderCustomizer
Event: 6.551 loading class java/security/SecureClassLoaderCustomizer done
Event: 6.551 loading class java/security/SecureClassLoaderCustomizer
Event: 6.551 loading class java/security/SecureClassLoaderCustomizer done
Event: 6.551 loading class java/net/URLClassLoaderCustomizer
Event: 6.551 loading class java/net/URLClassLoaderCustomizer done
Event: 6.551 loading class java/net/URLClassLoaderCustomizer
Event: 6.551 loading class java/net/URLClassLoaderCustomizer done


Dynamic libraries:
0x00007ff7a6f50000 - 0x00007ff7a6f5a000 	F:\Android Studio\jbr\bin\java.exe
0x00007ffec8210000 - 0x00007ffec8408000 	C:\WINDOWS\SYSTEM32\ntdll.dll
0x00007ffec6f70000 - 0x00007ffec702f000 	C:\WINDOWS\System32\KERNEL32.DLL
0x00007ffec5a90000 - 0x00007ffec5d86000 	C:\WINDOWS\System32\KERNELBASE.dll
0x00007ffec5f20000 - 0x00007ffec6020000 	C:\WINDOWS\System32\ucrtbase.dll
0x00007ffea76e0000 - 0x00007ffea76f7000 	F:\Android Studio\jbr\bin\jli.dll
0x00007ffebaf70000 - 0x00007ffebaf8b000 	F:\Android Studio\jbr\bin\VCRUNTIME140.dll
0x00007ffec7230000 - 0x00007ffec73cd000 	C:\WINDOWS\System32\USER32.dll
0x00007ffec5d90000 - 0x00007ffec5db2000 	C:\WINDOWS\System32\win32u.dll
0x00007ffec6ad0000 - 0x00007ffec6afc000 	C:\WINDOWS\System32\GDI32.dll
0x00007ffec6020000 - 0x00007ffec6135000 	C:\WINDOWS\System32\gdi32full.dll
0x00007ffec6140000 - 0x00007ffec61dd000 	C:\WINDOWS\System32\msvcp_win.dll
0x00007ffea5dc0000 - 0x00007ffea605a000 	C:\WINDOWS\WinSxS\amd64_microsoft.windows.common-controls_6595b64144ccf1df_6.0.19041.1110_none_60b5254171f9507e\COMCTL32.dll
0x00007ffec7190000 - 0x00007ffec722e000 	C:\WINDOWS\System32\msvcrt.dll
0x00007ffec7910000 - 0x00007ffec7940000 	C:\WINDOWS\System32\IMM32.DLL
0x00007ffebc960000 - 0x00007ffebc96c000 	F:\Android Studio\jbr\bin\vcruntime140_1.dll
0x00007ffea78a0000 - 0x00007ffea792d000 	F:\Android Studio\jbr\bin\msvcp140.dll
0x00007ffe80410000 - 0x00007ffe8107e000 	F:\Android Studio\jbr\bin\server\jvm.dll
0x00007ffec6a20000 - 0x00007ffec6acf000 	C:\WINDOWS\System32\ADVAPI32.dll
0x00007ffec7800000 - 0x00007ffec789c000 	C:\WINDOWS\System32\sechost.dll
0x00007ffec80a0000 - 0x00007ffec81c6000 	C:\WINDOWS\System32\RPCRT4.dll
0x00007ffebc9b0000 - 0x00007ffebc9b9000 	C:\WINDOWS\SYSTEM32\WSOCK32.dll
0x00007ffea76b0000 - 0x00007ffea76d7000 	C:\WINDOWS\SYSTEM32\WINMM.dll
0x00007ffeb6030000 - 0x00007ffeb603a000 	C:\WINDOWS\SYSTEM32\VERSION.dll
0x00007ffec7e20000 - 0x00007ffec7e8b000 	C:\WINDOWS\System32\WS2_32.dll
0x00007ffec4120000 - 0x00007ffec4132000 	C:\WINDOWS\SYSTEM32\kernel.appcore.dll
0x00007ffebd270000 - 0x00007ffebd27a000 	F:\Android Studio\jbr\bin\jimage.dll
0x00007ffec36a0000 - 0x00007ffec3884000 	C:\WINDOWS\SYSTEM32\DBGHELP.DLL
0x00007ffeabf30000 - 0x00007ffeabf64000 	C:\WINDOWS\SYSTEM32\dbgcore.DLL
0x00007ffec61e0000 - 0x00007ffec6262000 	C:\WINDOWS\System32\bcryptPrimitives.dll
0x00007ffea74b0000 - 0x00007ffea74d5000 	F:\Android Studio\jbr\bin\java.dll
0x00007ffeb88f0000 - 0x00007ffeb8908000 	F:\Android Studio\jbr\bin\zip.dll
0x00007ffec62d0000 - 0x00007ffec6a14000 	C:\WINDOWS\System32\SHELL32.dll
0x00007ffec3970000 - 0x00007ffec4103000 	C:\WINDOWS\SYSTEM32\windows.storage.dll
0x00007ffec73d0000 - 0x00007ffec7724000 	C:\WINDOWS\System32\combase.dll
0x00007ffec5330000 - 0x00007ffec535e000 	C:\WINDOWS\SYSTEM32\Wldp.dll
0x00007ffec7050000 - 0x00007ffec70fd000 	C:\WINDOWS\System32\SHCORE.dll
0x00007ffec7a80000 - 0x00007ffec7ad5000 	C:\WINDOWS\System32\shlwapi.dll
0x00007ffec5820000 - 0x00007ffec5845000 	C:\WINDOWS\SYSTEM32\profapi.dll
0x00007ffea7e00000 - 0x00007ffea7e19000 	F:\Android Studio\jbr\bin\net.dll
0x00007ffeb7580000 - 0x00007ffeb768a000 	C:\WINDOWS\SYSTEM32\WINHTTP.dll
0x00007ffec5090000 - 0x00007ffec50fa000 	C:\WINDOWS\system32\mswsock.dll
0x00007ffea77b0000 - 0x00007ffea77c6000 	F:\Android Studio\jbr\bin\nio.dll
0x00007ffebd250000 - 0x00007ffebd260000 	F:\Android Studio\jbr\bin\verify.dll
0x00007ffebc450000 - 0x00007ffebc477000 	C:\Users\Zunair\.gradle\native\68d5fa5c4cc2d200863cafc0d521ce42e7d3e7ee720ec0a83991735586a16f82\windows-amd64\native-platform.dll
0x00007ffe908a0000 - 0x00007ffe909e4000 	C:\Users\Zunair\.gradle\native\e376f236ea51e6404a007f0833ffe2c6e607c4080706a723a18a27aeea778392\windows-amd64\native-platform-file-events.dll
0x00007ffebcac0000 - 0x00007ffebcac9000 	F:\Android Studio\jbr\bin\management.dll
0x00007ffebae10000 - 0x00007ffebae1b000 	F:\Android Studio\jbr\bin\management_ext.dll
0x00007ffec7940000 - 0x00007ffec7948000 	C:\WINDOWS\System32\PSAPI.DLL
0x00007ffec5290000 - 0x00007ffec52a8000 	C:\WINDOWS\SYSTEM32\CRYPTSP.dll
0x00007ffec4930000 - 0x00007ffec4964000 	C:\WINDOWS\system32\rsaenh.dll
0x00007ffec5a10000 - 0x00007ffec5a37000 	C:\WINDOWS\System32\bcrypt.dll
0x00007ffec57e0000 - 0x00007ffec580e000 	C:\WINDOWS\SYSTEM32\USERENV.dll
0x00007ffec5280000 - 0x00007ffec528c000 	C:\WINDOWS\SYSTEM32\CRYPTBASE.dll
0x00007ffec4d30000 - 0x00007ffec4d6b000 	C:\WINDOWS\SYSTEM32\IPHLPAPI.DLL
0x00007ffec7e10000 - 0x00007ffec7e18000 	C:\WINDOWS\System32\NSI.dll
0x00007ffeb93c0000 - 0x00007ffeb93d7000 	C:\WINDOWS\SYSTEM32\dhcpcsvc6.DLL
0x00007ffeb9360000 - 0x00007ffeb937d000 	C:\WINDOWS\SYSTEM32\dhcpcsvc.DLL
0x00007ffec4d70000 - 0x00007ffec4e3a000 	C:\WINDOWS\SYSTEM32\DNSAPI.dll
0x00007ffe45d20000 - 0x00007ffe45d27000 	C:\WINDOWS\system32\wshunix.dll

dbghelp: loaded successfully - version: 4.0.5 - missing functions: none
symbol engine: initialized successfully - sym options: 0x614 - pdb path: .;F:\Android Studio\jbr\bin;C:\WINDOWS\SYSTEM32;C:\WINDOWS\WinSxS\amd64_microsoft.windows.common-controls_6595b64144ccf1df_6.0.19041.1110_none_60b5254171f9507e;F:\Android Studio\jbr\bin\server;C:\Users\Zunair\.gradle\native\68d5fa5c4cc2d200863cafc0d521ce42e7d3e7ee720ec0a83991735586a16f82\windows-amd64;C:\Users\Zunair\.gradle\native\e376f236ea51e6404a007f0833ffe2c6e607c4080706a723a18a27aeea778392\windows-amd64

VM Arguments:
jvm_args: --add-opens=java.base/java.util=ALL-UNNAMED --add-opens=java.base/java.lang=ALL-UNNAMED --add-opens=java.base/java.lang.invoke=ALL-UNNAMED --add-opens=java.prefs/java.util.prefs=ALL-UNNAMED --add-opens=java.base/java.nio.charset=ALL-UNNAMED --add-opens=java.base/java.net=ALL-UNNAMED --add-opens=java.base/java.util.concurrent.atomic=ALL-UNNAMED -Xmx2048m -Dfile.encoding=UTF-8 -Duser.country=US -Duser.language=en -Duser.variant 
java_command: org.gradle.launcher.daemon.bootstrap.GradleDaemon 8.0
java_class_path (initial): C:\Users\Zunair\.gradle\wrapper\dists\gradle-8.0-bin\ca5e32bp14vu59qr306oxotwh\gradle-8.0\lib\gradle-launcher-8.0.jar
Launcher Type: SUN_STANDARD

[Global flags]
     intx CICompilerCount                          = 4                                         {product} {ergonomic}
     uint ConcGCThreads                            = 2                                         {product} {ergonomic}
     uint G1ConcRefinementThreads                  = 8                                         {product} {ergonomic}
   size_t G1HeapRegionSize                         = 1048576                                   {product} {ergonomic}
    uintx GCDrainStackTargetSize                   = 64                                        {product} {ergonomic}
   size_t InitialHeapSize                          = 132120576                                 {product} {ergonomic}
   size_t MarkStackSize                            = 4194304                                   {product} {ergonomic}
   size_t MaxHeapSize                              = 2147483648                                {product} {command line}
   size_t MaxNewSize                               = 1287651328                                {product} {ergonomic}
   size_t MinHeapDeltaBytes                        = 1048576                                   {product} {ergonomic}
   size_t MinHeapSize                              = 8388608                                   {product} {ergonomic}
    uintx NonNMethodCodeHeapSize                   = 5839372                                {pd product} {ergonomic}
    uintx NonProfiledCodeHeapSize                  = 122909434                              {pd product} {ergonomic}
    uintx ProfiledCodeHeapSize                     = 122909434                              {pd product} {ergonomic}
    uintx ReservedCodeCacheSize                    = 251658240                              {pd product} {ergonomic}
     bool SegmentedCodeCache                       = true                                      {product} {ergonomic}
   size_t SoftMaxHeapSize                          = 2147483648                             {manageable} {ergonomic}
     bool UseCompressedClassPointers               = true                           {product lp64_product} {ergonomic}
     bool UseCompressedOops                        = true                           {product lp64_product} {ergonomic}
     bool UseG1GC                                  = true                                      {product} {ergonomic}
     bool UseLargePagesIndividualAllocation        = false                                  {pd product} {ergonomic}

Logging:
Log output configuration:
 #0: stdout all=warning uptime,level,tags
 #1: stderr all=off uptime,level,tags

Environment Variables:
JAVA_HOME=C:\Program Files\Java\jdk1.8.0_66
PATH=C:\Program Files\Java\jdk1.8.0_66\bin;C:\Program Files\Common Files\Oracle\Java\javapath;C:\ProgramData\Oracle\Java\javapath;C:\WINDOWS\system32;C:\WINDOWS;C:\WINDOWS\System32\Wbem;C:\WINDOWS\System32\WindowsPowerShell\v1.0\;C:\WINDOWS\System32\OpenSSH\;C:\Program Files (x86)\Windows Kits\8.1\Windows Performance Toolkit\;C:\Program Files\Microsoft SQL Server\120\Tools\Binn\;C:\Program Files\Microsoft SQL Server\130\Tools\Binn\;C:\Program Files\dotnet\;C:\Users\Zunair\AppData\Local\Microsoft\WindowsApps;C:\Users\Zunair\IntelliJ IDEA Community Edition 2020.3.3\bin;;C:\Users\Zunair\AppData\Local\Programs\Python\Python38\Scripts;
USERNAME=Zunair Personal
OS=Windows_NT
PROCESSOR_IDENTIFIER=Intel64 Family 6 Model 142 Stepping 11, GenuineIntel
TMP=C:\Users\Zunair\AppData\Local\Temp
TEMP=C:\Users\Zunair\AppData\Local\Temp


JNI global refs:
JNI global refs: 24, weak refs: 4

JNI global refs memory usage: 843, weak refs: 841


---------------  S Y S T E M  ---------------

OS:
 Windows 10 , 64 bit Build 19041 (10.0.19041.3155)
OS uptime: 0 days 10:52 hours

CPU: total 8 (initial active 8) (4 cores per cpu, 2 threads per core) family 6 model 142 stepping 11 microcode 0xf0, cx8, cmov, fxsr, ht, mmx, 3dnowpref, sse, sse2, sse3, ssse3, sse4.1, sse4.2, popcnt, lzcnt, tsc, tscinvbit, avx, avx2, aes, erms, clmul, bmi1, bmi2, adx, fma, vzeroupper, clflush, clflushopt

Memory: 4k page, system-wide physical 8062M (258M free)
TotalPageFile size 32638M (AvailPageFile size 3M)
current process WorkingSet (physical memory assigned to process): 251M, peak: 251M
current process commit charge ("private bytes"): 287M, peak: 287M

vm_info: OpenJDK 64-Bit Server VM (17.0.6+0-b2043.56-10027231) for windows-amd64 JRE (17.0.6+0-b2043.56-10027231), built on Apr 28 2023 00:43:19 by "androidbuild" with MS VC++ 16.10 / 16.11 (VS2019)

END.
